<?xml version="1.0" encoding="UTF-8"?>
<testsuites>
  <testsuite name="C:\Users\Ace Arthur\OneDrive\Documents\GitHub\Ethics-Certification-Research-Application-Tracking-System\phpunit.xml" tests="300" assertions="3919" errors="1" failures="14" skipped="0" time="110.572230">
    <testsuite name="Unit" tests="17" assertions="63" errors="0" failures="0" skipped="0" time="0.563751">
      <testsuite name="Tests\Unit\ApplicationDocumentTest" file="C:\Users\Ace Arthur\OneDrive\Documents\GitHub\Ethics-Certification-Research-Application-Tracking-System\tests\Unit\ApplicationDocumentTest.php" tests="8" assertions="24" errors="0" failures="0" skipped="0" time="0.038022">
        <testsuite name="Tests\Unit\ApplicationDocumentTest::test_preview_behavior_uses_the_server_verified_mime_type" tests="8" assertions="24" errors="0" failures="0" skipped="0" time="0.038022">
          <testcase name="test_preview_behavior_uses_the_server_verified_mime_type with data set &quot;PDF&quot;" file="C:\Users\Ace Arthur\OneDrive\Documents\GitHub\Ethics-Certification-Research-Application-Tracking-System\tests\Unit\ApplicationDocumentTest.php" line="12" class="Tests\Unit\ApplicationDocumentTest" classname="Tests.Unit.ApplicationDocumentTest" assertions="3" time="0.028722"/>
          <testcase name="test_preview_behavior_uses_the_server_verified_mime_type with data set &quot;Word DOC&quot;" file="C:\Users\Ace Arthur\OneDrive\Documents\GitHub\Ethics-Certification-Research-Application-Tracking-System\tests\Unit\ApplicationDocumentTest.php" line="12" class="Tests\Unit\ApplicationDocumentTest" classname="Tests.Unit.ApplicationDocumentTest" assertions="3" time="0.001421"/>
          <testcase name="test_preview_behavior_uses_the_server_verified_mime_type with data set &quot;Word DOCX&quot;" file="C:\Users\Ace Arthur\OneDrive\Documents\GitHub\Ethics-Certification-Research-Application-Tracking-System\tests\Unit\ApplicationDocumentTest.php" line="12" class="Tests\Unit\ApplicationDocumentTest" classname="Tests.Unit.ApplicationDocumentTest" assertions="3" time="0.001247"/>
          <testcase name="test_preview_behavior_uses_the_server_verified_mime_type with data set &quot;Excel XLS&quot;" file="C:\Users\Ace Arthur\OneDrive\Documents\GitHub\Ethics-Certification-Research-Application-Tracking-System\tests\Unit\ApplicationDocumentTest.php" line="12" class="Tests\Unit\ApplicationDocumentTest" classname="Tests.Unit.ApplicationDocumentTest" assertions="3" time="0.001585"/>
          <testcase name="test_preview_behavior_uses_the_server_verified_mime_type with data set &quot;Excel XLSX&quot;" file="C:\Users\Ace Arthur\OneDrive\Documents\GitHub\Ethics-Certification-Research-Application-Tracking-System\tests\Unit\ApplicationDocumentTest.php" line="12" class="Tests\Unit\ApplicationDocumentTest" classname="Tests.Unit.ApplicationDocumentTest" assertions="3" time="0.001259"/>
          <testcase name="test_preview_behavior_uses_the_server_verified_mime_type with data set &quot;JPEG&quot;" file="C:\Users\Ace Arthur\OneDrive\Documents\GitHub\Ethics-Certification-Research-Application-Tracking-System\tests\Unit\ApplicationDocumentTest.php" line="12" class="Tests\Unit\ApplicationDocumentTest" classname="Tests.Unit.ApplicationDocumentTest" assertions="3" time="0.001238"/>
          <testcase name="test_preview_behavior_uses_the_server_verified_mime_type with data set &quot;PNG&quot;" file="C:\Users\Ace Arthur\OneDrive\Documents\GitHub\Ethics-Certification-Research-Application-Tracking-System\tests\Unit\ApplicationDocumentTest.php" line="12" class="Tests\Unit\ApplicationDocumentTest" classname="Tests.Unit.ApplicationDocumentTest" assertions="3" time="0.001325"/>
          <testcase name="test_preview_behavior_uses_the_server_verified_mime_type with data set &quot;unknown&quot;" file="C:\Users\Ace Arthur\OneDrive\Documents\GitHub\Ethics-Certification-Research-Application-Tracking-System\tests\Unit\ApplicationDocumentTest.php" line="12" class="Tests\Unit\ApplicationDocumentTest" classname="Tests.Unit.ApplicationDocumentTest" assertions="3" time="0.001226"/>
        </testsuite>
      </testsuite>
      <testsuite name="Tests\Unit\ExampleTest" file="C:\Users\Ace Arthur\OneDrive\Documents\GitHub\Ethics-Certification-Research-Application-Tracking-System\tests\Unit\ExampleTest.php" tests="1" assertions="1" errors="0" failures="0" skipped="0" time="0.001199">
        <testcase name="test_that_true_is_true" file="C:\Users\Ace Arthur\OneDrive\Documents\GitHub\Ethics-Certification-Research-Application-Tracking-System\tests\Unit\ExampleTest.php" line="12" class="Tests\Unit\ExampleTest" classname="Tests.Unit.ExampleTest" assertions="1" time="0.001199"/>
      </testsuite>
      <testsuite name="Tests\Unit\Identity\SpreadsheetRuntimeTest" file="C:\Users\Ace Arthur\OneDrive\Documents\GitHub\Ethics-Certification-Research-Application-Tracking-System\tests\Unit\Identity\SpreadsheetRuntimeTest.php" tests="5" assertions="13" errors="0" failures="0" skipped="0" time="0.445640">
        <testcase name="test_capability_failures_are_reported_as_bounded_identifiers" file="C:\Users\Ace Arthur\OneDrive\Documents\GitHub\Ethics-Certification-Research-Application-Tracking-System\tests\Unit\Identity\SpreadsheetRuntimeTest.php" line="19" class="Tests\Unit\Identity\SpreadsheetRuntimeTest" classname="Tests.Unit.Identity.SpreadsheetRuntimeTest" assertions="3" time="0.249776"/>
        <testcase name="test_exception_rejects_unbounded_diagnostics" file="C:\Users\Ace Arthur\OneDrive\Documents\GitHub\Ethics-Certification-Research-Application-Tracking-System\tests\Unit\Identity\SpreadsheetRuntimeTest.php" line="56" class="Tests\Unit\Identity\SpreadsheetRuntimeTest" classname="Tests.Unit.Identity.SpreadsheetRuntimeTest" assertions="3" time="0.027102"/>
        <testcase name="test_private_export_storage_probe_cleans_its_artifact" file="C:\Users\Ace Arthur\OneDrive\Documents\GitHub\Ethics-Certification-Research-Application-Tracking-System\tests\Unit\Identity\SpreadsheetRuntimeTest.php" line="67" class="Tests\Unit\Identity\SpreadsheetRuntimeTest" classname="Tests.Unit.Identity.SpreadsheetRuntimeTest" assertions="2" time="0.076099"/>
        <testcase name="test_template_generation_delegates_to_readiness_before_creating_files" file="C:\Users\Ace Arthur\OneDrive\Documents\GitHub\Ethics-Certification-Research-Application-Tracking-System\tests\Unit\Identity\SpreadsheetRuntimeTest.php" line="85" class="Tests\Unit\Identity\SpreadsheetRuntimeTest" classname="Tests.Unit.Identity.SpreadsheetRuntimeTest" assertions="3" time="0.052070"/>
        <testcase name="test_upload_read_converts_runtime_failure_to_a_safe_field_error" file="C:\Users\Ace Arthur\OneDrive\Documents\GitHub\Ethics-Certification-Research-Application-Tracking-System\tests\Unit\Identity\SpreadsheetRuntimeTest.php" line="106" class="Tests\Unit\Identity\SpreadsheetRuntimeTest" classname="Tests.Unit.Identity.SpreadsheetRuntimeTest" assertions="2" time="0.040593"/>
      </testsuite>
      <testsuite name="Tests\Unit\ReviewFormCatalogTest" file="C:\Users\Ace Arthur\OneDrive\Documents\GitHub\Ethics-Certification-Research-Application-Tracking-System\tests\Unit\ReviewFormCatalogTest.php" tests="1" assertions="13" errors="0" failures="0" skipped="0" time="0.029664">
        <testcase name="test_official_source_page_and_option_mappings_are_stable" file="C:\Users\Ace Arthur\OneDrive\Documents\GitHub\Ethics-Certification-Research-Application-Tracking-System\tests\Unit\ReviewFormCatalogTest.php" line="11" class="Tests\Unit\ReviewFormCatalogTest" classname="Tests.Unit.ReviewFormCatalogTest" assertions="13" time="0.029664"/>
      </testsuite>
      <testsuite name="Tests\Unit\RuntimePreflightScriptTest" file="C:\Users\Ace Arthur\OneDrive\Documents\GitHub\Ethics-Certification-Research-Application-Tracking-System\tests\Unit\RuntimePreflightScriptTest.php" tests="2" assertions="12" errors="0" failures="0" skipped="0" time="0.049225">
        <testcase name="test_preflight_passes_when_runtime_and_storage_are_ready" file="C:\Users\Ace Arthur\OneDrive\Documents\GitHub\Ethics-Certification-Research-Application-Tracking-System\tests\Unit\RuntimePreflightScriptTest.php" line="11" class="Tests\Unit\RuntimePreflightScriptTest" classname="Tests.Unit.RuntimePreflightScriptTest" assertions="2" time="0.024161"/>
        <testcase name="test_preflight_failure_identifies_ini_zip_and_storage_remediation" file="C:\Users\Ace Arthur\OneDrive\Documents\GitHub\Ethics-Certification-Research-Application-Tracking-System\tests\Unit\RuntimePreflightScriptTest.php" line="22" class="Tests\Unit\RuntimePreflightScriptTest" classname="Tests.Unit.RuntimePreflightScriptTest" assertions="10" time="0.025065"/>
      </testsuite>
    </testsuite>
    <testsuite name="Feature" tests="283" assertions="3856" errors="1" failures="14" skipped="0" time="110.008479">
      <testsuite name="Tests\Feature\Auth\AccountCreationServiceTest" file="C:\Users\Ace Arthur\OneDrive\Documents\GitHub\Ethics-Certification-Research-Application-Tracking-System\tests\Feature\Auth\AccountCreationServiceTest.php" tests="4" assertions="24" errors="0" failures="0" skipped="0" time="0.851834">
        <testcase name="test_res_lead_creates_only_approved_non_res_roles_as_pending_setup" file="C:\Users\Ace Arthur\OneDrive\Documents\GitHub\Ethics-Certification-Research-Application-Tracking-System\tests\Feature\Auth\AccountCreationServiceTest.php" line="20" class="Tests\Feature\Auth\AccountCreationServiceTest" classname="Tests.Feature.Auth.AccountCreationServiceTest" assertions="14" time="0.738357"/>
        <testcase name="test_adviser_can_create_applicants_but_not_reviewer_or_res_lead" file="C:\Users\Ace Arthur\OneDrive\Documents\GitHub\Ethics-Certification-Research-Application-Tracking-System\tests\Feature\Auth\AccountCreationServiceTest.php" line="42" class="Tests\Feature\Auth\AccountCreationServiceTest" classname="Tests.Feature.Auth.AccountCreationServiceTest" assertions="3" time="0.034024"/>
        <testcase name="test_username_uses_normalized_identifier_and_surname_with_collision_suffix" file="C:\Users\Ace Arthur\OneDrive\Documents\GitHub\Ethics-Certification-Research-Application-Tracking-System\tests\Feature\Auth\AccountCreationServiceTest.php" line="58" class="Tests\Feature\Auth\AccountCreationServiceTest" classname="Tests.Feature.Auth.AccountCreationServiceTest" assertions="4" time="0.038800"/>
        <testcase name="test_role_specific_required_fields_are_enforced_while_adviser_position_is_optional" file="C:\Users\Ace Arthur\OneDrive\Documents\GitHub\Ethics-Certification-Research-Application-Tracking-System\tests\Feature\Auth\AccountCreationServiceTest.php" line="77" class="Tests\Feature\Auth\AccountCreationServiceTest" classname="Tests.Feature.Auth.AccountCreationServiceTest" assertions="3" time="0.040653"/>
      </testsuite>
      <testsuite name="Tests\Feature\Auth\AuthenticationFlowTest" file="C:\Users\Ace Arthur\OneDrive\Documents\GitHub\Ethics-Certification-Research-Application-Tracking-System\tests\Feature\Auth\AuthenticationFlowTest.php" tests="12" assertions="121" errors="0" failures="3" skipped="0" time="2.339780">
        <testcase name="test_empty_login_fields_show_validation_errors" file="C:\Users\Ace Arthur\OneDrive\Documents\GitHub\Ethics-Certification-Research-Application-Tracking-System\tests\Feature\Auth\AuthenticationFlowTest.php" line="19" class="Tests\Feature\Auth\AuthenticationFlowTest" classname="Tests.Feature.Auth.AuthenticationFlowTest" assertions="3" time="0.083058"/>
        <testcase name="test_invalid_credentials_show_error_message" file="C:\Users\Ace Arthur\OneDrive\Documents\GitHub\Ethics-Certification-Research-Application-Tracking-System\tests\Feature\Auth\AuthenticationFlowTest.php" line="25" class="Tests\Feature\Auth\AuthenticationFlowTest" classname="Tests.Feature.Auth.AuthenticationFlowTest" assertions="10" time="0.503085"/>
        <testcase name="test_valid_credentials_for_an_inactive_account_show_reactivation_guidance_without_authenticating" file="C:\Users\Ace Arthur\OneDrive\Documents\GitHub\Ethics-Certification-Research-Application-Tracking-System\tests\Feature\Auth\AuthenticationFlowTest.php" line="53" class="Tests\Feature\Auth\AuthenticationFlowTest" classname="Tests.Feature.Auth.AuthenticationFlowTest" assertions="11" time="0.247166"/>
        <testcase name="test_wrong_password_for_an_inactive_account_keeps_the_generic_login_error" file="C:\Users\Ace Arthur\OneDrive\Documents\GitHub\Ethics-Certification-Research-Application-Tracking-System\tests\Feature\Auth\AuthenticationFlowTest.php" line="82" class="Tests\Feature\Auth\AuthenticationFlowTest" classname="Tests.Feature.Auth.AuthenticationFlowTest" assertions="7" time="0.246872"/>
        <testcase name="test_testing_accounts_login_to_their_role_dashboard_at_the_canonical_url" file="C:\Users\Ace Arthur\OneDrive\Documents\GitHub\Ethics-Certification-Research-Application-Tracking-System\tests\Feature\Auth\AuthenticationFlowTest.php" line="104" class="Tests\Feature\Auth\AuthenticationFlowTest" classname="Tests.Feature.Auth.AuthenticationFlowTest" assertions="19" time="0.424439">
          <failure type="PHPUnit\Framework\ExpectationFailedException">Tests\Feature\Auth\AuthenticationFlowTest::test_testing_accounts_login_to_their_role_dashboard_at_the_canonical_url&#13;
Failed asserting that '&lt;!DOCTYPE html&gt;\n
&lt;html lang="en"&gt;\n
&lt;head&gt;\n
    &lt;meta charset="utf-8"&gt;\n
    &lt;meta name="viewport" content="width=device-width, initial-scale=1"&gt;\n
    &lt;meta name="csrf-token" content="eufA6jbzJ9KEesHKbQWwNRTRnEoFAS97dEUxqsiT"&gt;\n
\n
    &lt;title&gt;Dashboard | ECRATS&lt;/title&gt;\n
    &lt;link rel="icon" type="image/png" href="http://[::1]:5173/assets/logo-256.png"&gt;\n
\n
    &lt;script type="module" src="http://[::1]:5173/@vite/client"&gt;&lt;/script&gt;&lt;link rel="stylesheet" href="http://[::1]:5173/resources/css/app.css" /&gt;&lt;script type="module" src="http://[::1]:5173/resources/js/app.js"&gt;&lt;/script&gt;&lt;/head&gt;\n
&lt;body class="ecrats-dashboard-body"&gt;\n
    &lt;div class="dashboard-shell" data-dashboard-shell&gt;\n
        &lt;aside class="dashboard-sidebar" id="dashboard-sidebar" aria-label="Role navigation" data-dashboard-sidebar&gt;\n
    &lt;div class="dashboard-sidebar-brand"&gt;\n
        &lt;button class="dashboard-sidebar-close" type="button" aria-label="Close navigation" data-sidebar-close&gt;\n
            &lt;svg class="dashboard-icon" width="24" height="24" viewBox="0 0 24 24" fill="none" stroke="currentColor" stroke-width="2" stroke-linecap="round" stroke-linejoin="round" aria-hidden="true"&gt;\n
                &lt;path d="M18 6 6 18M6 6l12 12"/&gt;\n
            &lt;/svg&gt;\n
        &lt;/button&gt;\n
        &lt;a\n
            class="dashboard-sidebar-logo-link"\n
            href="https://kld.edu.ph/profile.php"\n
            target="_blank"\n
            rel="noopener noreferrer"\n
            aria-label="Open the KLD profile website"\n
        &gt;\n
            &lt;img src="http://[::1]:5173/assets/logo-256.png" alt="Kolehiyo ng Lungsod ng Dasmarinas seal"&gt;\n
        &lt;/a&gt;\n
    &lt;/div&gt;\n
\n
    &lt;nav class="dashboard-sidebar-nav" aria-label="Primary navigation"&gt;\n
                                                &lt;a\n
                    class="dashboard-nav-link is-active"\n
                    href="http://127.0.0.1:8000/dashboard"\n
                     aria-current="page"                 &gt;\n
                    &lt;svg class="dashboard-icon" width="24" height="24" viewBox="0 0 24 24" fill="none" stroke="currentColor" stroke-width="2" stroke-linecap="round" stroke-linejoin="round" aria-hidden="true"&gt;\n
                &lt;path d="m3 11 9-8 9 8"/&gt;&lt;path d="M5 10v10h14V10"/&gt;&lt;path d="M9 20v-6h6v6"/&gt;\n
            &lt;/svg&gt;\n
                    &lt;span&gt;Home&lt;/span&gt;\n
                &lt;/a&gt;\n
                                                            &lt;a\n
                    class="dashboard-nav-link "\n
                    href="http://127.0.0.1:8000/adviser/applications"\n
                                    &gt;\n
                    &lt;svg class="dashboard-icon" width="24" height="24" viewBox="0 0 24 24" fill="none" stroke="currentColor" stroke-width="2" stroke-linecap="round" stroke-linejoin="round" aria-hidden="true"&gt;\n
                &lt;path d="M14 2H6a2 2 0 0 0-2 2v16a2 2 0 0 0 2 2h12a2 2 0 0 0 2-2V8Z"/&gt;&lt;path d="M14 2v6h6"/&gt;&lt;path d="M8 13h8M8 17h8M8 9h2"/&gt;\n
            &lt;/svg&gt;\n
                    &lt;span&gt;Application&lt;/span&gt;\n
                &lt;/a&gt;\n
                                                            &lt;a\n
                    class="dashboard-nav-link "\n
                    href="http://127.0.0.1:8000/adviser/applicants"\n
                                    &gt;\n
                    &lt;svg class="dashboard-icon" width="24" height="24" viewBox="0 0 24 24" fill="none" stroke="currentColor" stroke-width="2" stroke-linecap="round" stroke-linejoin="round" aria-hidden="true"&gt;\n
                &lt;path d="M16 21v-2a4 4 0 0 0-4-4H5a4 4 0 0 0-4 4v2"/&gt;&lt;circle cx="8.5" cy="7" r="4"/&gt;&lt;path d="m17 11 2 2 4-4"/&gt;\n
            &lt;/svg&gt;\n
                    &lt;span&gt;Applicants&lt;/span&gt;\n
                &lt;/a&gt;\n
                                                            &lt;details class="dashboard-nav-group" &gt;\n
                    &lt;summary class="dashboard-nav-link "&gt;\n
                        &lt;svg class="dashboard-icon" width="24" height="24" viewBox="0 0 24 24" fill="none" stroke="currentColor" stroke-width="2" stroke-linecap="round" stroke-linejoin="round" aria-hidden="true"&gt;\n
                &lt;rect x="5" y="4" width="14" height="18" rx="2"/&gt;&lt;path d="M9 4V2h6v2M9 12h6M9 16h6M9 8h2"/&gt;\n
            &lt;/svg&gt;\n
                        &lt;span&gt;Reviewer&lt;/span&gt;\n
                        &lt;svg class="dashboard-icon dashboard-nav-group-chevron" width="18" height="18" viewBox="0 0 24 24" fill="none" stroke="currentColor" stroke-width="2" stroke-linecap="round" stroke-linejoin="round" aria-hidden="true"&gt;\n
                &lt;path d="m6 9 6 6 6-6"/&gt;\n
            &lt;/svg&gt;\n
                    &lt;/summary&gt;\n
                    &lt;div class="dashboard-nav-submenu" aria-label="Reviewer navigation"&gt;\n
                                                                                &lt;a\n
                                class="dashboard-nav-link dashboard-nav-sublink "\n
                                href="http://127.0.0.1:8000/adviser/reviewer"\n
                                                            &gt;\n
                                &lt;svg class="dashboard-icon" width="24" height="24" viewBox="0 0 24 24" fill="none" stroke="currentColor" stroke-width="2" stroke-linecap="round" stroke-linejoin="round" aria-hidden="true"&gt;\n
                &lt;path d="m3 11 9-8 9 8"/&gt;&lt;path d="M5 10v10h14V10"/&gt;&lt;path d="M9 20v-6h6v6"/&gt;\n
            &lt;/svg&gt;\n
                                &lt;span&gt;Reviewer Dashboard&lt;/span&gt;\n
                            &lt;/a&gt;\n
                                                                                &lt;a\n
                                class="dashboard-nav-link dashboard-nav-sublink "\n
                                href="http://127.0.0.1:8000/adviser/reviewer/assignments"\n
                                                            &gt;\n
                                &lt;svg class="dashboard-icon" width="24" height="24" viewBox="0 0 24 24" fill="none" stroke="currentColor" stroke-width="2" stroke-linecap="round" stroke-linejoin="round" aria-hidden="true"&gt;\n
                &lt;rect x="5" y="4" width="14" height="18" rx="2"/&gt;&lt;path d="M9 4V2h6v2M9 12h6M9 16h6M9 8h2"/&gt;\n
            &lt;/svg&gt;\n
                                &lt;span&gt;Assignments&lt;/span&gt;\n
                            &lt;/a&gt;\n
                                            &lt;/div&gt;\n
                &lt;/details&gt;\n
                        &lt;/nav&gt;\n
\n
    &lt;a\n
        class="dashboard-sidebar-profile "\n
        href="http://127.0.0.1:8000/adviser/profile"\n
            &gt;\n
        &lt;span class="dashboard-avatar dashboard-avatar-light" aria-hidden="true"&gt;RT&lt;/span&gt;\n
        &lt;span class="dashboard-sidebar-person"&gt;\n
            &lt;strong&gt;Reviewer Test&lt;/strong&gt;\n
            &lt;span&gt;Adviser&lt;/span&gt;\n
        &lt;/span&gt;\n
    &lt;/a&gt;\n
&lt;/aside&gt;\n
\n
        &lt;div class="dashboard-sidebar-backdrop" data-sidebar-backdrop hidden&gt;&lt;/div&gt;\n
\n
        &lt;div class="dashboard-workspace"&gt;\n
            &lt;header class="dashboard-topbar"&gt;\n
    &lt;div class="dashboard-topbar-heading"&gt;\n
        &lt;button class="dashboard-menu-button" type="button" aria-label="Open navigation" aria-controls="dashboard-sidebar" aria-expanded="false" data-sidebar-open&gt;\n
            &lt;svg class="dashboard-icon" width="24" height="24" viewBox="0 0 24 24" fill="none" stroke="currentColor" stroke-width="2" stroke-linecap="round" stroke-linejoin="round" aria-hidden="true"&gt;\n
                &lt;path d="M4 6h16M4 12h16M4 18h16"/&gt;\n
            &lt;/svg&gt;\n
        &lt;/button&gt;\n
                    &lt;span class="dashboard-topbar-title"&gt;Dashboard&lt;/span&gt;\n
            &lt;/div&gt;\n
\n
    &lt;div class="dashboard-topbar-actions"&gt;\n
                    &lt;button class="dashboard-guide-button" type="button" data-guide-open &gt;\n
                &lt;svg class="dashboard-icon" width="19" height="19" viewBox="0 0 24 24" fill="none" stroke="currentColor" stroke-width="2" stroke-linecap="round" stroke-linejoin="round" aria-hidden="true"&gt;\n
                &lt;circle cx="12" cy="12" r="9"/&gt;&lt;path d="M9.8 9a2.4 2.4 0 1 1 3.8 2c-1 .7-1.6 1.2-1.6 2.5M12 17h.01"/&gt;\n
            &lt;/svg&gt;\n
                &lt;span&gt;Guide&lt;/span&gt;\n
            &lt;/button&gt;\n
                &lt;div class="dashboard-menu-wrap"&gt;\n
            &lt;button\n
                class="dashboard-icon-button"\n
                type="button"\n
                aria-label="Open notifications"\n
                aria-controls="dashboard-notification-menu"\n
                aria-expanded="false"\n
                data-menu-toggle="notifications"\n
            &gt;\n
                &lt;svg class="dashboard-icon" width="24" height="24" viewBox="0 0 24 24" fill="none" stroke="currentColor" stroke-width="2" stroke-linecap="round" stroke-linejoin="round" aria-hidden="true"&gt;\n
                &lt;path d="M18 8a6 6 0 0 0-12 0c0 7-3 7-3 9h18c0-2-3-2-3-9M10 21h4"/&gt;\n
            &lt;/svg&gt;\n
                            &lt;/button&gt;\n
\n
            &lt;section class="dashboard-dropdown dashboard-notification-menu" id="dashboard-notification-menu" data-menu="notifications" hidden&gt;\n
                &lt;div class="dashboard-dropdown-header"&gt;\n
                    &lt;strong&gt;Notifications&lt;/strong&gt;\n
                                    &lt;/div&gt;\n
\n
                                    &lt;div class="dashboard-dropdown-empty"&gt;\n
                        &lt;img class="dashboard-empty-asset" src="http://127.0.0.1:8000/assets/empty-states/no-notifications.png" alt="Empty notification bell"&gt;\n
                        &lt;strong&gt;No notifications yet&lt;/strong&gt;\n
                        &lt;span&gt;You will see application and review updates here.&lt;/span&gt;\n
                    &lt;/div&gt;\n
                \n
                &lt;a class="dashboard-dropdown-footer" href="http://127.0.0.1:8000/adviser/notifications"&gt;View all notifications&lt;/a&gt;\n
            &lt;/section&gt;\n
        &lt;/div&gt;\n
\n
        &lt;div class="dashboard-menu-wrap"&gt;\n
            &lt;button\n
                class="dashboard-profile-button"\n
                type="button"\n
                aria-label="Open profile menu"\n
                aria-controls="dashboard-profile-menu"\n
                aria-expanded="false"\n
                data-menu-toggle="profile"\n
            &gt;\n
                &lt;span class="dashboard-avatar" aria-hidden="true"&gt;RT&lt;/span&gt;\n
                &lt;span class="dashboard-profile-name"&gt;Reviewer Test&lt;/span&gt;\n
                &lt;svg class="dashboard-icon" width="18" height="18" viewBox="0 0 24 24" fill="none" stroke="currentColor" stroke-width="2" stroke-linecap="round" stroke-linejoin="round" aria-hidden="true"&gt;\n
                &lt;path d="m6 9 6 6 6-6"/&gt;\n
            &lt;/svg&gt;\n
            &lt;/button&gt;\n
\n
            &lt;div class="dashboard-dropdown dashboard-profile-menu" id="dashboard-profile-menu" data-menu="profile" hidden&gt;\n
                &lt;a href="http://127.0.0.1:8000/adviser/settings"&gt;\n
                    &lt;svg class="dashboard-icon" width="19" height="19" viewBox="0 0 24 24" fill="none" stroke="currentColor" stroke-width="2" stroke-linecap="round" stroke-linejoin="round" aria-hidden="true"&gt;\n
                &lt;circle cx="12" cy="12" r="3"/&gt;&lt;path d="M19.4 15a1.7 1.7 0 0 0 .34 1.88l.06.06-2.83 2.83-.06-.06a1.7 1.7 0 0 0-1.88-.34 1.7 1.7 0 0 0-1.03 1.56V21h-4v-.09A1.7 1.7 0 0 0 9 19.35a1.7 1.7 0 0 0-1.88.34l-.06.06-2.83-2.83.06-.06A1.7 1.7 0 0 0 4.63 15a1.7 1.7 0 0 0-1.56-1.03H3v-4h.09A1.7 1.7 0 0 0 4.65 9a1.7 1.7 0 0 0-.34-1.88l-.06-.06 2.83-2.83.06.06A1.7 1.7 0 0 0 9 4.63a1.7 1.7 0 0 0 1.03-1.56V3h4v.09A1.7 1.7 0 0 0 15 4.65a1.7 1.7 0 0 0 1.88-.34l.06-.06 2.83 2.83-.06.06A1.7 1.7 0 0 0 19.37 9a1.7 1.7 0 0 0 1.56 1.03H21v4h-.09A1.7 1.7 0 0 0 19.4 15Z"/&gt;\n
            &lt;/svg&gt;\n
                    &lt;span&gt;Settings&lt;/span&gt;\n
                &lt;/a&gt;\n
                &lt;form method="POST" action="http://127.0.0.1:8000/logout"&gt;\n
                    &lt;input type="hidden" name="_token" value="eufA6jbzJ9KEesHKbQWwNRTRnEoFAS97dEUxqsiT" autocomplete="off"&gt;                    &lt;button type="submit"&gt;\n
                        &lt;svg class="dashboard-icon" width="19" height="19" viewBox="0 0 24 24" fill="none" stroke="currentColor" stroke-width="2" stroke-linecap="round" stroke-linejoin="round" aria-hidden="true"&gt;\n
                &lt;path d="M10 17l5-5-5-5M15 12H3M15 3h4a2 2 0 0 1 2 2v14a2 2 0 0 1-2 2h-4"/&gt;\n
            &lt;/svg&gt;\n
                        &lt;span&gt;Logout&lt;/span&gt;\n
                    &lt;/button&gt;\n
                &lt;/form&gt;\n
            &lt;/div&gt;\n
        &lt;/div&gt;\n
    &lt;/div&gt;\n
&lt;/header&gt;\n
\n
            &lt;main class="dashboard-content" id="main-content" tabindex="-1"&gt;\n
                \n
                    &lt;div class="dashboard-page"&gt;\n
        &lt;header class="dashboard-page-heading"&gt;\n
            &lt;h1&gt;Welcome back, Adviser!&lt;/h1&gt;\n
            &lt;p&gt;Manage research ethics applications.&lt;/p&gt;\n
        &lt;/header&gt;\n
\n
        \n
        &lt;div class="dashboard-summary-grid dashboard-summary-grid-three" aria-label="Advised application summary"&gt;\n
            &lt;a class="dashboard-summary-card tone-orange" href="http://127.0.0.1:8000/adviser/applications" aria-label="Pending: 0"&gt;\n
    \n
    &lt;span class="dashboard-summary-icon"&gt;&lt;svg class="dashboard-icon" width="31" height="31" viewBox="0 0 24 24" fill="none" stroke="currentColor" stroke-width="2" stroke-linecap="round" stroke-linejoin="round" aria-hidden="true"&gt;\n
                &lt;path d="M14 2H6a2 2 0 0 0-2 2v16a2 2 0 0 0 2 2h12a2 2 0 0 0 2-2V8Z"/&gt;&lt;path d="M14 2v6h6"/&gt;&lt;path d="M8 13h8M8 17h8M8 9h2"/&gt;\n
            &lt;/svg&gt;\n
&lt;/span&gt;\n
    \n
    &lt;span class="dashboard-summary-copy"&gt;\n
        &lt;strong&gt;0&lt;/strong&gt;\n
        &lt;span&gt;Pending&lt;/span&gt;\n
    &lt;/span&gt;\n
&lt;/a&gt;\n
            &lt;a class="dashboard-summary-card tone-green" href="http://127.0.0.1:8000/adviser/applications" aria-label="Endorsed: 0"&gt;\n
    \n
    &lt;span class="dashboard-summary-icon"&gt;&lt;svg class="dashboard-icon" width="31" height="31" viewBox="0 0 24 24" fill="none" stroke="currentColor" stroke-width="2" stroke-linecap="round" stroke-linejoin="round" aria-hidden="true"&gt;\n
                &lt;path d="m5 12 4 4L19 6"/&gt;\n
            &lt;/svg&gt;\n
&lt;/span&gt;\n
    \n
    &lt;span class="dashboard-summary-copy"&gt;\n
        &lt;strong&gt;0&lt;/strong&gt;\n
        &lt;span&gt;Endorsed&lt;/span&gt;\n
    &lt;/span&gt;\n
&lt;/a&gt;\n
            &lt;a class="dashboard-summary-card tone-red" href="http://127.0.0.1:8000/adviser/applications" aria-label="Returned: 0"&gt;\n
    \n
    &lt;span class="dashboard-summary-icon"&gt;&lt;svg class="dashboard-icon" width="31" height="31" viewBox="0 0 24 24" fill="none" stroke="currentColor" stroke-width="2" stroke-linecap="round" stroke-linejoin="round" aria-hidden="true"&gt;\n
                &lt;path d="M20 11a8.1 8.1 0 0 0-15.5-2M4 4v5h5M4 13a8.1 8.1 0 0 0 15.5 2M20 20v-5h-5"/&gt;\n
            &lt;/svg&gt;\n
&lt;/span&gt;\n
    \n
    &lt;span class="dashboard-summary-copy"&gt;\n
        &lt;strong&gt;0&lt;/strong&gt;\n
        &lt;span&gt;Returned&lt;/span&gt;\n
    &lt;/span&gt;\n
&lt;/a&gt;\n
        &lt;/div&gt;\n
\n
        &lt;section class="dashboard-panel"&gt;\n
    &lt;header class="dashboard-panel-header"&gt;\n
        &lt;h2&gt;Submitted Application&lt;/h2&gt;\n
                    &lt;a class="dashboard-view-all" href="http://127.0.0.1:8000/adviser/applications"&gt;View All&lt;/a&gt;\n
            &lt;/header&gt;\n
    &lt;div class="dashboard-panel-body"&gt;\n
        &lt;div class="dashboard-empty-state"&gt;\n
    &lt;img class="dashboard-empty-asset" src="http://127.0.0.1:8000/assets/empty-states/no-applications.png" alt="No submitted application documents"&gt;\n
    &lt;strong&gt;No submitted applications yet&lt;/strong&gt;\n
    &lt;p&gt;Research ethics applications will appear here once your applicants submit them for endorsement.&lt;/p&gt;\n
            &lt;a class="dashboard-primary-action" href="http://127.0.0.1:8000/dashboard"&gt;\n
            &lt;svg class="dashboard-icon" width="18" height="18" viewBox="0 0 24 24" fill="none" stroke="currentColor" stroke-width="2" stroke-linecap="round" stroke-linejoin="round" aria-hidden="true"&gt;\n
                &lt;path d="M20 11a8.1 8.1 0 0 0-15.5-2M4 4v5h5M4 13a8.1 8.1 0 0 0 15.5 2M20 20v-5h-5"/&gt;\n
            &lt;/svg&gt;\n
            &lt;span&gt;Refresh&lt;/span&gt;\n
        &lt;/a&gt;\n
    &lt;/div&gt;\n
    &lt;/div&gt;\n
&lt;/section&gt;\n
\n
        &lt;div class="dashboard-lower-grid"&gt;\n
            &lt;section class="dashboard-panel"&gt;\n
    &lt;header class="dashboard-panel-header"&gt;\n
        &lt;h2&gt;Deadline Alerts&lt;/h2&gt;\n
            &lt;/header&gt;\n
    &lt;div class="dashboard-panel-body"&gt;\n
        &lt;div class="dashboard-empty-state is-compact"&gt;\n
    &lt;img class="dashboard-empty-asset" src="http://127.0.0.1:8000/assets/empty-states/no-deadlines.png" alt="Calendar with no pending deadline"&gt;\n
    &lt;strong&gt;No urgent deadlines&lt;/strong&gt;\n
    &lt;p&gt;You are currently up to date.&lt;/p&gt;\n
    &lt;/div&gt;\n
    &lt;/div&gt;\n
&lt;/section&gt;\n
            &lt;section class="dashboard-panel"&gt;\n
    &lt;header class="dashboard-panel-header"&gt;\n
        &lt;h2&gt;Application Timeline&lt;/h2&gt;\n
                    &lt;span class="dashboard-panel-header-meta"&gt;\n
                &lt;svg class="dashboard-icon" width="18" height="18" viewBox="0 0 24 24" fill="none" stroke="currentColor" stroke-width="2" stroke-linecap="round" stroke-linejoin="round" aria-hidden="true"&gt;\n
                &lt;rect x="3" y="5" width="18" height="16" rx="2"/&gt;&lt;path d="M16 3v4M8 3v4M3 11h18M8 15h.01M12 15h.01M16 15h.01M8 18h.01M12 18h.01"/&gt;\n
            &lt;/svg&gt;\n
                &lt;span&gt;Semester and Academic Year&lt;/span&gt;\n
            &lt;/span&gt;\n
            &lt;/header&gt;\n
    &lt;div class="dashboard-panel-body"&gt;\n
        &lt;div class="dashboard-empty-state is-compact"&gt;\n
    &lt;img class="dashboard-empty-asset" src="http://127.0.0.1:8000/assets/empty-states/no-timeline.png" alt="Milestone flag with no available timeline"&gt;\n
    &lt;strong&gt;Timeline not available&lt;/strong&gt;\n
    &lt;p&gt;Review milestones will appear when an active cycle is configured.&lt;/p&gt;\n
    &lt;/div&gt;\n
    &lt;/div&gt;\n
&lt;/section&gt;\n
        &lt;/div&gt;\n
    &lt;/div&gt;\n
\n
                &lt;section\n
    class="dashboard-onboarding"\n
    data-onboarding-guide\n
    data-requires-completion="false"\n
    data-complete-url="http://127.0.0.1:8000/onboarding/complete"\n
    hidden\n
&gt;\n
    &lt;div class="dashboard-onboarding-dialog" role="dialog" aria-modal="true" aria-labelledby="onboarding-title" tabindex="-1"&gt;\n
        &lt;header&gt;\n
            &lt;span class="dashboard-onboarding-icon"&gt;&lt;svg class="dashboard-icon" width="24" height="24" viewBox="0 0 24 24" fill="none" stroke="currentColor" stroke-width="2" stroke-linecap="round" stroke-linejoin="round" aria-hidden="true"&gt;\n
                &lt;rect x="5" y="4" width="14" height="18" rx="2"/&gt;&lt;path d="M9 4V2h6v2M9 12h6M9 16h6M9 8h2"/&gt;\n
            &lt;/svg&gt;\n
&lt;/span&gt;\n
            &lt;div&gt;\n
                &lt;span&gt;Getting Started&lt;/span&gt;\n
                &lt;h2 id="onboarding-title"&gt;Research Adviser Guide&lt;/h2&gt;\n
            &lt;/div&gt;\n
            &lt;button type="button" aria-label="Close guide" data-guide-close&gt;&lt;svg class="dashboard-icon" width="20" height="20" viewBox="0 0 24 24" fill="none" stroke="currentColor" stroke-width="2" stroke-linecap="round" stroke-linejoin="round" aria-hidden="true"&gt;\n
                &lt;path d="M18 6 6 18M6 6l12 12"/&gt;\n
            &lt;/svg&gt;\n
&lt;/button&gt;\n
        &lt;/header&gt;\n
\n
        &lt;p&gt;Use ECRATS to manage applicant accounts and review complete submissions assigned to you.&lt;/p&gt;\n
        &lt;ol&gt;\n
                            &lt;li&gt;&lt;span&gt;1&lt;/span&gt;&lt;div&gt;&lt;strong&gt;Manage applicants&lt;/strong&gt;&lt;p&gt;Create student or faculty accounts and resend setup links when needed.&lt;/p&gt;&lt;/div&gt;&lt;/li&gt;\n
                            &lt;li&gt;&lt;span&gt;2&lt;/span&gt;&lt;div&gt;&lt;strong&gt;Review submissions&lt;/strong&gt;&lt;p&gt;Check required documents and research details before endorsement.&lt;/p&gt;&lt;/div&gt;&lt;/li&gt;\n
                            &lt;li&gt;&lt;span&gt;3&lt;/span&gt;&lt;div&gt;&lt;strong&gt;Return or endorse&lt;/strong&gt;&lt;p&gt;Return incomplete work with clear guidance or endorse a complete initial submission to RES.&lt;/p&gt;&lt;/div&gt;&lt;/li&gt;\n
                            &lt;li&gt;&lt;span&gt;4&lt;/span&gt;&lt;div&gt;&lt;strong&gt;Watch deadlines&lt;/strong&gt;&lt;p&gt;Use dashboard alerts and notifications to keep assigned applications moving.&lt;/p&gt;&lt;/div&gt;&lt;/li&gt;\n
                    &lt;/ol&gt;\n
        &lt;p class="dashboard-onboarding-support"&gt;For account or workflow help, contact the KLD Research Ethics Section through the institutional contact channels in the footer.&lt;/p&gt;\n
        &lt;footer&gt;&lt;button class="dashboard-primary-action" type="button" data-guide-finish&gt;Finish Guide&lt;/button&gt;&lt;/footer&gt;\n
    &lt;/div&gt;\n
&lt;/section&gt;\n
            &lt;/main&gt;\n
\n
            &lt;footer class="dashboard-footer"&gt;\n
    &lt;div class="dashboard-footer-grid"&gt;\n
        &lt;section&gt;\n
            &lt;h2&gt;About ECRATS&lt;/h2&gt;\n
            &lt;p&gt;The Ethics Certification Review Application and Tracking System supports controlled research ethics submission, review, monitoring, and certification for the KLD Research Ethics Section.&lt;/p&gt;\n
            &lt;div class="dashboard-footer-social" aria-label="KLD social media"&gt;\n
                &lt;a href="https://www.facebook.com/KLDOfficialFBPage" target="_blank" rel="noopener noreferrer" aria-label="KLD on Facebook"&gt;\n
                    &lt;svg class="dashboard-icon" width="18" height="18" viewBox="0 0 24 24" fill="none" stroke="currentColor" stroke-width="2" stroke-linecap="round" stroke-linejoin="round" aria-hidden="true"&gt;\n
                &lt;path d="M14 8h3V4h-3c-3 0-5 2-5 5v3H6v4h3v6h4v-6h3l1-4h-4V9c0-.7.3-1 1-1Z"/&gt;\n
            &lt;/svg&gt;\n
                &lt;/a&gt;\n
                &lt;a href="https://www.youtube.com/watch?v=WBcFvRVb2zE" target="_blank" rel="noopener noreferrer" aria-label="KLD on YouTube"&gt;\n
                    &lt;svg class="dashboard-icon" width="19" height="19" viewBox="0 0 24 24" fill="none" stroke="currentColor" stroke-width="2" stroke-linecap="round" stroke-linejoin="round" aria-hidden="true"&gt;\n
                &lt;path d="M21 8.2a2.8 2.8 0 0 0-2-2C17.3 5.7 12 5.7 12 5.7s-5.3 0-7 .5a2.8 2.8 0 0 0-2 2A29 29 0 0 0 2.5 12 29 29 0 0 0 3 15.8a2.8 2.8 0 0 0 2 2c1.7.5 7 .5 7 .5s5.3 0 7-.5a2.8 2.8 0 0 0 2-2 29 29 0 0 0 .5-3.8 29 29 0 0 0-.5-3.8Z"/&gt;&lt;path d="m10 15 5-3-5-3Z"/&gt;\n
            &lt;/svg&gt;\n
                &lt;/a&gt;\n
            &lt;/div&gt;\n
        &lt;/section&gt;\n
\n
        &lt;section&gt;\n
            &lt;h2&gt;Contact&lt;/h2&gt;\n
            &lt;ul class="dashboard-footer-contact"&gt;\n
                &lt;li&gt;&lt;svg class="dashboard-icon" width="16" height="16" viewBox="0 0 24 24" fill="none" stroke="currentColor" stroke-width="2" stroke-linecap="round" stroke-linejoin="round" aria-hidden="true"&gt;\n
                &lt;rect x="3" y="5" width="18" height="14" rx="2"/&gt;&lt;path d="m3 7 9 6 9-6"/&gt;\n
            &lt;/svg&gt;\n
&lt;a href="mailto:information@kld.edu.ph"&gt;information@kld.edu.ph&lt;/a&gt;&lt;/li&gt;\n
                &lt;li&gt;&lt;svg class="dashboard-icon" width="16" height="16" viewBox="0 0 24 24" fill="none" stroke="currentColor" stroke-width="2" stroke-linecap="round" stroke-linejoin="round" aria-hidden="true"&gt;\n
                &lt;path d="M20 10c0 5-8 11-8 11S4 15 4 10a8 8 0 1 1 16 0Z"/&gt;&lt;circle cx="12" cy="10" r="2.5"/&gt;\n
            &lt;/svg&gt;\n
&lt;a href="https://www.google.com/maps/search/?api=1&amp;query=Kolehiyo+ng+Lungsod+ng+Dasmarinas" target="_blank" rel="noopener noreferrer"&gt;Brgy. Burol Main, City of Dasmari&amp;ntilde;as, Cavite&lt;/a&gt;&lt;/li&gt;\n
                &lt;li&gt;&lt;svg class="dashboard-icon" width="16" height="16" viewBox="0 0 24 24" fill="none" stroke="currentColor" stroke-width="2" stroke-linecap="round" stroke-linejoin="round" aria-hidden="true"&gt;\n
                &lt;circle cx="12" cy="12" r="9"/&gt;&lt;path d="M12 7v5l3 2"/&gt;\n
            &lt;/svg&gt;\n
&lt;span&gt;Mon to Fri / 8am to 5pm&lt;/span&gt;&lt;/li&gt;\n
            &lt;/ul&gt;\n
        &lt;/section&gt;\n
\n
        &lt;section&gt;\n
            &lt;h2&gt;Quick Links&lt;/h2&gt;\n
            &lt;ul&gt;\n
                &lt;li&gt;&lt;a href="https://kld.edu.ph/index.php" target="_blank" rel="noopener noreferrer"&gt;Home&lt;/a&gt;&lt;/li&gt;\n
                &lt;li&gt;&lt;a href="https://kld.edu.ph/about.php" target="_blank" rel="noopener noreferrer"&gt;About&lt;/a&gt;&lt;/li&gt;\n
                &lt;li&gt;&lt;a href="https://kld.edu.ph/" target="_blank" rel="noopener noreferrer"&gt;News and Updates&lt;/a&gt;&lt;/li&gt;\n
                &lt;li&gt;&lt;a href="https://kld.edu.ph/data_privacy.php" target="_blank" rel="noopener noreferrer"&gt;Data Privacy&lt;/a&gt;&lt;/li&gt;\n
            &lt;/ul&gt;\n
        &lt;/section&gt;\n
\n
        &lt;section&gt;\n
            &lt;h2&gt;Helpful Links&lt;/h2&gt;\n
            &lt;ul&gt;\n
                &lt;li&gt;&lt;a href="https://kld.edu.ph/offices.php" target="_blank" rel="noopener noreferrer"&gt;KLD Offices&lt;/a&gt;&lt;/li&gt;\n
                &lt;li&gt;&lt;a href="https://kld.edu.ph/office_of_the_registrar.php" target="_blank" rel="noopener noreferrer"&gt;The Registrar&lt;/a&gt;&lt;/li&gt;\n
                &lt;li&gt;&lt;a href="https://kld.edu.ph/admissions.php" target="_blank" rel="noopener noreferrer"&gt;Admission Guide&lt;/a&gt;&lt;/li&gt;\n
                &lt;li&gt;&lt;a href="https://kld.edu.ph/reach_us.php" target="_blank" rel="noopener noreferrer"&gt;Reach Us&lt;/a&gt;&lt;/li&gt;\n
            &lt;/ul&gt;\n
        &lt;/section&gt;\n
    &lt;/div&gt;\n
\n
    &lt;p class="dashboard-footer-copyright"&gt;&amp;copy; 2026 ECRATS, KLD Research Ethics Section. All rights reserved.&lt;/p&gt;\n
&lt;/footer&gt;\n
        &lt;/div&gt;\n
    &lt;/div&gt;\n
&lt;/body&gt;\n
&lt;/html&gt;\n
' [ASCII](length: 23808) contains "Welcome back, Reviewer!" [ASCII](length: 23).
&#13;
C:\Users\Ace Arthur\OneDrive\Documents\GitHub\Ethics-Certification-Research-Application-Tracking-System\vendor\laravel\framework\src\Illuminate\Testing\TestResponseAssert.php:45
C:\Users\Ace Arthur\OneDrive\Documents\GitHub\Ethics-Certification-Research-Application-Tracking-System\vendor\laravel\framework\src\Illuminate\Testing\TestResponse.php:713
C:\Users\Ace Arthur\OneDrive\Documents\GitHub\Ethics-Certification-Research-Application-Tracking-System\tests\Feature\Auth\AuthenticationFlowTest.php:126</failure>
        </testcase>
        <testcase name="test_every_user_is_redirected_away_from_other_role_areas" file="C:\Users\Ace Arthur\OneDrive\Documents\GitHub\Ethics-Certification-Research-Application-Tracking-System\tests\Feature\Auth\AuthenticationFlowTest.php" line="132" class="Tests\Feature\Auth\AuthenticationFlowTest" classname="Tests.Feature.Auth.AuthenticationFlowTest" assertions="3" time="0.081444">
          <failure type="PHPUnit\Framework\ExpectationFailedException">Tests\Feature\Auth\AuthenticationFlowTest::test_every_user_is_redirected_away_from_other_role_areas&#13;
Expected response status code [201, 301, 302, 303, 307, 308] but received 403.
Failed asserting that false is true.
&#13;
C:\Users\Ace Arthur\OneDrive\Documents\GitHub\Ethics-Certification-Research-Application-Tracking-System\vendor\laravel\framework\src\Illuminate\Testing\TestResponseAssert.php:45
C:\Users\Ace Arthur\OneDrive\Documents\GitHub\Ethics-Certification-Research-Application-Tracking-System\vendor\laravel\framework\src\Illuminate\Testing\TestResponse.php:201
C:\Users\Ace Arthur\OneDrive\Documents\GitHub\Ethics-Certification-Research-Application-Tracking-System\tests\Feature\Auth\AuthenticationFlowTest.php:153</failure>
        </testcase>
        <testcase name="test_logout_clears_authenticated_session" file="C:\Users\Ace Arthur\OneDrive\Documents\GitHub\Ethics-Certification-Research-Application-Tracking-System\tests\Feature\Auth\AuthenticationFlowTest.php" line="160" class="Tests\Feature\Auth\AuthenticationFlowTest" classname="Tests.Feature.Auth.AuthenticationFlowTest" assertions="5" time="0.048035"/>
        <testcase name="test_authenticated_users_cannot_view_or_submit_the_login_form" file="C:\Users\Ace Arthur\OneDrive\Documents\GitHub\Ethics-Certification-Research-Application-Tracking-System\tests\Feature\Auth\AuthenticationFlowTest.php" line="174" class="Tests\Feature\Auth\AuthenticationFlowTest" classname="Tests.Feature.Auth.AuthenticationFlowTest" assertions="36" time="0.066375"/>
        <testcase name="test_login_and_protected_responses_disable_browser_caching" file="C:\Users\Ace Arthur\OneDrive\Documents\GitHub\Ethics-Certification-Research-Application-Tracking-System\tests\Feature\Auth\AuthenticationFlowTest.php" line="202" class="Tests\Feature\Auth\AuthenticationFlowTest" classname="Tests.Feature.Auth.AuthenticationFlowTest" assertions="4" time="0.059478"/>
        <testcase name="test_database_seeding_is_idempotent_and_passwords_are_hashed" file="C:\Users\Ace Arthur\OneDrive\Documents\GitHub\Ethics-Certification-Research-Application-Tracking-System\tests\Feature\Auth\AuthenticationFlowTest.php" line="216" class="Tests\Feature\Auth\AuthenticationFlowTest" classname="Tests.Feature.Auth.AuthenticationFlowTest" assertions="10" time="0.062562">
          <failure type="PHPUnit\Framework\ExpectationFailedException">Tests\Feature\Auth\AuthenticationFlowTest::test_database_seeding_is_idempotent_and_passwords_are_hashed&#13;
Failed asserting that two variables reference the same object.
--- Expected
+++ Actual
@@ @@
-App\Enums\UserRole Enum #3935 (Reviewer, 'reviewer')
+App\Enums\UserRole Enum #3597 (Adviser, 'adviser')
&#13;
C:\Users\Ace Arthur\OneDrive\Documents\GitHub\Ethics-Certification-Research-Application-Tracking-System\tests\Feature\Auth\AuthenticationFlowTest.php:232</failure>
        </testcase>
        <testcase name="test_login_keeps_field_validation_separate_from_credential_mismatch" file="C:\Users\Ace Arthur\OneDrive\Documents\GitHub\Ethics-Certification-Research-Application-Tracking-System\tests\Feature\Auth\AuthenticationFlowTest.php" line="238" class="Tests\Feature\Auth\AuthenticationFlowTest" classname="Tests.Feature.Auth.AuthenticationFlowTest" assertions="10" time="0.459029"/>
        <testcase name="test_login_username_is_trimmed_before_authentication" file="C:\Users\Ace Arthur\OneDrive\Documents\GitHub\Ethics-Certification-Research-Application-Tracking-System\tests\Feature\Auth\AuthenticationFlowTest.php" line="263" class="Tests\Feature\Auth\AuthenticationFlowTest" classname="Tests.Feature.Auth.AuthenticationFlowTest" assertions="3" time="0.058237"/>
      </testsuite>
      <testsuite name="Tests\Feature\Auth\LoginPageTest" file="C:\Users\Ace Arthur\OneDrive\Documents\GitHub\Ethics-Certification-Research-Application-Tracking-System\tests\Feature\Auth\LoginPageTest.php" tests="6" assertions="46" errors="0" failures="0" skipped="0" time="0.287633">
        <testcase name="test_login_page_is_available" file="C:\Users\Ace Arthur\OneDrive\Documents\GitHub\Ethics-Certification-Research-Application-Tracking-System\tests\Feature\Auth\LoginPageTest.php" line="15" class="Tests\Feature\Auth\LoginPageTest" classname="Tests.Feature.Auth.LoginPageTest" assertions="20" time="0.033358"/>
        <testcase name="test_root_page_shows_login" file="C:\Users\Ace Arthur\OneDrive\Documents\GitHub\Ethics-Certification-Research-Application-Tracking-System\tests\Feature\Auth\LoginPageTest.php" line="46" class="Tests\Feature\Auth\LoginPageTest" classname="Tests.Feature.Auth.LoginPageTest" assertions="3" time="0.039521"/>
        <testcase name="test_public_registration_route_is_not_available" file="C:\Users\Ace Arthur\OneDrive\Documents\GitHub\Ethics-Certification-Research-Application-Tracking-System\tests\Feature\Auth\LoginPageTest.php" line="56" class="Tests\Feature\Auth\LoginPageTest" classname="Tests.Feature.Auth.LoginPageTest" assertions="1" time="0.061687"/>
        <testcase name="test_reset_password_page_has_custom_password_visibility_controls" file="C:\Users\Ace Arthur\OneDrive\Documents\GitHub\Ethics-Certification-Research-Application-Tracking-System\tests\Feature\Auth\LoginPageTest.php" line="61" class="Tests\Feature\Auth\LoginPageTest" classname="Tests.Feature.Auth.LoginPageTest" assertions="8" time="0.053823"/>
        <testcase name="test_password_setup_redirects_to_login_with_generated_username" file="C:\Users\Ace Arthur\OneDrive\Documents\GitHub\Ethics-Certification-Research-Application-Tracking-System\tests\Feature\Auth\LoginPageTest.php" line="80" class="Tests\Feature\Auth\LoginPageTest" classname="Tests.Feature.Auth.LoginPageTest" assertions="7" time="0.070381"/>
        <testcase name="test_login_styles_use_one_continuous_page_background" file="C:\Users\Ace Arthur\OneDrive\Documents\GitHub\Ethics-Certification-Research-Application-Tracking-System\tests\Feature\Auth\LoginPageTest.php" line="108" class="Tests\Feature\Auth\LoginPageTest" classname="Tests.Feature.Auth.LoginPageTest" assertions="7" time="0.028863"/>
      </testsuite>
      <testsuite name="Tests\Feature\Auth\ReviewerEntitlementFoundationTest" file="C:\Users\Ace Arthur\OneDrive\Documents\GitHub\Ethics-Certification-Research-Application-Tracking-System\tests\Feature\Auth\ReviewerEntitlementFoundationTest.php" tests="5" assertions="33" errors="0" failures="0" skipped="0" time="0.198847">
        <testcase name="test_legacy_reviewer_conversion_preserves_identity_history_and_does_not_merge_namesakes" file="C:\Users\Ace Arthur\OneDrive\Documents\GitHub\Ethics-Certification-Research-Application-Tracking-System\tests\Feature\Auth\ReviewerEntitlementFoundationTest.php" line="19" class="Tests\Feature\Auth\ReviewerEntitlementFoundationTest" classname="Tests.Feature.Auth.ReviewerEntitlementFoundationTest" assertions="11" time="0.040722"/>
        <testcase name="test_reviewer_entitlement_is_rechecked_from_the_database_on_every_request" file="C:\Users\Ace Arthur\OneDrive\Documents\GitHub\Ethics-Certification-Research-Application-Tracking-System\tests\Feature\Auth\ReviewerEntitlementFoundationTest.php" line="59" class="Tests\Feature\Auth\ReviewerEntitlementFoundationTest" classname="Tests.Feature.Auth.ReviewerEntitlementFoundationTest" assertions="4" time="0.035753"/>
        <testcase name="test_model_access_helper_requires_an_active_enabled_adviser" file="C:\Users\Ace Arthur\OneDrive\Documents\GitHub\Ethics-Certification-Research-Application-Tracking-System\tests\Feature\Auth\ReviewerEntitlementFoundationTest.php" line="82" class="Tests\Feature\Auth\ReviewerEntitlementFoundationTest" classname="Tests.Feature.Auth.ReviewerEntitlementFoundationTest" assertions="6" time="0.031286"/>
        <testcase name="test_valid_legacy_standalone_reviewer_credentials_are_rejected_and_audited" file="C:\Users\Ace Arthur\OneDrive\Documents\GitHub\Ethics-Certification-Research-Application-Tracking-System\tests\Feature\Auth\ReviewerEntitlementFoundationTest.php" line="102" class="Tests\Feature\Auth\ReviewerEntitlementFoundationTest" classname="Tests.Feature.Auth.ReviewerEntitlementFoundationTest" assertions="6" time="0.039338"/>
        <testcase name="test_testing_reviewer_identity_is_seeded_as_an_entitled_adviser_idempotently" file="C:\Users\Ace Arthur\OneDrive\Documents\GitHub\Ethics-Certification-Research-Application-Tracking-System\tests\Feature\Auth\ReviewerEntitlementFoundationTest.php" line="128" class="Tests\Feature\Auth\ReviewerEntitlementFoundationTest" classname="Tests.Feature.Auth.ReviewerEntitlementFoundationTest" assertions="6" time="0.051747"/>
      </testsuite>
      <testsuite name="Tests\Feature\Dashboard\AdviserApplicantScopeAndProfileTest" file="C:\Users\Ace Arthur\OneDrive\Documents\GitHub\Ethics-Certification-Research-Application-Tracking-System\tests\Feature\Dashboard\AdviserApplicantScopeAndProfileTest.php" tests="3" assertions="55" errors="0" failures="0" skipped="0" time="2.101986">
        <testcase name="test_adviser_applicant_scope_requires_creation_or_formal_submission_everywhere" file="C:\Users\Ace Arthur\OneDrive\Documents\GitHub\Ethics-Certification-Research-Application-Tracking-System\tests\Feature\Dashboard\AdviserApplicantScopeAndProfileTest.php" line="23" class="Tests\Feature\Dashboard\AdviserApplicantScopeAndProfileTest" classname="Tests.Feature.Dashboard.AdviserApplicantScopeAndProfileTest" assertions="24" time="1.936587"/>
        <testcase name="test_applicant_management_and_profile_show_the_same_live_endorsement_statistics" file="C:\Users\Ace Arthur\OneDrive\Documents\GitHub\Ethics-Certification-Research-Application-Tracking-System\tests\Feature\Dashboard\AdviserApplicantScopeAndProfileTest.php" line="105" class="Tests\Feature\Dashboard\AdviserApplicantScopeAndProfileTest" classname="Tests.Feature.Dashboard.AdviserApplicantScopeAndProfileTest" assertions="13" time="0.104170"/>
        <testcase name="test_adviser_profile_includes_complete_setup_aware_reviewer_capability" file="C:\Users\Ace Arthur\OneDrive\Documents\GitHub\Ethics-Certification-Research-Application-Tracking-System\tests\Feature\Dashboard\AdviserApplicantScopeAndProfileTest.php" line="169" class="Tests\Feature\Dashboard\AdviserApplicantScopeAndProfileTest" classname="Tests.Feature.Dashboard.AdviserApplicantScopeAndProfileTest" assertions="18" time="0.061230"/>
      </testsuite>
      <testsuite name="Tests\Feature\Dashboard\AdviserApplicationVisibilityTest" file="C:\Users\Ace Arthur\OneDrive\Documents\GitHub\Ethics-Certification-Research-Application-Tracking-System\tests\Feature\Dashboard\AdviserApplicationVisibilityTest.php" tests="3" assertions="32" errors="0" failures="0" skipped="0" time="0.373275">
        <testcase name="test_adviser_dashboard_list_and_detail_show_only_formally_submitted_assigned_applications" file="C:\Users\Ace Arthur\OneDrive\Documents\GitHub\Ethics-Certification-Research-Application-Tracking-System\tests\Feature\Dashboard\AdviserApplicationVisibilityTest.php" line="18" class="Tests\Feature\Dashboard\AdviserApplicationVisibilityTest" classname="Tests.Feature.Dashboard.AdviserApplicationVisibilityTest" assertions="21" time="0.145059"/>
        <testcase name="test_adviser_application_list_is_paginated_searchable_and_scoped_before_filters" file="C:\Users\Ace Arthur\OneDrive\Documents\GitHub\Ethics-Certification-Research-Application-Tracking-System\tests\Feature\Dashboard\AdviserApplicationVisibilityTest.php" line="81" class="Tests\Feature\Dashboard\AdviserApplicationVisibilityTest" classname="Tests.Feature.Dashboard.AdviserApplicationVisibilityTest" assertions="7" time="0.155551"/>
        <testcase name="test_adviser_application_list_filters_assigned_records_by_term" file="C:\Users\Ace Arthur\OneDrive\Documents\GitHub\Ethics-Certification-Research-Application-Tracking-System\tests\Feature\Dashboard\AdviserApplicationVisibilityTest.php" line="125" class="Tests\Feature\Dashboard\AdviserApplicationVisibilityTest" classname="Tests.Feature.Dashboard.AdviserApplicationVisibilityTest" assertions="4" time="0.072664"/>
      </testsuite>
      <testsuite name="Tests\Feature\Dashboard\AdviserEndorsementWorkflowTest" file="C:\Users\Ace Arthur\OneDrive\Documents\GitHub\Ethics-Certification-Research-Application-Tracking-System\tests\Feature\Dashboard\AdviserEndorsementWorkflowTest.php" tests="3" assertions="46" errors="0" failures="0" skipped="0" time="0.252165">
        <testcase name="test_assigned_adviser_can_endorse_a_complete_initial_submission_once" file="C:\Users\Ace Arthur\OneDrive\Documents\GitHub\Ethics-Certification-Research-Application-Tracking-System\tests\Feature\Dashboard\AdviserEndorsementWorkflowTest.php" line="27" class="Tests\Feature\Dashboard\AdviserEndorsementWorkflowTest" classname="Tests.Feature.Dashboard.AdviserEndorsementWorkflowTest" assertions="21" time="0.092994"/>
        <testcase name="test_assigned_adviser_can_return_with_required_reason_and_instructions" file="C:\Users\Ace Arthur\OneDrive\Documents\GitHub\Ethics-Certification-Research-Application-Tracking-System\tests\Feature\Dashboard\AdviserEndorsementWorkflowTest.php" line="92" class="Tests\Feature\Dashboard\AdviserEndorsementWorkflowTest" classname="Tests.Feature.Dashboard.AdviserEndorsementWorkflowTest" assertions="18" time="0.097426"/>
        <testcase name="test_unassigned_incomplete_later_cycle_and_closed_period_decisions_are_blocked" file="C:\Users\Ace Arthur\OneDrive\Documents\GitHub\Ethics-Certification-Research-Application-Tracking-System\tests\Feature\Dashboard\AdviserEndorsementWorkflowTest.php" line="140" class="Tests\Feature\Dashboard\AdviserEndorsementWorkflowTest" classname="Tests.Feature.Dashboard.AdviserEndorsementWorkflowTest" assertions="7" time="0.061745"/>
      </testsuite>
      <testsuite name="Tests\Feature\Dashboard\AdviserReviewerCapabilityTest" file="C:\Users\Ace Arthur\OneDrive\Documents\GitHub\Ethics-Certification-Research-Application-Tracking-System\tests\Feature\Dashboard\AdviserReviewerCapabilityTest.php" tests="5" assertions="20" errors="0" failures="0" skipped="0" time="0.300400">
        <testcase name="test_enabled_adviser_receives_reviewer_submenu_and_canonical_dashboard" file="C:\Users\Ace Arthur\OneDrive\Documents\GitHub\Ethics-Certification-Research-Application-Tracking-System\tests\Feature\Dashboard\AdviserReviewerCapabilityTest.php" line="22" class="Tests\Feature\Dashboard\AdviserReviewerCapabilityTest" classname="Tests.Feature.Dashboard.AdviserReviewerCapabilityTest" assertions="6" time="0.089528"/>
        <testcase name="test_disabled_entitlement_is_enforced_against_an_existing_session_and_legacy_url" file="C:\Users\Ace Arthur\OneDrive\Documents\GitHub\Ethics-Certification-Research-Application-Tracking-System\tests\Feature\Dashboard\AdviserReviewerCapabilityTest.php" line="39" class="Tests\Feature\Dashboard\AdviserReviewerCapabilityTest" classname="Tests.Feature.Dashboard.AdviserReviewerCapabilityTest" assertions="3" time="0.069133"/>
        <testcase name="test_authorized_legacy_get_redirects_to_equivalent_canonical_path" file="C:\Users\Ace Arthur\OneDrive\Documents\GitHub\Ethics-Certification-Research-Application-Tracking-System\tests\Feature\Dashboard\AdviserReviewerCapabilityTest.php" line="51" class="Tests\Feature\Dashboard\AdviserReviewerCapabilityTest" classname="Tests.Feature.Dashboard.AdviserReviewerCapabilityTest" assertions="2" time="0.029112"/>
        <testcase name="test_assignment_policy_keeps_reviewer_work_owned_and_blind" file="C:\Users\Ace Arthur\OneDrive\Documents\GitHub\Ethics-Certification-Research-Application-Tracking-System\tests\Feature\Dashboard\AdviserReviewerCapabilityTest.php" line="60" class="Tests\Feature\Dashboard\AdviserReviewerCapabilityTest" classname="Tests.Feature.Dashboard.AdviserReviewerCapabilityTest" assertions="4" time="0.069053"/>
        <testcase name="test_eligibility_requires_entitlement_classification_capacity_and_no_relationship_conflict" file="C:\Users\Ace Arthur\OneDrive\Documents\GitHub\Ethics-Certification-Research-Application-Tracking-System\tests\Feature\Dashboard\AdviserReviewerCapabilityTest.php" line="90" class="Tests\Feature\Dashboard\AdviserReviewerCapabilityTest" classname="Tests.Feature.Dashboard.AdviserReviewerCapabilityTest" assertions="5" time="0.043575"/>
      </testsuite>
      <testsuite name="Tests\Feature\Dashboard\ApplicantApplicationWorkflowTest" file="C:\Users\Ace Arthur\OneDrive\Documents\GitHub\Ethics-Certification-Research-Application-Tracking-System\tests\Feature\Dashboard\ApplicantApplicationWorkflowTest.php" tests="20" assertions="242" errors="0" failures="0" skipped="0" time="2.566323">
        <testcase name="test_repeated_start_submissions_create_one_editable_draft_and_audit_creation_once" file="C:\Users\Ace Arthur\OneDrive\Documents\GitHub\Ethics-Certification-Research-Application-Tracking-System\tests\Feature\Dashboard\ApplicantApplicationWorkflowTest.php" line="27" class="Tests\Feature\Dashboard\ApplicantApplicationWorkflowTest" classname="Tests.Feature.Dashboard.ApplicantApplicationWorkflowTest" assertions="15" time="0.086845"/>
        <testcase name="test_new_application_codes_use_approved_type_institution_date_and_unique_suffixes" file="C:\Users\Ace Arthur\OneDrive\Documents\GitHub\Ethics-Certification-Research-Application-Tracking-System\tests\Feature\Dashboard\ApplicantApplicationWorkflowTest.php" line="67" class="Tests\Feature\Dashboard\ApplicantApplicationWorkflowTest" classname="Tests.Feature.Dashboard.ApplicantApplicationWorkflowTest" assertions="21" time="0.153655"/>
        <testcase name="test_applicant_application_list_filters_by_semester_and_academic_year" file="C:\Users\Ace Arthur\OneDrive\Documents\GitHub\Ethics-Certification-Research-Application-Tracking-System\tests\Feature\Dashboard\ApplicantApplicationWorkflowTest.php" line="123" class="Tests\Feature\Dashboard\ApplicantApplicationWorkflowTest" classname="Tests.Feature.Dashboard.ApplicantApplicationWorkflowTest" assertions="4" time="0.070680"/>
        <testcase name="test_information_validation_preserves_student_and_faculty_differences_and_adviser_eligibility" file="C:\Users\Ace Arthur\OneDrive\Documents\GitHub\Ethics-Certification-Research-Application-Tracking-System\tests\Feature\Dashboard\ApplicantApplicationWorkflowTest.php" line="162" class="Tests\Feature\Dashboard\ApplicantApplicationWorkflowTest" classname="Tests.Feature.Dashboard.ApplicantApplicationWorkflowTest" assertions="9" time="0.050735"/>
        <testcase name="test_student_advisers_are_department_scoped_while_faculty_advisers_are_not" file="C:\Users\Ace Arthur\OneDrive\Documents\GitHub\Ethics-Certification-Research-Application-Tracking-System\tests\Feature\Dashboard\ApplicantApplicationWorkflowTest.php" line="202" class="Tests\Feature\Dashboard\ApplicantApplicationWorkflowTest" classname="Tests.Feature.Dashboard.ApplicantApplicationWorkflowTest" assertions="15" time="0.090503"/>
        <testcase name="test_expected_duration_requires_an_ordered_date_pair_and_displays_the_saved_range" file="C:\Users\Ace Arthur\OneDrive\Documents\GitHub\Ethics-Certification-Research-Application-Tracking-System\tests\Feature\Dashboard\ApplicantApplicationWorkflowTest.php" line="265" class="Tests\Feature\Dashboard\ApplicantApplicationWorkflowTest" classname="Tests.Feature.Dashboard.ApplicantApplicationWorkflowTest" assertions="23" time="0.094388"/>
        <testcase name="test_requirement_workspace_combines_progress_and_requires_submit_confirmation_in_the_approved_order" file="C:\Users\Ace Arthur\OneDrive\Documents\GitHub\Ethics-Certification-Research-Application-Tracking-System\tests\Feature\Dashboard\ApplicantApplicationWorkflowTest.php" line="327" class="Tests\Feature\Dashboard\ApplicantApplicationWorkflowTest" classname="Tests.Feature.Dashboard.ApplicantApplicationWorkflowTest" assertions="10" time="0.071882"/>
        <testcase name="test_requested_application_action_groups_remain_horizontal_at_narrow_widths" file="C:\Users\Ace Arthur\OneDrive\Documents\GitHub\Ethics-Certification-Research-Application-Tracking-System\tests\Feature\Dashboard\ApplicantApplicationWorkflowTest.php" line="359" class="Tests\Feature\Dashboard\ApplicantApplicationWorkflowTest" classname="Tests.Feature.Dashboard.ApplicantApplicationWorkflowTest" assertions="4" time="0.029799"/>
        <testcase name="test_applicant_can_update_only_their_own_eligible_draft" file="C:\Users\Ace Arthur\OneDrive\Documents\GitHub\Ethics-Certification-Research-Application-Tracking-System\tests\Feature\Dashboard\ApplicantApplicationWorkflowTest.php" line="378" class="Tests\Feature\Dashboard\ApplicantApplicationWorkflowTest" classname="Tests.Feature.Dashboard.ApplicantApplicationWorkflowTest" assertions="5" time="0.050709"/>
        <testcase name="test_create_prefers_the_unique_draft_and_returned_record_cannot_replace_it" file="C:\Users\Ace Arthur\OneDrive\Documents\GitHub\Ethics-Certification-Research-Application-Tracking-System\tests\Feature\Dashboard\ApplicantApplicationWorkflowTest.php" line="406" class="Tests\Feature\Dashboard\ApplicantApplicationWorkflowTest" classname="Tests.Feature.Dashboard.ApplicantApplicationWorkflowTest" assertions="9" time="0.064182"/>
        <testcase name="test_reopening_an_adviser_returned_application_preserves_initial_submission_and_cycle" file="C:\Users\Ace Arthur\OneDrive\Documents\GitHub\Ethics-Certification-Research-Application-Tracking-System\tests\Feature\Dashboard\ApplicantApplicationWorkflowTest.php" line="445" class="Tests\Feature\Dashboard\ApplicantApplicationWorkflowTest" classname="Tests.Feature.Dashboard.ApplicantApplicationWorkflowTest" assertions="13" time="0.181779"/>
        <testcase name="test_private_document_upload_replacement_and_validation_preserve_version_history" file="C:\Users\Ace Arthur\OneDrive\Documents\GitHub\Ethics-Certification-Research-Application-Tracking-System\tests\Feature\Dashboard\ApplicantApplicationWorkflowTest.php" line="491" class="Tests\Feature\Dashboard\ApplicantApplicationWorkflowTest" classname="Tests.Feature.Dashboard.ApplicantApplicationWorkflowTest" assertions="23" time="0.270011"/>
        <testcase name="test_private_document_upload_accepts_the_one_hundred_megabyte_boundary" file="C:\Users\Ace Arthur\OneDrive\Documents\GitHub\Ethics-Certification-Research-Application-Tracking-System\tests\Feature\Dashboard\ApplicantApplicationWorkflowTest.php" line="569" class="Tests\Feature\Dashboard\ApplicantApplicationWorkflowTest" classname="Tests.Feature.Dashboard.ApplicantApplicationWorkflowTest" assertions="3" time="0.063522"/>
        <testcase name="test_private_document_upload_requires_matching_extension_mime_and_signature_for_every_allowed_format" file="C:\Users\Ace Arthur\OneDrive\Documents\GitHub\Ethics-Certification-Research-Application-Tracking-System\tests\Feature\Dashboard\ApplicantApplicationWorkflowTest.php" line="587" class="Tests\Feature\Dashboard\ApplicantApplicationWorkflowTest" classname="Tests.Feature.Dashboard.ApplicantApplicationWorkflowTest" assertions="21" time="0.736252"/>
        <testcase name="test_upload_all_processes_each_selected_requirement_independently" file="C:\Users\Ace Arthur\OneDrive\Documents\GitHub\Ethics-Certification-Research-Application-Tracking-System\tests\Feature\Dashboard\ApplicantApplicationWorkflowTest.php" line="631" class="Tests\Feature\Dashboard\ApplicantApplicationWorkflowTest" classname="Tests.Feature.Dashboard.ApplicantApplicationWorkflowTest" assertions="11" time="0.101284"/>
        <testcase name="test_current_document_removal_updates_the_checklist_without_deleting_private_history" file="C:\Users\Ace Arthur\OneDrive\Documents\GitHub\Ethics-Certification-Research-Application-Tracking-System\tests\Feature\Dashboard\ApplicantApplicationWorkflowTest.php" line="700" class="Tests\Feature\Dashboard\ApplicantApplicationWorkflowTest" classname="Tests.Feature.Dashboard.ApplicantApplicationWorkflowTest" assertions="10" time="0.110866"/>
        <testcase name="test_document_workspace_uses_the_filename_modal_and_authorized_office_fallback" file="C:\Users\Ace Arthur\OneDrive\Documents\GitHub\Ethics-Certification-Research-Application-Tracking-System\tests\Feature\Dashboard\ApplicantApplicationWorkflowTest.php" line="736" class="Tests\Feature\Dashboard\ApplicantApplicationWorkflowTest" classname="Tests.Feature.Dashboard.ApplicantApplicationWorkflowTest" assertions="18" time="0.093619"/>
        <testcase name="test_new_office_upload_is_rejected_while_historical_office_files_remain_streamable" file="C:\Users\Ace Arthur\OneDrive\Documents\GitHub\Ethics-Certification-Research-Application-Tracking-System\tests\Feature\Dashboard\ApplicantApplicationWorkflowTest.php" line="787" class="Tests\Feature\Dashboard\ApplicantApplicationWorkflowTest" classname="Tests.Feature.Dashboard.ApplicantApplicationWorkflowTest" assertions="4" time="0.046620"/>
        <testcase name="test_applicant_can_permanently_discard_only_their_own_unsubmitted_draft" file="C:\Users\Ace Arthur\OneDrive\Documents\GitHub\Ethics-Certification-Research-Application-Tracking-System\tests\Feature\Dashboard\ApplicantApplicationWorkflowTest.php" line="811" class="Tests\Feature\Dashboard\ApplicantApplicationWorkflowTest" classname="Tests.Feature.Dashboard.ApplicantApplicationWorkflowTest" assertions="13" time="0.113535"/>
        <testcase name="test_document_routes_enforce_owner_and_formal_assigned_adviser_access" file="C:\Users\Ace Arthur\OneDrive\Documents\GitHub\Ethics-Certification-Research-Application-Tracking-System\tests\Feature\Dashboard\ApplicantApplicationWorkflowTest.php" line="858" class="Tests\Feature\Dashboard\ApplicantApplicationWorkflowTest" classname="Tests.Feature.Dashboard.ApplicantApplicationWorkflowTest" assertions="11" time="0.085458"/>
      </testsuite>
      <testsuite name="Tests\Feature\Dashboard\ApplicantRevisionCertificationWorkflowTest" file="C:\Users\Ace Arthur\OneDrive\Documents\GitHub\Ethics-Certification-Research-Application-Tracking-System\tests\Feature\Dashboard\ApplicantRevisionCertificationWorkflowTest.php" tests="4" assertions="44" errors="0" failures="0" skipped="0" time="0.519685">
        <testcase name="test_res_releases_the_exact_reviewer_submission_and_routes_a_versioned_revision_to_the_same_reviewer" file="C:\Users\Ace Arthur\OneDrive\Documents\GitHub\Ethics-Certification-Research-Application-Tracking-System\tests\Feature\Dashboard\ApplicantRevisionCertificationWorkflowTest.php" line="34" class="Tests\Feature\Dashboard\ApplicantRevisionCertificationWorkflowTest" classname="Tests.Feature.Dashboard.ApplicantRevisionCertificationWorkflowTest" assertions="27" time="0.257771"/>
        <testcase name="test_res_cannot_override_a_submitted_revision_decision_or_map_documents" file="C:\Users\Ace Arthur\OneDrive\Documents\GitHub\Ethics-Certification-Research-Application-Tracking-System\tests\Feature\Dashboard\ApplicantRevisionCertificationWorkflowTest.php" line="122" class="Tests\Feature\Dashboard\ApplicantRevisionCertificationWorkflowTest" classname="Tests.Feature.Dashboard.ApplicantRevisionCertificationWorkflowTest" assertions="10" time="0.076682"/>
        <testcase name="test_revision_upload_is_idempotent_for_the_same_file_and_cross_application_ids_are_rejected" file="C:\Users\Ace Arthur\OneDrive\Documents\GitHub\Ethics-Certification-Research-Application-Tracking-System\tests\Feature\Dashboard\ApplicantRevisionCertificationWorkflowTest.php" line="156" class="Tests\Feature\Dashboard\ApplicantRevisionCertificationWorkflowTest" classname="Tests.Feature.Dashboard.ApplicantRevisionCertificationWorkflowTest" assertions="3" time="0.116045"/>
        <testcase name="test_a_third_revision_cycle_is_rejected_before_any_release_is_persisted" file="C:\Users\Ace Arthur\OneDrive\Documents\GitHub\Ethics-Certification-Research-Application-Tracking-System\tests\Feature\Dashboard\ApplicantRevisionCertificationWorkflowTest.php" line="206" class="Tests\Feature\Dashboard\ApplicantRevisionCertificationWorkflowTest" classname="Tests.Feature.Dashboard.ApplicantRevisionCertificationWorkflowTest" assertions="4" time="0.069187"/>
      </testsuite>
      <testsuite name="Tests\Feature\Dashboard\ApplicantRevisionPresentationTest" file="C:\Users\Ace Arthur\OneDrive\Documents\GitHub\Ethics-Certification-Research-Application-Tracking-System\tests\Feature\Dashboard\ApplicantRevisionPresentationTest.php" tests="3" assertions="36" errors="0" failures="0" skipped="0" time="0.203746">
        <testcase name="test_active_revision_uses_closed_requirement_feedback_and_version_accordions_without_certification" file="C:\Users\Ace Arthur\OneDrive\Documents\GitHub\Ethics-Certification-Research-Application-Tracking-System\tests\Feature\Dashboard\ApplicantRevisionPresentationTest.php" line="36" class="Tests\Feature\Dashboard\ApplicantRevisionPresentationTest" classname="Tests.Feature.Dashboard.ApplicantRevisionPresentationTest" assertions="17" time="0.076080"/>
        <testcase name="test_final_approval_shows_released_feedback_before_pending_certificate_and_hides_revision_submission" file="C:\Users\Ace Arthur\OneDrive\Documents\GitHub\Ethics-Certification-Research-Application-Tracking-System\tests\Feature\Dashboard\ApplicantRevisionPresentationTest.php" line="87" class="Tests\Feature\Dashboard\ApplicantRevisionPresentationTest" classname="Tests.Feature.Dashboard.ApplicantRevisionPresentationTest" assertions="11" time="0.062255"/>
        <testcase name="test_released_certificate_keeps_anonymous_feedback_before_the_claim_action" file="C:\Users\Ace Arthur\OneDrive\Documents\GitHub\Ethics-Certification-Research-Application-Tracking-System\tests\Feature\Dashboard\ApplicantRevisionPresentationTest.php" line="116" class="Tests\Feature\Dashboard\ApplicantRevisionPresentationTest" classname="Tests.Feature.Dashboard.ApplicantRevisionPresentationTest" assertions="8" time="0.065410"/>
      </testsuite>
      <testsuite name="Tests\Feature\Dashboard\ApplicationDetailPresentationTest" file="C:\Users\Ace Arthur\OneDrive\Documents\GitHub\Ethics-Certification-Research-Application-Tracking-System\tests\Feature\Dashboard\ApplicationDetailPresentationTest.php" tests="2" assertions="16" errors="0" failures="0" skipped="0" time="0.156945">
        <testcase name="test_adviser_detail_combines_application_and_applicant_information_in_one_panel" file="C:\Users\Ace Arthur\OneDrive\Documents\GitHub\Ethics-Certification-Research-Application-Tracking-System\tests\Feature\Dashboard\ApplicationDetailPresentationTest.php" line="20" class="Tests\Feature\Dashboard\ApplicationDetailPresentationTest" classname="Tests.Feature.Dashboard.ApplicationDetailPresentationTest" assertions="5" time="0.059478"/>
        <testcase name="test_returned_applicant_detail_is_view_only_and_routes_edits_and_uploads_to_their_workspaces" file="C:\Users\Ace Arthur\OneDrive\Documents\GitHub\Ethics-Certification-Research-Application-Tracking-System\tests\Feature\Dashboard\ApplicationDetailPresentationTest.php" line="48" class="Tests\Feature\Dashboard\ApplicationDetailPresentationTest" classname="Tests.Feature.Dashboard.ApplicationDetailPresentationTest" assertions="11" time="0.097466"/>
      </testsuite>
      <testsuite name="Tests\Feature\Dashboard\ApplicationDocumentPreviewTest" file="C:\Users\Ace Arthur\OneDrive\Documents\GitHub\Ethics-Certification-Research-Application-Tracking-System\tests\Feature\Dashboard\ApplicationDocumentPreviewTest.php" tests="8" assertions="279" errors="0" failures="0" skipped="0" time="0.684265">
        <testsuite name="Tests\Feature\Dashboard\ApplicationDocumentPreviewTest::test_authorized_roles_receive_a_private_first_party_office_fallback" tests="4" assertions="224" errors="0" failures="0" skipped="0" time="0.412486">
          <testcase name="test_authorized_roles_receive_a_private_first_party_office_fallback with data set &quot;legacy Word&quot;" file="C:\Users\Ace Arthur\OneDrive\Documents\GitHub\Ethics-Certification-Research-Application-Tracking-System\tests\Feature\Dashboard\ApplicationDocumentPreviewTest.php" line="24" class="Tests\Feature\Dashboard\ApplicationDocumentPreviewTest" classname="Tests.Feature.Dashboard.ApplicationDocumentPreviewTest" assertions="56" time="0.079683"/>
          <testcase name="test_authorized_roles_receive_a_private_first_party_office_fallback with data set &quot;modern Word&quot;" file="C:\Users\Ace Arthur\OneDrive\Documents\GitHub\Ethics-Certification-Research-Application-Tracking-System\tests\Feature\Dashboard\ApplicationDocumentPreviewTest.php" line="24" class="Tests\Feature\Dashboard\ApplicationDocumentPreviewTest" classname="Tests.Feature.Dashboard.ApplicationDocumentPreviewTest" assertions="56" time="0.085038"/>
          <testcase name="test_authorized_roles_receive_a_private_first_party_office_fallback with data set &quot;legacy Excel&quot;" file="C:\Users\Ace Arthur\OneDrive\Documents\GitHub\Ethics-Certification-Research-Application-Tracking-System\tests\Feature\Dashboard\ApplicationDocumentPreviewTest.php" line="24" class="Tests\Feature\Dashboard\ApplicationDocumentPreviewTest" classname="Tests.Feature.Dashboard.ApplicationDocumentPreviewTest" assertions="56" time="0.110910"/>
          <testcase name="test_authorized_roles_receive_a_private_first_party_office_fallback with data set &quot;modern Excel&quot;" file="C:\Users\Ace Arthur\OneDrive\Documents\GitHub\Ethics-Certification-Research-Application-Tracking-System\tests\Feature\Dashboard\ApplicationDocumentPreviewTest.php" line="24" class="Tests\Feature\Dashboard\ApplicationDocumentPreviewTest" classname="Tests.Feature.Dashboard.ApplicationDocumentPreviewTest" assertions="56" time="0.136856"/>
        </testsuite>
        <testsuite name="Tests\Feature\Dashboard\ApplicationDocumentPreviewTest::test_browser_native_formats_stream_inline_with_private_headers" tests="3" assertions="54" errors="0" failures="0" skipped="0" time="0.188587">
          <testcase name="test_browser_native_formats_stream_inline_with_private_headers with data set &quot;PDF&quot;" file="C:\Users\Ace Arthur\OneDrive\Documents\GitHub\Ethics-Certification-Research-Application-Tracking-System\tests\Feature\Dashboard\ApplicationDocumentPreviewTest.php" line="83" class="Tests\Feature\Dashboard\ApplicationDocumentPreviewTest" classname="Tests.Feature.Dashboard.ApplicationDocumentPreviewTest" assertions="18" time="0.065111"/>
          <testcase name="test_browser_native_formats_stream_inline_with_private_headers with data set &quot;JPEG&quot;" file="C:\Users\Ace Arthur\OneDrive\Documents\GitHub\Ethics-Certification-Research-Application-Tracking-System\tests\Feature\Dashboard\ApplicationDocumentPreviewTest.php" line="83" class="Tests\Feature\Dashboard\ApplicationDocumentPreviewTest" classname="Tests.Feature.Dashboard.ApplicationDocumentPreviewTest" assertions="18" time="0.062113"/>
          <testcase name="test_browser_native_formats_stream_inline_with_private_headers with data set &quot;PNG&quot;" file="C:\Users\Ace Arthur\OneDrive\Documents\GitHub\Ethics-Certification-Research-Application-Tracking-System\tests\Feature\Dashboard\ApplicationDocumentPreviewTest.php" line="83" class="Tests\Feature\Dashboard\ApplicationDocumentPreviewTest" classname="Tests.Feature.Dashboard.ApplicationDocumentPreviewTest" assertions="18" time="0.061363"/>
        </testsuite>
        <testcase name="test_nested_preview_route_does_not_reveal_a_document_from_another_application" file="C:\Users\Ace Arthur\OneDrive\Documents\GitHub\Ethics-Certification-Research-Application-Tracking-System\tests\Feature\Dashboard\ApplicationDocumentPreviewTest.php" line="124" class="Tests\Feature\Dashboard\ApplicationDocumentPreviewTest" classname="Tests.Feature.Dashboard.ApplicationDocumentPreviewTest" assertions="1" time="0.083192"/>
      </testsuite>
      <testsuite name="Tests\Feature\Dashboard\ApplicationSubmissionTest" file="C:\Users\Ace Arthur\OneDrive\Documents\GitHub\Ethics-Certification-Research-Application-Tracking-System\tests\Feature\Dashboard\ApplicationSubmissionTest.php" tests="13" assertions="92" errors="0" failures="0" skipped="0" time="1.158058">
        <testcase name="test_owned_draft_appears_on_dashboard_without_becoming_formally_submitted" file="C:\Users\Ace Arthur\OneDrive\Documents\GitHub\Ethics-Certification-Research-Application-Tracking-System\tests\Feature\Dashboard\ApplicationSubmissionTest.php" line="27" class="Tests\Feature\Dashboard\ApplicationSubmissionTest" classname="Tests.Feature.Dashboard.ApplicationSubmissionTest" assertions="7" time="0.112707"/>
        <testcase name="test_missing_pending_and_rejected_requirements_block_submission" file="C:\Users\Ace Arthur\OneDrive\Documents\GitHub\Ethics-Certification-Research-Application-Tracking-System\tests\Feature\Dashboard\ApplicationSubmissionTest.php" line="53" class="Tests\Feature\Dashboard\ApplicationSubmissionTest" classname="Tests.Feature.Dashboard.ApplicationSubmissionTest" assertions="7" time="0.056023"/>
        <testcase name="test_all_active_requirements_complete_submits_once_and_records_audit" file="C:\Users\Ace Arthur\OneDrive\Documents\GitHub\Ethics-Certification-Research-Application-Tracking-System\tests\Feature\Dashboard\ApplicationSubmissionTest.php" line="83" class="Tests\Feature\Dashboard\ApplicationSubmissionTest" classname="Tests.Feature.Dashboard.ApplicationSubmissionTest" assertions="12" time="0.106863"/>
        <testcase name="test_another_applicant_cannot_submit_and_denial_is_audited" file="C:\Users\Ace Arthur\OneDrive\Documents\GitHub\Ethics-Certification-Research-Application-Tracking-System\tests\Feature\Dashboard\ApplicationSubmissionTest.php" line="133" class="Tests\Feature\Dashboard\ApplicationSubmissionTest" classname="Tests.Feature.Dashboard.ApplicationSubmissionTest" assertions="2" time="0.042511"/>
        <testcase name="test_closed_submission_window_preserves_a_complete_draft" file="C:\Users\Ace Arthur\OneDrive\Documents\GitHub\Ethics-Certification-Research-Application-Tracking-System\tests\Feature\Dashboard\ApplicationSubmissionTest.php" line="152" class="Tests\Feature\Dashboard\ApplicationSubmissionTest" classname="Tests.Feature.Dashboard.ApplicationSubmissionTest" assertions="6" time="0.066192"/>
[...]
#49 C:\Users\Ace Arthur\OneDrive\Documents\GitHub\Ethics-Certification-Research-Application-Tracking-System\vendor\laravel\framework\src\Illuminate\Routing\Router.php(821): Illuminate\Pipeline\Pipeline-&gt;then(Object(Closure))
#50 C:\Users\Ace Arthur\OneDrive\Documents\GitHub\Ethics-Certification-Research-Application-Tracking-System\vendor\laravel\framework\src\Illuminate\Routing\Router.php(800): Illuminate\Routing\Router-&gt;runRouteWithinStack(Object(Illuminate\Routing\Route), Object(Illuminate\Http\Request))
#51 C:\Users\Ace Arthur\OneDrive\Documents\GitHub\Ethics-Certification-Research-Application-Tracking-System\vendor\laravel\framework\src\Illuminate\Routing\Router.php(764): Illuminate\Routing\Router-&gt;runRoute(Object(Illuminate\Http\Request), Object(Illuminate\Routing\Route))
#52 C:\Users\Ace Arthur\OneDrive\Documents\GitHub\Ethics-Certification-Research-Application-Tracking-System\vendor\laravel\framework\src\Illuminate\Routing\Router.php(753): Illuminate\Routing\Router-&gt;dispatchToRoute(Object(Illuminate\Http\Request))
#53 C:\Users\Ace Arthur\OneDrive\Documents\GitHub\Ethics-Certification-Research-Application-Tracking-System\vendor\laravel\framework\src\Illuminate\Foundation\Http\Kernel.php(200): Illuminate\Routing\Router-&gt;dispatch(Object(Illuminate\Http\Request))
#54 C:\Users\Ace Arthur\OneDrive\Documents\GitHub\Ethics-Certification-Research-Application-Tracking-System\vendor\laravel\framework\src\Illuminate\Pipeline\Pipeline.php(180): Illuminate\Foundation\Http\Kernel-&gt;Illuminate\Foundation\Http\{closure}(Object(Illuminate\Http\Request))
#55 C:\Users\Ace Arthur\OneDrive\Documents\GitHub\Ethics-Certification-Research-Application-Tracking-System\vendor\laravel\framework\src\Illuminate\Foundation\Http\Middleware\TransformsRequest.php(21): Illuminate\Pipeline\Pipeline-&gt;Illuminate\Pipeline\{closure}(Object(Illuminate\Http\Request))
#56 C:\Users\Ace Arthur\OneDrive\Documents\GitHub\Ethics-Certification-Research-Application-Tracking-System\vendor\laravel\framework\src\Illuminate\Foundation\Http\Middleware\ConvertEmptyStringsToNull.php(31): Illuminate\Foundation\Http\Middleware\TransformsRequest-&gt;handle(Object(Illuminate\Http\Request), Object(Closure))
#57 C:\Users\Ace Arthur\OneDrive\Documents\GitHub\Ethics-Certification-Research-Application-Tracking-System\vendor\laravel\framework\src\Illuminate\Pipeline\Pipeline.php(219): Illuminate\Foundation\Http\Middleware\ConvertEmptyStringsToNull-&gt;handle(Object(Illuminate\Http\Request), Object(Closure))
#58 C:\Users\Ace Arthur\OneDrive\Documents\GitHub\Ethics-Certification-Research-Application-Tracking-System\vendor\laravel\framework\src\Illuminate\Foundation\Http\Middleware\TransformsRequest.php(21): Illuminate\Pipeline\Pipeline-&gt;Illuminate\Pipeline\{closure}(Object(Illuminate\Http\Request))
#59 C:\Users\Ace Arthur\OneDrive\Documents\GitHub\Ethics-Certification-Research-Application-Tracking-System\vendor\laravel\framework\src\Illuminate\Foundation\Http\Middleware\TrimStrings.php(51): Illuminate\Foundation\Http\Middleware\TransformsRequest-&gt;handle(Object(Illuminate\Http\Request), Object(Closure))
#60 C:\Users\Ace Arthur\OneDrive\Documents\GitHub\Ethics-Certification-Research-Application-Tracking-System\vendor\laravel\framework\src\Illuminate\Pipeline\Pipeline.php(219): Illuminate\Foundation\Http\Middleware\TrimStrings-&gt;handle(Object(Illuminate\Http\Request), Object(Closure))
#61 C:\Users\Ace Arthur\OneDrive\Documents\GitHub\Ethics-Certification-Research-Application-Tracking-System\vendor\laravel\framework\src\Illuminate\Http\Middleware\ValidatePostSize.php(27): Illuminate\Pipeline\Pipeline-&gt;Illuminate\Pipeline\{closure}(Object(Illuminate\Http\Request))
#62 C:\Users\Ace Arthur\OneDrive\Documents\GitHub\Ethics-Certification-Research-Application-Tracking-System\vendor\laravel\framework\src\Illuminate\Pipeline\Pipeline.php(219): Illuminate\Http\Middleware\ValidatePostSize-&gt;handle(Object(Illuminate\Http\Request), Object(Closure))
#63 C:\Users\Ace Arthur\OneDrive\Documents\GitHub\Ethics-Certification-Research-Application-Tracking-System\vendor\laravel\framework\src\Illuminate\Foundation\Http\Middleware\PreventRequestsDuringMaintenance.php(109): Illuminate\Pipeline\Pipeline-&gt;Illuminate\Pipeline\{closure}(Object(Illuminate\Http\Request))
#64 C:\Users\Ace Arthur\OneDrive\Documents\GitHub\Ethics-Certification-Research-Application-Tracking-System\vendor\laravel\framework\src\Illuminate\Pipeline\Pipeline.php(219): Illuminate\Foundation\Http\Middleware\PreventRequestsDuringMaintenance-&gt;handle(Object(Illuminate\Http\Request), Object(Closure))
#65 C:\Users\Ace Arthur\OneDrive\Documents\GitHub\Ethics-Certification-Research-Application-Tracking-System\vendor\laravel\framework\src\Illuminate\Http\Middleware\HandleCors.php(61): Illuminate\Pipeline\Pipeline-&gt;Illuminate\Pipeline\{closure}(Object(Illuminate\Http\Request))
#66 C:\Users\Ace Arthur\OneDrive\Documents\GitHub\Ethics-Certification-Research-Application-Tracking-System\vendor\laravel\framework\src\Illuminate\Pipeline\Pipeline.php(219): Illuminate\Http\Middleware\HandleCors-&gt;handle(Object(Illuminate\Http\Request), Object(Closure))
#67 C:\Users\Ace Arthur\OneDrive\Documents\GitHub\Ethics-Certification-Research-Application-Tracking-System\vendor\laravel\framework\src\Illuminate\Http\Middleware\TrustProxies.php(58): Illuminate\Pipeline\Pipeline-&gt;Illuminate\Pipeline\{closure}(Object(Illuminate\Http\Request))
#68 C:\Users\Ace Arthur\OneDrive\Documents\GitHub\Ethics-Certification-Research-Application-Tracking-System\vendor\laravel\framework\src\Illuminate\Pipeline\Pipeline.php(219): Illuminate\Http\Middleware\TrustProxies-&gt;handle(Object(Illuminate\Http\Request), Object(Closure))
#69 C:\Users\Ace Arthur\OneDrive\Documents\GitHub\Ethics-Certification-Research-Application-Tracking-System\vendor\laravel\framework\src\Illuminate\Foundation\Http\Middleware\InvokeDeferredCallbacks.php(22): Illuminate\Pipeline\Pipeline-&gt;Illuminate\Pipeline\{closure}(Object(Illuminate\Http\Request))
#70 C:\Users\Ace Arthur\OneDrive\Documents\GitHub\Ethics-Certification-Research-Application-Tracking-System\vendor\laravel\framework\src\Illuminate\Pipeline\Pipeline.php(219): Illuminate\Foundation\Http\Middleware\InvokeDeferredCallbacks-&gt;handle(Object(Illuminate\Http\Request), Object(Closure))
#71 C:\Users\Ace Arthur\OneDrive\Documents\GitHub\Ethics-Certification-Research-Application-Tracking-System\vendor\laravel\framework\src\Illuminate\Http\Middleware\ValidatePathEncoding.php(28): Illuminate\Pipeline\Pipeline-&gt;Illuminate\Pipeline\{closure}(Object(Illuminate\Http\Request))
#72 C:\Users\Ace Arthur\OneDrive\Documents\GitHub\Ethics-Certification-Research-Application-Tracking-System\vendor\laravel\framework\src\Illuminate\Pipeline\Pipeline.php(219): Illuminate\Http\Middleware\ValidatePathEncoding-&gt;handle(Object(Illuminate\Http\Request), Object(Closure))
#73 C:\Users\Ace Arthur\OneDrive\Documents\GitHub\Ethics-Certification-Research-Application-Tracking-System\vendor\laravel\framework\src\Illuminate\Pipeline\Pipeline.php(137): Illuminate\Pipeline\Pipeline-&gt;Illuminate\Pipeline\{closure}(Object(Illuminate\Http\Request))
#74 C:\Users\Ace Arthur\OneDrive\Documents\GitHub\Ethics-Certification-Research-Application-Tracking-System\vendor\laravel\framework\src\Illuminate\Foundation\Http\Kernel.php(175): Illuminate\Pipeline\Pipeline-&gt;then(Object(Closure))
#75 C:\Users\Ace Arthur\OneDrive\Documents\GitHub\Ethics-Certification-Research-Application-Tracking-System\vendor\laravel\framework\src\Illuminate\Foundation\Http\Kernel.php(144): Illuminate\Foundation\Http\Kernel-&gt;sendRequestThroughRouter(Object(Illuminate\Http\Request))
#76 C:\Users\Ace Arthur\OneDrive\Documents\GitHub\Ethics-Certification-Research-Application-Tracking-System\vendor\laravel\framework\src\Illuminate\Foundation\Testing\Concerns\MakesHttpRequests.php(638): Illuminate\Foundation\Http\Kernel-&gt;handle(Object(Illuminate\Http\Request))
#77 C:\Users\Ace Arthur\OneDrive\Documents\GitHub\Ethics-Certification-Research-Application-Tracking-System\vendor\laravel\framework\src\Illuminate\Foundation\Testing\Concerns\MakesHttpRequests.php(368): Illuminate\Foundation\Testing\TestCase-&gt;call('GET', 'http://127.0.0....', Array, Array, Array, Array)
#78 C:\Users\Ace Arthur\OneDrive\Documents\GitHub\Ethics-Certification-Research-Application-Tracking-System\tests\Feature\Settings\ResLeadSettingsTest.php(213): Illuminate\Foundation\Testing\TestCase-&gt;get('http://127.0.0....')
#79 C:\Users\Ace Arthur\OneDrive\Documents\GitHub\Ethics-Certification-Research-Application-Tracking-System\vendor\phpunit\phpunit\src\Framework\TestCase.php(1318): Tests\Feature\Settings\ResLeadSettingsTest-&gt;test_settings_term_label_uses_only_the_current_configured_timeframe()
#80 C:\Users\Ace Arthur\OneDrive\Documents\GitHub\Ethics-Certification-Research-Application-Tracking-System\vendor\phpunit\phpunit\src\Framework\TestCase.php(1355): PHPUnit\Framework\TestCase-&gt;invokeTestMethod('test_settings_t...', Array)
#81 C:\Users\Ace Arthur\OneDrive\Documents\GitHub\Ethics-Certification-Research-Application-Tracking-System\vendor\phpunit\phpunit\src\Framework\TestCase.php(521): PHPUnit\Framework\TestCase-&gt;runTest()
#82 C:\Users\Ace Arthur\OneDrive\Documents\GitHub\Ethics-Certification-Research-Application-Tracking-System\vendor\phpunit\phpunit\src\Framework\TestRunner\TestRunner.php(99): PHPUnit\Framework\TestCase-&gt;runBare()
#83 C:\Users\Ace Arthur\OneDrive\Documents\GitHub\Ethics-Certification-Research-Application-Tracking-System\vendor\phpunit\phpunit\src\Framework\TestCase.php(361): PHPUnit\Framework\TestRunner-&gt;run(Object(Tests\Feature\Settings\ResLeadSettingsTest))
#84 C:\Users\Ace Arthur\OneDrive\Documents\GitHub\Ethics-Certification-Research-Application-Tracking-System\vendor\phpunit\phpunit\src\Framework\TestSuite.php(374): PHPUnit\Framework\TestCase-&gt;run()
#85 C:\Users\Ace Arthur\OneDrive\Documents\GitHub\Ethics-Certification-Research-Application-Tracking-System\vendor\phpunit\phpunit\src\Framework\TestSuite.php(374): PHPUnit\Framework\TestSuite-&gt;run()
#86 C:\Users\Ace Arthur\OneDrive\Documents\GitHub\Ethics-Certification-Research-Application-Tracking-System\vendor\phpunit\phpunit\src\Framework\TestSuite.php(374): PHPUnit\Framework\TestSuite-&gt;run()
#87 C:\Users\Ace Arthur\OneDrive\Documents\GitHub\Ethics-Certification-Research-Application-Tracking-System\vendor\phpunit\phpunit\src\TextUI\TestRunner.php(64): PHPUnit\Framework\TestSuite-&gt;run()
#88 C:\Users\Ace Arthur\OneDrive\Documents\GitHub\Ethics-Certification-Research-Application-Tracking-System\vendor\phpunit\phpunit\src\TextUI\Application.php(229): PHPUnit\TextUI\TestRunner-&gt;run(Object(PHPUnit\TextUI\Configuration\Configuration), Object(PHPUnit\Runner\ResultCache\DefaultResultCache), Object(PHPUnit\Framework\TestSuite))
#89 C:\Users\Ace Arthur\OneDrive\Documents\GitHub\Ethics-Certification-Research-Application-Tracking-System\vendor\phpunit\phpunit\phpunit(104): PHPUnit\TextUI\Application-&gt;run(Array)
#90 {main}

----------------------------------------------------------------------------------

SQLSTATE[23000]: Integrity constraint violation: 19 UNIQUE constraint failed: certificate_backgrounds.asset_version (Connection: sqlite, Database: :memory:, SQL: insert into "certificate_backgrounds" ("background_type", "asset_version", "source_kind", "original_file_name", "stored_file_path", "mime_type", "file_size_bytes", "sha256", "width_pixels", "height_pixels", "page_count", "is_active", "activated_at", "updated_at", "created_at") values (review_worksheet, 1, official_default, RES Review Worksheet official background.png, managed-backgrounds/review_worksheet/official-04a7f600af3bae57d9f11150107f97c8cbda858988c586e68c6fb0bba6925b61.png, image/png, 629036, 04a7f600af3bae57d9f11150107f97c8cbda858988c586e68c6fb0bba6925b61, 1414, 2000, 1, 1, 2026-08-17 19:21:35, 2026-08-17 19:21:35, 2026-08-17 19:21:35))
&#13;
C:\Users\Ace Arthur\OneDrive\Documents\GitHub\Ethics-Certification-Research-Application-Tracking-System\vendor\laravel\framework\src\Illuminate\Testing\TestResponseAssert.php:45
C:\Users\Ace Arthur\OneDrive\Documents\GitHub\Ethics-Certification-Research-Application-Tracking-System\vendor\laravel\framework\src\Illuminate\Testing\TestResponse.php:176
C:\Users\Ace Arthur\OneDrive\Documents\GitHub\Ethics-Certification-Research-Application-Tracking-System\vendor\laravel\framework\src\Illuminate\Testing\Concerns\AssertsStatusCodes.php:16
C:\Users\Ace Arthur\OneDrive\Documents\GitHub\Ethics-Certification-Research-Application-Tracking-System\tests\Feature\Settings\ResLeadSettingsTest.php:214</failure>
        </testcase>
        <testcase name="test_res_lead_can_update_own_username_and_password_with_current_password" file="C:\Users\Ace Arthur\OneDrive\Documents\GitHub\Ethics-Certification-Research-Application-Tracking-System\tests\Feature\Settings\ResLeadSettingsTest.php" line="226" class="Tests\Feature\Settings\ResLeadSettingsTest" classname="Tests.Feature.Settings.ResLeadSettingsTest" assertions="9" time="0.047219"/>
        <testcase name="test_res_lead_password_change_rejects_an_incorrect_current_password" file="C:\Users\Ace Arthur\OneDrive\Documents\GitHub\Ethics-Certification-Research-Application-Tracking-System\tests\Feature\Settings\ResLeadSettingsTest.php" line="256" class="Tests\Feature\Settings\ResLeadSettingsTest" classname="Tests.Feature.Settings.ResLeadSettingsTest" assertions="5" time="0.046264"/>
        <testcase name="test_password_mismatch_reports_both_new_password_fields" file="C:\Users\Ace Arthur\OneDrive\Documents\GitHub\Ethics-Certification-Research-Application-Tracking-System\tests\Feature\Settings\ResLeadSettingsTest.php" line="276" class="Tests\Feature\Settings\ResLeadSettingsTest" classname="Tests.Feature.Settings.ResLeadSettingsTest" assertions="4" time="0.053402"/>
        <testcase name="test_automatic_deadlines_store_no_manual_override" file="C:\Users\Ace Arthur\OneDrive\Documents\GitHub\Ethics-Certification-Research-Application-Tracking-System\tests\Feature\Settings\ResLeadSettingsTest.php" line="294" class="Tests\Feature\Settings\ResLeadSettingsTest" classname="Tests.Feature.Settings.ResLeadSettingsTest" assertions="4" time="0.099006"/>
      </testsuite>
      <testsuite name="Tests\Feature\Settings\ReviewerSettingsTest" file="C:\Users\Ace Arthur\OneDrive\Documents\GitHub\Ethics-Certification-Research-Application-Tracking-System\tests\Feature\Settings\ReviewerSettingsTest.php" tests="2" assertions="16" errors="0" failures="1" skipped="0" time="0.804873">
        <testcase name="test_reviewer_settings_page_is_functional_and_owner_scoped" file="C:\Users\Ace Arthur\OneDrive\Documents\GitHub\Ethics-Certification-Research-Application-Tracking-System\tests\Feature\Settings\ReviewerSettingsTest.php" line="16" class="Tests\Feature\Settings\ReviewerSettingsTest" classname="Tests.Feature.Settings.ReviewerSettingsTest" assertions="8" time="0.706433">
          <failure type="PHPUnit\Framework\ExpectationFailedException">Tests\Feature\Settings\ReviewerSettingsTest::test_reviewer_settings_page_is_functional_and_owner_scoped&#13;
Expected response status code [201, 301, 302, 303, 307, 308] but received 403.
Failed asserting that false is true.
&#13;
C:\Users\Ace Arthur\OneDrive\Documents\GitHub\Ethics-Certification-Research-Application-Tracking-System\vendor\laravel\framework\src\Illuminate\Testing\TestResponseAssert.php:45
C:\Users\Ace Arthur\OneDrive\Documents\GitHub\Ethics-Certification-Research-Application-Tracking-System\vendor\laravel\framework\src\Illuminate\Testing\TestResponse.php:201
C:\Users\Ace Arthur\OneDrive\Documents\GitHub\Ethics-Certification-Research-Application-Tracking-System\tests\Feature\Settings\ReviewerSettingsTest.php:36</failure>
        </testcase>
        <testcase name="test_reviewer_can_update_own_username_and_password" file="C:\Users\Ace Arthur\OneDrive\Documents\GitHub\Ethics-Certification-Research-Application-Tracking-System\tests\Feature\Settings\ReviewerSettingsTest.php" line="40" class="Tests\Feature\Settings\ReviewerSettingsTest" classname="Tests.Feature.Settings.ReviewerSettingsTest" assertions="8" time="0.098440"/>
      </testsuite>
      <testsuite name="Tests\Feature\Settings\RoleAccountSettingsTest" file="C:\Users\Ace Arthur\OneDrive\Documents\GitHub\Ethics-Certification-Research-Application-Tracking-System\tests\Feature\Settings\RoleAccountSettingsTest.php" tests="5" assertions="38" errors="0" failures="1" skipped="0" time="0.460439">
        <testcase name="test_applicant_can_edit_only_permitted_profile_fields_and_view_real_profile_data" file="C:\Users\Ace Arthur\OneDrive\Documents\GitHub\Ethics-Certification-Research-Application-Tracking-System\tests\Feature\Settings\RoleAccountSettingsTest.php" line="21" class="Tests\Feature\Settings\RoleAccountSettingsTest" classname="Tests.Feature.Settings.RoleAccountSettingsTest" assertions="15" time="0.122992"/>
        <testcase name="test_adviser_settings_store_expected_endorsements_but_keep_reviewer_fields_read_only" file="C:\Users\Ace Arthur\OneDrive\Documents\GitHub\Ethics-Certification-Research-Application-Tracking-System\tests\Feature\Settings\RoleAccountSettingsTest.php" line="75" class="Tests\Feature\Settings\RoleAccountSettingsTest" classname="Tests.Feature.Settings.RoleAccountSettingsTest" assertions="2" time="0.054035">
          <failure type="PHPUnit\Framework\ExpectationFailedException">Tests\Feature\Settings\RoleAccountSettingsTest::test_adviser_settings_store_expected_endorsements_but_keep_reviewer_fields_read_only&#13;
Session has unexpected errors: &#13;
&#13;
{
    "default": [
        "The phone number field is required."
    ]
}
Failed asserting that true is false.
&#13;
C:\Users\Ace Arthur\OneDrive\Documents\GitHub\Ethics-Certification-Research-Application-Tracking-System\vendor\laravel\framework\src\Illuminate\Testing\TestResponseAssert.php:45
C:\Users\Ace Arthur\OneDrive\Documents\GitHub\Ethics-Certification-Research-Application-Tracking-System\vendor\laravel\framework\src\Illuminate\Testing\TestResponse.php:1758
C:\Users\Ace Arthur\OneDrive\Documents\GitHub\Ethics-Certification-Research-Application-Tracking-System\vendor\laravel\framework\src\Illuminate\Testing\TestResponse.php:1725
C:\Users\Ace Arthur\OneDrive\Documents\GitHub\Ethics-Certification-Research-Application-Tracking-System\tests\Feature\Settings\RoleAccountSettingsTest.php:97</failure>
        </testcase>
        <testcase name="test_email_and_password_changes_require_current_password_and_are_audited" file="C:\Users\Ace Arthur\OneDrive\Documents\GitHub\Ethics-Certification-Research-Application-Tracking-System\tests\Feature\Settings\RoleAccountSettingsTest.php" line="112" class="Tests\Feature\Settings\RoleAccountSettingsTest" classname="Tests.Feature.Settings.RoleAccountSettingsTest" assertions="12" time="0.095438"/>
        <testcase name="test_database_backed_password_change_revokes_only_other_sessions" file="C:\Users\Ace Arthur\OneDrive\Documents\GitHub\Ethics-Certification-Research-Application-Tracking-System\tests\Feature\Settings\RoleAccountSettingsTest.php" line="150" class="Tests\Feature\Settings\RoleAccountSettingsTest" classname="Tests.Feature.Settings.RoleAccountSettingsTest" assertions="3" time="0.066275"/>
        <testcase name="test_security_changes_have_a_dedicated_rate_limit" file="C:\Users\Ace Arthur\OneDrive\Documents\GitHub\Ethics-Certification-Research-Application-Tracking-System\tests\Feature\Settings\RoleAccountSettingsTest.php" line="172" class="Tests\Feature\Settings\RoleAccountSettingsTest" classname="Tests.Feature.Settings.RoleAccountSettingsTest" assertions="6" time="0.121698"/>
      </testsuite>
    </testsuite>
  </testsuite>
</testsuites>
