<?xml version="1.0" encoding="UTF-8"?>
<testsuites>
  <testsuite name="C:\Users\User\Documents\GitHub\KLD-ECRATS\phpunit.xml" tests="302" assertions="3963" errors="0" failures="14" skipped="0" time="87.779285">
    <testsuite name="Unit" tests="17" assertions="63" errors="0" failures="0" skipped="0" time="0.513794">
      <testsuite name="Tests\Unit\ApplicationDocumentTest" file="C:\Users\User\Documents\GitHub\KLD-ECRATS\tests\Unit\ApplicationDocumentTest.php" tests="8" assertions="24" errors="0" failures="0" skipped="0" time="0.037171">
        <testsuite name="Tests\Unit\ApplicationDocumentTest::test_preview_behavior_uses_the_server_verified_mime_type" tests="8" assertions="24" errors="0" failures="0" skipped="0" time="0.037171">
          <testcase name="test_preview_behavior_uses_the_server_verified_mime_type with data set &quot;PDF&quot;" file="C:\Users\User\Documents\GitHub\KLD-ECRATS\tests\Unit\ApplicationDocumentTest.php" line="12" class="Tests\Unit\ApplicationDocumentTest" classname="Tests.Unit.ApplicationDocumentTest" assertions="3" time="0.026813"/>
          <testcase name="test_preview_behavior_uses_the_server_verified_mime_type with data set &quot;Word DOC&quot;" file="C:\Users\User\Documents\GitHub\KLD-ECRATS\tests\Unit\ApplicationDocumentTest.php" line="12" class="Tests\Unit\ApplicationDocumentTest" classname="Tests.Unit.ApplicationDocumentTest" assertions="3" time="0.001973"/>
          <testcase name="test_preview_behavior_uses_the_server_verified_mime_type with data set &quot;Word DOCX&quot;" file="C:\Users\User\Documents\GitHub\KLD-ECRATS\tests\Unit\ApplicationDocumentTest.php" line="12" class="Tests\Unit\ApplicationDocumentTest" classname="Tests.Unit.ApplicationDocumentTest" assertions="3" time="0.001624"/>
          <testcase name="test_preview_behavior_uses_the_server_verified_mime_type with data set &quot;Excel XLS&quot;" file="C:\Users\User\Documents\GitHub\KLD-ECRATS\tests\Unit\ApplicationDocumentTest.php" line="12" class="Tests\Unit\ApplicationDocumentTest" classname="Tests.Unit.ApplicationDocumentTest" assertions="3" time="0.001368"/>
          <testcase name="test_preview_behavior_uses_the_server_verified_mime_type with data set &quot;Excel XLSX&quot;" file="C:\Users\User\Documents\GitHub\KLD-ECRATS\tests\Unit\ApplicationDocumentTest.php" line="12" class="Tests\Unit\ApplicationDocumentTest" classname="Tests.Unit.ApplicationDocumentTest" assertions="3" time="0.001332"/>
          <testcase name="test_preview_behavior_uses_the_server_verified_mime_type with data set &quot;JPEG&quot;" file="C:\Users\User\Documents\GitHub\KLD-ECRATS\tests\Unit\ApplicationDocumentTest.php" line="12" class="Tests\Unit\ApplicationDocumentTest" classname="Tests.Unit.ApplicationDocumentTest" assertions="3" time="0.001237"/>
          <testcase name="test_preview_behavior_uses_the_server_verified_mime_type with data set &quot;PNG&quot;" file="C:\Users\User\Documents\GitHub\KLD-ECRATS\tests\Unit\ApplicationDocumentTest.php" line="12" class="Tests\Unit\ApplicationDocumentTest" classname="Tests.Unit.ApplicationDocumentTest" assertions="3" time="0.001266"/>
          <testcase name="test_preview_behavior_uses_the_server_verified_mime_type with data set &quot;unknown&quot;" file="C:\Users\User\Documents\GitHub\KLD-ECRATS\tests\Unit\ApplicationDocumentTest.php" line="12" class="Tests\Unit\ApplicationDocumentTest" classname="Tests.Unit.ApplicationDocumentTest" assertions="3" time="0.001558"/>
        </testsuite>
      </testsuite>
      <testsuite name="Tests\Unit\ExampleTest" file="C:\Users\User\Documents\GitHub\KLD-ECRATS\tests\Unit\ExampleTest.php" tests="1" assertions="1" errors="0" failures="0" skipped="0" time="0.001178">
        <testcase name="test_that_true_is_true" file="C:\Users\User\Documents\GitHub\KLD-ECRATS\tests\Unit\ExampleTest.php" line="12" class="Tests\Unit\ExampleTest" classname="Tests.Unit.ExampleTest" assertions="1" time="0.001178"/>
      </testsuite>
      <testsuite name="Tests\Unit\Identity\SpreadsheetRuntimeTest" file="C:\Users\User\Documents\GitHub\KLD-ECRATS\tests\Unit\Identity\SpreadsheetRuntimeTest.php" tests="5" assertions="13" errors="0" failures="0" skipped="0" time="0.401617">
        <testcase name="test_capability_failures_are_reported_as_bounded_identifiers" file="C:\Users\User\Documents\GitHub\KLD-ECRATS\tests\Unit\Identity\SpreadsheetRuntimeTest.php" line="19" class="Tests\Unit\Identity\SpreadsheetRuntimeTest" classname="Tests.Unit.Identity.SpreadsheetRuntimeTest" assertions="3" time="0.241156"/>
        <testcase name="test_exception_rejects_unbounded_diagnostics" file="C:\Users\User\Documents\GitHub\KLD-ECRATS\tests\Unit\Identity\SpreadsheetRuntimeTest.php" line="56" class="Tests\Unit\Identity\SpreadsheetRuntimeTest" classname="Tests.Unit.Identity.SpreadsheetRuntimeTest" assertions="3" time="0.021489"/>
        <testcase name="test_private_export_storage_probe_cleans_its_artifact" file="C:\Users\User\Documents\GitHub\KLD-ECRATS\tests\Unit\Identity\SpreadsheetRuntimeTest.php" line="67" class="Tests\Unit\Identity\SpreadsheetRuntimeTest" classname="Tests.Unit.Identity.SpreadsheetRuntimeTest" assertions="2" time="0.064142"/>
        <testcase name="test_template_generation_delegates_to_readiness_before_creating_files" file="C:\Users\User\Documents\GitHub\KLD-ECRATS\tests\Unit\Identity\SpreadsheetRuntimeTest.php" line="85" class="Tests\Unit\Identity\SpreadsheetRuntimeTest" classname="Tests.Unit.Identity.SpreadsheetRuntimeTest" assertions="3" time="0.042537"/>
        <testcase name="test_upload_read_converts_runtime_failure_to_a_safe_field_error" file="C:\Users\User\Documents\GitHub\KLD-ECRATS\tests\Unit\Identity\SpreadsheetRuntimeTest.php" line="106" class="Tests\Unit\Identity\SpreadsheetRuntimeTest" classname="Tests.Unit.Identity.SpreadsheetRuntimeTest" assertions="2" time="0.032293"/>
      </testsuite>
      <testsuite name="Tests\Unit\ReviewFormCatalogTest" file="C:\Users\User\Documents\GitHub\KLD-ECRATS\tests\Unit\ReviewFormCatalogTest.php" tests="1" assertions="13" errors="0" failures="0" skipped="0" time="0.026264">
        <testcase name="test_official_source_page_and_option_mappings_are_stable" file="C:\Users\User\Documents\GitHub\KLD-ECRATS\tests\Unit\ReviewFormCatalogTest.php" line="11" class="Tests\Unit\ReviewFormCatalogTest" classname="Tests.Unit.ReviewFormCatalogTest" assertions="13" time="0.026264"/>
      </testsuite>
      <testsuite name="Tests\Unit\RuntimePreflightScriptTest" file="C:\Users\User\Documents\GitHub\KLD-ECRATS\tests\Unit\RuntimePreflightScriptTest.php" tests="2" assertions="12" errors="0" failures="0" skipped="0" time="0.047565">
        <testcase name="test_preflight_passes_when_runtime_and_storage_are_ready" file="C:\Users\User\Documents\GitHub\KLD-ECRATS\tests\Unit\RuntimePreflightScriptTest.php" line="11" class="Tests\Unit\RuntimePreflightScriptTest" classname="Tests.Unit.RuntimePreflightScriptTest" assertions="2" time="0.023761"/>
        <testcase name="test_preflight_failure_identifies_ini_zip_and_storage_remediation" file="C:\Users\User\Documents\GitHub\KLD-ECRATS\tests\Unit\RuntimePreflightScriptTest.php" line="22" class="Tests\Unit\RuntimePreflightScriptTest" classname="Tests.Unit.RuntimePreflightScriptTest" assertions="10" time="0.023804"/>
      </testsuite>
    </testsuite>
    <testsuite name="Feature" tests="285" assertions="3900" errors="0" failures="14" skipped="0" time="87.265490">
      <testsuite name="Tests\Feature\Auth\AccountCreationServiceTest" file="C:\Users\User\Documents\GitHub\KLD-ECRATS\tests\Feature\Auth\AccountCreationServiceTest.php" tests="4" assertions="24" errors="0" failures="0" skipped="0" time="0.898806">
        <testcase name="test_res_lead_creates_only_approved_non_res_roles_as_pending_setup" file="C:\Users\User\Documents\GitHub\KLD-ECRATS\tests\Feature\Auth\AccountCreationServiceTest.php" line="20" class="Tests\Feature\Auth\AccountCreationServiceTest" classname="Tests.Feature.Auth.AccountCreationServiceTest" assertions="14" time="0.779693"/>
        <testcase name="test_adviser_can_create_applicants_but_not_reviewer_or_res_lead" file="C:\Users\User\Documents\GitHub\KLD-ECRATS\tests\Feature\Auth\AccountCreationServiceTest.php" line="42" class="Tests\Feature\Auth\AccountCreationServiceTest" classname="Tests.Feature.Auth.AccountCreationServiceTest" assertions="3" time="0.035855"/>
        <testcase name="test_username_uses_normalized_identifier_and_surname_with_collision_suffix" file="C:\Users\User\Documents\GitHub\KLD-ECRATS\tests\Feature\Auth\AccountCreationServiceTest.php" line="58" class="Tests\Feature\Auth\AccountCreationServiceTest" classname="Tests.Feature.Auth.AccountCreationServiceTest" assertions="4" time="0.041967"/>
        <testcase name="test_role_specific_required_fields_are_enforced_while_adviser_position_is_optional" file="C:\Users\User\Documents\GitHub\KLD-ECRATS\tests\Feature\Auth\AccountCreationServiceTest.php" line="77" class="Tests\Feature\Auth\AccountCreationServiceTest" classname="Tests.Feature.Auth.AccountCreationServiceTest" assertions="3" time="0.041292"/>
      </testsuite>
      <testsuite name="Tests\Feature\Auth\AuthenticationFlowTest" file="C:\Users\User\Documents\GitHub\KLD-ECRATS\tests\Feature\Auth\AuthenticationFlowTest.php" tests="12" assertions="121" errors="0" failures="3" skipped="0" time="2.055184">
        <testcase name="test_empty_login_fields_show_validation_errors" file="C:\Users\User\Documents\GitHub\KLD-ECRATS\tests\Feature\Auth\AuthenticationFlowTest.php" line="19" class="Tests\Feature\Auth\AuthenticationFlowTest" classname="Tests.Feature.Auth.AuthenticationFlowTest" assertions="3" time="0.075646"/>
        <testcase name="test_invalid_credentials_show_error_message" file="C:\Users\User\Documents\GitHub\KLD-ECRATS\tests\Feature\Auth\AuthenticationFlowTest.php" line="25" class="Tests\Feature\Auth\AuthenticationFlowTest" classname="Tests.Feature.Auth.AuthenticationFlowTest" assertions="10" time="0.505715"/>
        <testcase name="test_valid_credentials_for_an_inactive_account_show_reactivation_guidance_without_authenticating" file="C:\Users\User\Documents\GitHub\KLD-ECRATS\tests\Feature\Auth\AuthenticationFlowTest.php" line="53" class="Tests\Feature\Auth\AuthenticationFlowTest" classname="Tests.Feature.Auth.AuthenticationFlowTest" assertions="11" time="0.250073"/>
        <testcase name="test_wrong_password_for_an_inactive_account_keeps_the_generic_login_error" file="C:\Users\User\Documents\GitHub\KLD-ECRATS\tests\Feature\Auth\AuthenticationFlowTest.php" line="82" class="Tests\Feature\Auth\AuthenticationFlowTest" classname="Tests.Feature.Auth.AuthenticationFlowTest" assertions="7" time="0.244926"/>
        <testcase name="test_testing_accounts_login_to_their_role_dashboard_at_the_canonical_url" file="C:\Users\User\Documents\GitHub\KLD-ECRATS\tests\Feature\Auth\AuthenticationFlowTest.php" line="104" class="Tests\Feature\Auth\AuthenticationFlowTest" classname="Tests.Feature.Auth.AuthenticationFlowTest" assertions="19" time="0.166976">
          <failure type="PHPUnit\Framework\ExpectationFailedException">Tests\Feature\Auth\AuthenticationFlowTest::test_testing_accounts_login_to_their_role_dashboard_at_the_canonical_url&#13;
Failed asserting that '&lt;!DOCTYPE html&gt;\n
&lt;html lang="en"&gt;\n
&lt;head&gt;\n
    &lt;meta charset="utf-8"&gt;\n
    &lt;meta name="viewport" content="width=device-width, initial-scale=1"&gt;\n
    &lt;meta name="csrf-token" content="GKsGekBl6tsfBeGkUT72S1KLxa9SVN4G2RUUapbw"&gt;\n
\n
    &lt;title&gt;Dashboard | ECRATS&lt;/title&gt;\n
    &lt;link rel="icon" type="image/png" href="http://192.168.100.12:8000/build/assets/logo-256-CCXgIo4N.png"&gt;\n
\n
    &lt;link rel="preload" as="style" href="http://192.168.100.12:8000/build/assets/app-BlptqBL4.css" /&gt;&lt;link rel="modulepreload" as="script" href="http://192.168.100.12:8000/build/assets/app-C-qHILde.js" /&gt;&lt;link rel="stylesheet" href="http://192.168.100.12:8000/build/assets/app-BlptqBL4.css" /&gt;&lt;script type="module" src="http://192.168.100.12:8000/build/assets/app-C-qHILde.js"&gt;&lt;/script&gt;&lt;/head&gt;\n
&lt;body class="ecrats-dashboard-body"&gt;\n
    &lt;div class="dashboard-shell" data-dashboard-shell&gt;\n
        &lt;aside class="dashboard-sidebar" id="dashboard-sidebar" aria-label="Role navigation" data-dashboard-sidebar&gt;\n
    &lt;div class="dashboard-sidebar-brand"&gt;\n
        &lt;button class="dashboard-sidebar-close" type="button" aria-label="Close navigation" data-sidebar-close&gt;\n
            &lt;svg class="dashboard-icon" width="24" height="24" viewBox="0 0 24 24" fill="none" stroke="currentColor" stroke-width="2" stroke-linecap="round" stroke-linejoin="round" aria-hidden="true"&gt;\n
                &lt;path d="M18 6 6 18M6 6l12 12"/&gt;\n
            &lt;/svg&gt;\n
        &lt;/button&gt;\n
        &lt;a\n
            class="dashboard-sidebar-logo-link"\n
            href="https://kld.edu.ph/profile.php"\n
            target="_blank"\n
            rel="noopener noreferrer"\n
            aria-label="Open the KLD profile website"\n
        &gt;\n
            &lt;img src="http://192.168.100.12:8000/build/assets/logo-256-CCXgIo4N.png" alt="Kolehiyo ng Lungsod ng Dasmarinas seal"&gt;\n
        &lt;/a&gt;\n
    &lt;/div&gt;\n
\n
    &lt;nav class="dashboard-sidebar-nav" aria-label="Primary navigation"&gt;\n
                                                &lt;a\n
                    class="dashboard-nav-link is-active"\n
                    href="http://192.168.100.12:8000/dashboard"\n
                     aria-current="page"                 &gt;\n
                    &lt;svg class="dashboard-icon" width="24" height="24" viewBox="0 0 24 24" fill="none" stroke="currentColor" stroke-width="2" stroke-linecap="round" stroke-linejoin="round" aria-hidden="true"&gt;\n
                &lt;path d="m3 11 9-8 9 8"/&gt;&lt;path d="M5 10v10h14V10"/&gt;&lt;path d="M9 20v-6h6v6"/&gt;\n
            &lt;/svg&gt;\n
                    &lt;span&gt;Home&lt;/span&gt;\n
                &lt;/a&gt;\n
                                                            &lt;a\n
                    class="dashboard-nav-link "\n
                    href="http://192.168.100.12:8000/adviser/applications"\n
                                    &gt;\n
                    &lt;svg class="dashboard-icon" width="24" height="24" viewBox="0 0 24 24" fill="none" stroke="currentColor" stroke-width="2" stroke-linecap="round" stroke-linejoin="round" aria-hidden="true"&gt;\n
                &lt;path d="M14 2H6a2 2 0 0 0-2 2v16a2 2 0 0 0 2 2h12a2 2 0 0 0 2-2V8Z"/&gt;&lt;path d="M14 2v6h6"/&gt;&lt;path d="M8 13h8M8 17h8M8 9h2"/&gt;\n
            &lt;/svg&gt;\n
                    &lt;span&gt;Application&lt;/span&gt;\n
                &lt;/a&gt;\n
                                                            &lt;a\n
                    class="dashboard-nav-link "\n
                    href="http://192.168.100.12:8000/adviser/applicants"\n
                                    &gt;\n
                    &lt;svg class="dashboard-icon" width="24" height="24" viewBox="0 0 24 24" fill="none" stroke="currentColor" stroke-width="2" stroke-linecap="round" stroke-linejoin="round" aria-hidden="true"&gt;\n
                &lt;path d="M16 21v-2a4 4 0 0 0-4-4H5a4 4 0 0 0-4 4v2"/&gt;&lt;circle cx="8.5" cy="7" r="4"/&gt;&lt;path d="m17 11 2 2 4-4"/&gt;\n
            &lt;/svg&gt;\n
                    &lt;span&gt;Applicants&lt;/span&gt;\n
                &lt;/a&gt;\n
                                                            &lt;details class="dashboard-nav-group" &gt;\n
                    &lt;summary class="dashboard-nav-link "&gt;\n
                        &lt;svg class="dashboard-icon" width="24" height="24" viewBox="0 0 24 24" fill="none" stroke="currentColor" stroke-width="2" stroke-linecap="round" stroke-linejoin="round" aria-hidden="true"&gt;\n
                &lt;rect x="5" y="4" width="14" height="18" rx="2"/&gt;&lt;path d="M9 4V2h6v2M9 12h6M9 16h6M9 8h2"/&gt;\n
            &lt;/svg&gt;\n
                        &lt;span&gt;Reviewer&lt;/span&gt;\n
                        &lt;svg class="dashboard-icon dashboard-nav-group-chevron" width="18" height="18" viewBox="0 0 24 24" fill="none" stroke="currentColor" stroke-width="2" stroke-linecap="round" stroke-linejoin="round" aria-hidden="true"&gt;\n
                &lt;path d="m6 9 6 6 6-6"/&gt;\n
            &lt;/svg&gt;\n
                    &lt;/summary&gt;\n
                    &lt;div class="dashboard-nav-submenu" aria-label="Reviewer navigation"&gt;\n
                                                                                &lt;a\n
                                class="dashboard-nav-link dashboard-nav-sublink "\n
                                href="http://192.168.100.12:8000/adviser/reviewer"\n
                                                            &gt;\n
                                &lt;svg class="dashboard-icon" width="24" height="24" viewBox="0 0 24 24" fill="none" stroke="currentColor" stroke-width="2" stroke-linecap="round" stroke-linejoin="round" aria-hidden="true"&gt;\n
                &lt;path d="m3 11 9-8 9 8"/&gt;&lt;path d="M5 10v10h14V10"/&gt;&lt;path d="M9 20v-6h6v6"/&gt;\n
            &lt;/svg&gt;\n
                                &lt;span&gt;Reviewer Dashboard&lt;/span&gt;\n
                            &lt;/a&gt;\n
                                                                                &lt;a\n
                                class="dashboard-nav-link dashboard-nav-sublink "\n
                                href="http://192.168.100.12:8000/adviser/reviewer/assignments"\n
                                                            &gt;\n
                                &lt;svg class="dashboard-icon" width="24" height="24" viewBox="0 0 24 24" fill="none" stroke="currentColor" stroke-width="2" stroke-linecap="round" stroke-linejoin="round" aria-hidden="true"&gt;\n
                &lt;rect x="5" y="4" width="14" height="18" rx="2"/&gt;&lt;path d="M9 4V2h6v2M9 12h6M9 16h6M9 8h2"/&gt;\n
            &lt;/svg&gt;\n
                                &lt;span&gt;Assignments&lt;/span&gt;\n
                            &lt;/a&gt;\n
                                            &lt;/div&gt;\n
                &lt;/details&gt;\n
                        &lt;/nav&gt;\n
\n
    &lt;a\n
        class="dashboard-sidebar-profile "\n
        href="http://192.168.100.12:8000/adviser/profile"\n
            &gt;\n
        &lt;span class="dashboard-avatar dashboard-avatar-light" aria-hidden="true"&gt;RT&lt;/span&gt;\n
        &lt;span class="dashboard-sidebar-person"&gt;\n
            &lt;strong&gt;Reviewer Test&lt;/strong&gt;\n
            &lt;span&gt;Adviser&lt;/span&gt;\n
        &lt;/span&gt;\n
    &lt;/a&gt;\n
&lt;/aside&gt;\n
\n
        &lt;div class="dashboard-sidebar-backdrop" data-sidebar-backdrop hidden&gt;&lt;/div&gt;\n
\n
        &lt;div class="dashboard-workspace"&gt;\n
            &lt;header class="dashboard-topbar"&gt;\n
    &lt;div class="dashboard-topbar-heading"&gt;\n
        &lt;button class="dashboard-menu-button" type="button" aria-label="Open navigation" aria-controls="dashboard-sidebar" aria-expanded="false" data-sidebar-open&gt;\n
            &lt;svg class="dashboard-icon" width="24" height="24" viewBox="0 0 24 24" fill="none" stroke="currentColor" stroke-width="2" stroke-linecap="round" stroke-linejoin="round" aria-hidden="true"&gt;\n
                &lt;path d="M4 6h16M4 12h16M4 18h16"/&gt;\n
            &lt;/svg&gt;\n
        &lt;/button&gt;\n
                    &lt;span class="dashboard-topbar-title"&gt;Dashboard&lt;/span&gt;\n
            &lt;/div&gt;\n
\n
    &lt;div class="dashboard-topbar-actions"&gt;\n
                    &lt;button class="dashboard-guide-button" type="button" data-guide-open &gt;\n
                &lt;svg class="dashboard-icon" width="19" height="19" viewBox="0 0 24 24" fill="none" stroke="currentColor" stroke-width="2" stroke-linecap="round" stroke-linejoin="round" aria-hidden="true"&gt;\n
                &lt;circle cx="12" cy="12" r="9"/&gt;&lt;path d="M9.8 9a2.4 2.4 0 1 1 3.8 2c-1 .7-1.6 1.2-1.6 2.5M12 17h.01"/&gt;\n
            &lt;/svg&gt;\n
                &lt;span&gt;Guide&lt;/span&gt;\n
            &lt;/button&gt;\n
                &lt;div class="dashboard-menu-wrap"&gt;\n
            &lt;button\n
                class="dashboard-icon-button"\n
                type="button"\n
                aria-label="Open notifications"\n
                aria-controls="dashboard-notification-menu"\n
                aria-expanded="false"\n
                data-menu-toggle="notifications"\n
            &gt;\n
                &lt;svg class="dashboard-icon" width="24" height="24" viewBox="0 0 24 24" fill="none" stroke="currentColor" stroke-width="2" stroke-linecap="round" stroke-linejoin="round" aria-hidden="true"&gt;\n
                &lt;path d="M18 8a6 6 0 0 0-12 0c0 7-3 7-3 9h18c0-2-3-2-3-9M10 21h4"/&gt;\n
            &lt;/svg&gt;\n
                            &lt;/button&gt;\n
\n
            &lt;section class="dashboard-dropdown dashboard-notification-menu" id="dashboard-notification-menu" data-menu="notifications" hidden&gt;\n
                &lt;div class="dashboard-dropdown-header"&gt;\n
                    &lt;strong&gt;Notifications&lt;/strong&gt;\n
                                    &lt;/div&gt;\n
\n
                                    &lt;div class="dashboard-dropdown-empty"&gt;\n
                        &lt;img class="dashboard-empty-asset" src="http://192.168.100.12:8000/assets/empty-states/no-notifications.png" alt="Empty notification bell"&gt;\n
                        &lt;strong&gt;No notifications yet&lt;/strong&gt;\n
                        &lt;span&gt;You will see application and review updates here.&lt;/span&gt;\n
                    &lt;/div&gt;\n
                \n
                &lt;a class="dashboard-dropdown-footer" href="http://192.168.100.12:8000/adviser/notifications"&gt;View all notifications&lt;/a&gt;\n
            &lt;/section&gt;\n
        &lt;/div&gt;\n
\n
        &lt;div class="dashboard-menu-wrap"&gt;\n
            &lt;button\n
                class="dashboard-profile-button"\n
                type="button"\n
                aria-label="Open profile menu"\n
                aria-controls="dashboard-profile-menu"\n
                aria-expanded="false"\n
                data-menu-toggle="profile"\n
            &gt;\n
                &lt;span class="dashboard-avatar" aria-hidden="true"&gt;RT&lt;/span&gt;\n
                &lt;span class="dashboard-profile-name"&gt;Reviewer Test&lt;/span&gt;\n
                &lt;svg class="dashboard-icon" width="18" height="18" viewBox="0 0 24 24" fill="none" stroke="currentColor" stroke-width="2" stroke-linecap="round" stroke-linejoin="round" aria-hidden="true"&gt;\n
                &lt;path d="m6 9 6 6 6-6"/&gt;\n
            &lt;/svg&gt;\n
            &lt;/button&gt;\n
\n
            &lt;div class="dashboard-dropdown dashboard-profile-menu" id="dashboard-profile-menu" data-menu="profile" hidden&gt;\n
                &lt;a href="http://192.168.100.12:8000/adviser/settings"&gt;\n
                    &lt;svg class="dashboard-icon" width="19" height="19" viewBox="0 0 24 24" fill="none" stroke="currentColor" stroke-width="2" stroke-linecap="round" stroke-linejoin="round" aria-hidden="true"&gt;\n
                &lt;circle cx="12" cy="12" r="3"/&gt;&lt;path d="M19.4 15a1.7 1.7 0 0 0 .34 1.88l.06.06-2.83 2.83-.06-.06a1.7 1.7 0 0 0-1.88-.34 1.7 1.7 0 0 0-1.03 1.56V21h-4v-.09A1.7 1.7 0 0 0 9 19.35a1.7 1.7 0 0 0-1.88.34l-.06.06-2.83-2.83.06-.06A1.7 1.7 0 0 0 4.63 15a1.7 1.7 0 0 0-1.56-1.03H3v-4h.09A1.7 1.7 0 0 0 4.65 9a1.7 1.7 0 0 0-.34-1.88l-.06-.06 2.83-2.83.06.06A1.7 1.7 0 0 0 9 4.63a1.7 1.7 0 0 0 1.03-1.56V3h4v.09A1.7 1.7 0 0 0 15 4.65a1.7 1.7 0 0 0 1.88-.34l.06-.06 2.83 2.83-.06.06A1.7 1.7 0 0 0 19.37 9a1.7 1.7 0 0 0 1.56 1.03H21v4h-.09A1.7 1.7 0 0 0 19.4 15Z"/&gt;\n
            &lt;/svg&gt;\n
                    &lt;span&gt;Settings&lt;/span&gt;\n
                &lt;/a&gt;\n
                &lt;form method="POST" action="http://192.168.100.12:8000/logout"&gt;\n
                    &lt;input type="hidden" name="_token" value="GKsGekBl6tsfBeGkUT72S1KLxa9SVN4G2RUUapbw" autocomplete="off"&gt;                    &lt;button type="submit"&gt;\n
                        &lt;svg class="dashboard-icon" width="19" height="19" viewBox="0 0 24 24" fill="none" stroke="currentColor" stroke-width="2" stroke-linecap="round" stroke-linejoin="round" aria-hidden="true"&gt;\n
                &lt;path d="M10 17l5-5-5-5M15 12H3M15 3h4a2 2 0 0 1 2 2v14a2 2 0 0 1-2 2h-4"/&gt;\n
            &lt;/svg&gt;\n
                        &lt;span&gt;Logout&lt;/span&gt;\n
                    &lt;/button&gt;\n
                &lt;/form&gt;\n
            &lt;/div&gt;\n
        &lt;/div&gt;\n
    &lt;/div&gt;\n
&lt;/header&gt;\n
\n
            &lt;main class="dashboard-content" id="main-content" tabindex="-1"&gt;\n
                \n
                    &lt;div class="dashboard-page"&gt;\n
        &lt;header class="dashboard-page-heading"&gt;\n
            &lt;h1&gt;Welcome back, Adviser!&lt;/h1&gt;\n
        &lt;/header&gt;\n
\n
        \n
        &lt;div class="dashboard-summary-grid dashboard-summary-grid-three" aria-label="Advised application summary"&gt;\n
            &lt;a class="dashboard-summary-card tone-orange" href="http://192.168.100.12:8000/adviser/applications" aria-label="Pending: 0"&gt;\n
    \n
    &lt;span class="dashboard-summary-icon"&gt;&lt;svg class="dashboard-icon" width="31" height="31" viewBox="0 0 24 24" fill="none" stroke="currentColor" stroke-width="2" stroke-linecap="round" stroke-linejoin="round" aria-hidden="true"&gt;\n
                &lt;path d="M14 2H6a2 2 0 0 0-2 2v16a2 2 0 0 0 2 2h12a2 2 0 0 0 2-2V8Z"/&gt;&lt;path d="M14 2v6h6"/&gt;&lt;path d="M8 13h8M8 17h8M8 9h2"/&gt;\n
            &lt;/svg&gt;\n
&lt;/span&gt;\n
    \n
    &lt;span class="dashboard-summary-copy"&gt;\n
        &lt;strong&gt;0&lt;/strong&gt;\n
        &lt;span&gt;Pending&lt;/span&gt;\n
    &lt;/span&gt;\n
&lt;/a&gt;\n
            &lt;a class="dashboard-summary-card tone-green" href="http://192.168.100.12:8000/adviser/applications" aria-label="Endorsed: 0"&gt;\n
    \n
    &lt;span class="dashboard-summary-icon"&gt;&lt;svg class="dashboard-icon" width="31" height="31" viewBox="0 0 24 24" fill="none" stroke="currentColor" stroke-width="2" stroke-linecap="round" stroke-linejoin="round" aria-hidden="true"&gt;\n
                &lt;path d="m5 12 4 4L19 6"/&gt;\n
            &lt;/svg&gt;\n
&lt;/span&gt;\n
    \n
    &lt;span class="dashboard-summary-copy"&gt;\n
        &lt;strong&gt;0&lt;/strong&gt;\n
        &lt;span&gt;Endorsed&lt;/span&gt;\n
    &lt;/span&gt;\n
&lt;/a&gt;\n
            &lt;a class="dashboard-summary-card tone-red" href="http://192.168.100.12:8000/adviser/applications" aria-label="Returned: 0"&gt;\n
    \n
    &lt;span class="dashboard-summary-icon"&gt;&lt;svg class="dashboard-icon" width="31" height="31" viewBox="0 0 24 24" fill="none" stroke="currentColor" stroke-width="2" stroke-linecap="round" stroke-linejoin="round" aria-hidden="true"&gt;\n
                &lt;path d="M20 11a8.1 8.1 0 0 0-15.5-2M4 4v5h5M4 13a8.1 8.1 0 0 0 15.5 2M20 20v-5h-5"/&gt;\n
            &lt;/svg&gt;\n
&lt;/span&gt;\n
    \n
    &lt;span class="dashboard-summary-copy"&gt;\n
        &lt;strong&gt;0&lt;/strong&gt;\n
        &lt;span&gt;Returned&lt;/span&gt;\n
    &lt;/span&gt;\n
&lt;/a&gt;\n
        &lt;/div&gt;\n
\n
        &lt;section class="dashboard-panel"&gt;\n
    &lt;header class="dashboard-panel-header"&gt;\n
        &lt;h2&gt;Submitted Application&lt;/h2&gt;\n
                    &lt;a class="dashboard-view-all" href="http://192.168.100.12:8000/adviser/applications"&gt;View All&lt;/a&gt;\n
            &lt;/header&gt;\n
    &lt;div class="dashboard-panel-body"&gt;\n
        &lt;div class="dashboard-empty-state"&gt;\n
    &lt;img class="dashboard-empty-asset" src="http://192.168.100.12:8000/assets/empty-states/no-applications.png" alt="No submitted application documents"&gt;\n
    &lt;strong&gt;No submitted applications yet&lt;/strong&gt;\n
    &lt;p&gt;Research ethics applications will appear here once your applicants submit them for endorsement.&lt;/p&gt;\n
            &lt;a class="dashboard-primary-action" href="http://192.168.100.12:8000/dashboard"&gt;\n
            &lt;svg class="dashboard-icon" width="18" height="18" viewBox="0 0 24 24" fill="none" stroke="currentColor" stroke-width="2" stroke-linecap="round" stroke-linejoin="round" aria-hidden="true"&gt;\n
                &lt;path d="M20 11a8.1 8.1 0 0 0-15.5-2M4 4v5h5M4 13a8.1 8.1 0 0 0 15.5 2M20 20v-5h-5"/&gt;\n
            &lt;/svg&gt;\n
            &lt;span&gt;Refresh&lt;/span&gt;\n
        &lt;/a&gt;\n
    &lt;/div&gt;\n
    &lt;/div&gt;\n
&lt;/section&gt;\n
\n
        &lt;div class="dashboard-lower-grid"&gt;\n
            &lt;section class="dashboard-panel"&gt;\n
    &lt;header class="dashboard-panel-header"&gt;\n
        &lt;h2&gt;Deadline Alerts&lt;/h2&gt;\n
            &lt;/header&gt;\n
    &lt;div class="dashboard-panel-body"&gt;\n
        &lt;div class="dashboard-empty-state is-compact"&gt;\n
    &lt;img class="dashboard-empty-asset" src="http://192.168.100.12:8000/assets/empty-states/no-deadlines.png" alt="Calendar with no pending deadline"&gt;\n
    &lt;strong&gt;No urgent deadlines&lt;/strong&gt;\n
    &lt;p&gt;You are currently up to date.&lt;/p&gt;\n
    &lt;/div&gt;\n
    &lt;/div&gt;\n
&lt;/section&gt;\n
            &lt;section class="dashboard-panel"&gt;\n
    &lt;header class="dashboard-panel-header"&gt;\n
        &lt;h2&gt;Application Timeline&lt;/h2&gt;\n
                    &lt;span class="dashboard-panel-header-meta"&gt;\n
                &lt;svg class="dashboard-icon" width="18" height="18" viewBox="0 0 24 24" fill="none" stroke="currentColor" stroke-width="2" stroke-linecap="round" stroke-linejoin="round" aria-hidden="true"&gt;\n
                &lt;rect x="3" y="5" width="18" height="16" rx="2"/&gt;&lt;path d="M16 3v4M8 3v4M3 11h18M8 15h.01M12 15h.01M16 15h.01M8 18h.01M12 18h.01"/&gt;\n
            &lt;/svg&gt;\n
                &lt;span&gt;Semester and Academic Year&lt;/span&gt;\n
            &lt;/span&gt;\n
            &lt;/header&gt;\n
    &lt;div class="dashboard-panel-body"&gt;\n
        &lt;div class="dashboard-empty-state is-compact"&gt;\n
    &lt;img class="dashboard-empty-asset" src="http://192.168.100.12:8000/assets/empty-states/no-timeline.png" alt="Milestone flag with no available timeline"&gt;\n
    &lt;strong&gt;Timeline not available&lt;/strong&gt;\n
    &lt;p&gt;Review milestones will appear when an active cycle is configured.&lt;/p&gt;\n
    &lt;/div&gt;\n
    &lt;/div&gt;\n
&lt;/section&gt;\n
        &lt;/div&gt;\n
    &lt;/div&gt;\n
\n
                &lt;section\n
    class="dashboard-onboarding"\n
    data-onboarding-guide\n
    data-requires-completion="false"\n
    data-complete-url="http://192.168.100.12:8000/onboarding/complete"\n
    hidden\n
&gt;\n
    &lt;div class="dashboard-onboarding-dialog" role="dialog" aria-modal="true" aria-labelledby="onboarding-title" tabindex="-1"&gt;\n
        &lt;header&gt;\n
            &lt;span class="dashboard-onboarding-icon"&gt;&lt;svg class="dashboard-icon" width="24" height="24" viewBox="0 0 24 24" fill="none" stroke="currentColor" stroke-width="2" stroke-linecap="round" stroke-linejoin="round" aria-hidden="true"&gt;\n
                &lt;rect x="5" y="4" width="14" height="18" rx="2"/&gt;&lt;path d="M9 4V2h6v2M9 12h6M9 16h6M9 8h2"/&gt;\n
            &lt;/svg&gt;\n
&lt;/span&gt;\n
            &lt;div&gt;\n
                &lt;span&gt;Getting Started&lt;/span&gt;\n
                &lt;h2 id="onboarding-title"&gt;Research Adviser Guide&lt;/h2&gt;\n
            &lt;/div&gt;\n
            &lt;button type="button" aria-label="Close guide" data-guide-close&gt;&lt;svg class="dashboard-icon" width="20" height="20" viewBox="0 0 24 24" fill="none" stroke="currentColor" stroke-width="2" stroke-linecap="round" stroke-linejoin="round" aria-hidden="true"&gt;\n
                &lt;path d="M18 6 6 18M6 6l12 12"/&gt;\n
            &lt;/svg&gt;\n
&lt;/button&gt;\n
        &lt;/header&gt;\n
\n
        &lt;p&gt;Use ECRATS to manage applicant accounts and review complete submissions assigned to you.&lt;/p&gt;\n
        &lt;ol&gt;\n
                            &lt;li&gt;&lt;span&gt;1&lt;/span&gt;&lt;div&gt;&lt;strong&gt;Manage applicants&lt;/strong&gt;&lt;p&gt;Create student or faculty accounts and resend setup links when needed.&lt;/p&gt;&lt;/div&gt;&lt;/li&gt;\n
                            &lt;li&gt;&lt;span&gt;2&lt;/span&gt;&lt;div&gt;&lt;strong&gt;Review submissions&lt;/strong&gt;&lt;p&gt;Check required documents and research details before endorsement.&lt;/p&gt;&lt;/div&gt;&lt;/li&gt;\n
                            &lt;li&gt;&lt;span&gt;3&lt;/span&gt;&lt;div&gt;&lt;strong&gt;Return or endorse&lt;/strong&gt;&lt;p&gt;Return incomplete work with clear guidance or endorse a complete initial submission to RES.&lt;/p&gt;&lt;/div&gt;&lt;/li&gt;\n
                            &lt;li&gt;&lt;span&gt;4&lt;/span&gt;&lt;div&gt;&lt;strong&gt;Watch deadlines&lt;/strong&gt;&lt;p&gt;Use dashboard alerts and notifications to keep assigned applications moving.&lt;/p&gt;&lt;/div&gt;&lt;/li&gt;\n
                    &lt;/ol&gt;\n
        &lt;p class="dashboard-onboarding-support"&gt;For account or workflow help, contact the KLD Research Ethics Section through the institutional contact channels in the footer.&lt;/p&gt;\n
        &lt;footer&gt;&lt;button class="dashboard-primary-action" type="button" data-guide-finish&gt;Finish Guide&lt;/button&gt;&lt;/footer&gt;\n
    &lt;/div&gt;\n
&lt;/section&gt;\n
            &lt;/main&gt;\n
\n
            &lt;footer class="dashboard-footer"&gt;\n
    &lt;div class="dashboard-footer-grid"&gt;\n
        &lt;section&gt;\n
            &lt;h2&gt;About ECRATS&lt;/h2&gt;\n
            &lt;p&gt;The Ethics Certification Review Application and Tracking System supports controlled research ethics submission, review, monitoring, and certification for the KLD Research Ethics Section.&lt;/p&gt;\n
            &lt;div class="dashboard-footer-social" aria-label="KLD social media"&gt;\n
                &lt;a href="https://www.facebook.com/KLDOfficialFBPage" target="_blank" rel="noopener noreferrer" aria-label="KLD on Facebook"&gt;\n
                    &lt;svg class="dashboard-icon" width="18" height="18" viewBox="0 0 24 24" fill="none" stroke="currentColor" stroke-width="2" stroke-linecap="round" stroke-linejoin="round" aria-hidden="true"&gt;\n
                &lt;path d="M14 8h3V4h-3c-3 0-5 2-5 5v3H6v4h3v6h4v-6h3l1-4h-4V9c0-.7.3-1 1-1Z"/&gt;\n
            &lt;/svg&gt;\n
                &lt;/a&gt;\n
                &lt;a href="https://www.youtube.com/watch?v=WBcFvRVb2zE" target="_blank" rel="noopener noreferrer" aria-label="KLD on YouTube"&gt;\n
                    &lt;svg class="dashboard-icon" width="19" height="19" viewBox="0 0 24 24" fill="none" stroke="currentColor" stroke-width="2" stroke-linecap="round" stroke-linejoin="round" aria-hidden="true"&gt;\n
                &lt;path d="M21 8.2a2.8 2.8 0 0 0-2-2C17.3 5.7 12 5.7 12 5.7s-5.3 0-7 .5a2.8 2.8 0 0 0-2 2A29 29 0 0 0 2.5 12 29 29 0 0 0 3 15.8a2.8 2.8 0 0 0 2 2c1.7.5 7 .5 7 .5s5.3 0 7-.5a2.8 2.8 0 0 0 2-2 29 29 0 0 0 .5-3.8 29 29 0 0 0-.5-3.8Z"/&gt;&lt;path d="m10 15 5-3-5-3Z"/&gt;\n
            &lt;/svg&gt;\n
                &lt;/a&gt;\n
            &lt;/div&gt;\n
        &lt;/section&gt;\n
\n
        &lt;section&gt;\n
            &lt;h2&gt;Contact&lt;/h2&gt;\n
            &lt;ul class="dashboard-footer-contact"&gt;\n
                &lt;li&gt;&lt;svg class="dashboard-icon" width="16" height="16" viewBox="0 0 24 24" fill="none" stroke="currentColor" stroke-width="2" stroke-linecap="round" stroke-linejoin="round" aria-hidden="true"&gt;\n
                &lt;rect x="3" y="5" width="18" height="14" rx="2"/&gt;&lt;path d="m3 7 9 6 9-6"/&gt;\n
            &lt;/svg&gt;\n
&lt;a href="mailto:information@kld.edu.ph"&gt;information@kld.edu.ph&lt;/a&gt;&lt;/li&gt;\n
                &lt;li&gt;&lt;svg class="dashboard-icon" width="16" height="16" viewBox="0 0 24 24" fill="none" stroke="currentColor" stroke-width="2" stroke-linecap="round" stroke-linejoin="round" aria-hidden="true"&gt;\n
                &lt;path d="M20 10c0 5-8 11-8 11S4 15 4 10a8 8 0 1 1 16 0Z"/&gt;&lt;circle cx="12" cy="10" r="2.5"/&gt;\n
            &lt;/svg&gt;\n
&lt;a href="https://www.google.com/maps/search/?api=1&amp;query=Kolehiyo+ng+Lungsod+ng+Dasmarinas" target="_blank" rel="noopener noreferrer"&gt;Brgy. Burol Main, City of Dasmari&amp;ntilde;as, Cavite&lt;/a&gt;&lt;/li&gt;\n
                &lt;li&gt;&lt;svg class="dashboard-icon" width="16" height="16" viewBox="0 0 24 24" fill="none" stroke="currentColor" stroke-width="2" stroke-linecap="round" stroke-linejoin="round" aria-hidden="true"&gt;\n
                &lt;circle cx="12" cy="12" r="9"/&gt;&lt;path d="M12 7v5l3 2"/&gt;\n
            &lt;/svg&gt;\n
&lt;span&gt;Mon to Fri / 8am to 5pm&lt;/span&gt;&lt;/li&gt;\n
            &lt;/ul&gt;\n
        &lt;/section&gt;\n
\n
        &lt;section&gt;\n
            &lt;h2&gt;Quick Links&lt;/h2&gt;\n
            &lt;ul&gt;\n
                &lt;li&gt;&lt;a href="https://kld.edu.ph/index.php" target="_blank" rel="noopener noreferrer"&gt;Home&lt;/a&gt;&lt;/li&gt;\n
                &lt;li&gt;&lt;a href="https://kld.edu.ph/about.php" target="_blank" rel="noopener noreferrer"&gt;About&lt;/a&gt;&lt;/li&gt;\n
                &lt;li&gt;&lt;a href="https://kld.edu.ph/" target="_blank" rel="noopener noreferrer"&gt;News and Updates&lt;/a&gt;&lt;/li&gt;\n
                &lt;li&gt;&lt;a href="https://kld.edu.ph/data_privacy.php" target="_blank" rel="noopener noreferrer"&gt;Data Privacy&lt;/a&gt;&lt;/li&gt;\n
            &lt;/ul&gt;\n
        &lt;/section&gt;\n
\n
        &lt;section&gt;\n
            &lt;h2&gt;Helpful Links&lt;/h2&gt;\n
            &lt;ul&gt;\n
                &lt;li&gt;&lt;a href="https://kld.edu.ph/offices.php" target="_blank" rel="noopener noreferrer"&gt;KLD Offices&lt;/a&gt;&lt;/li&gt;\n
                &lt;li&gt;&lt;a href="https://kld.edu.ph/office_of_the_registrar.php" target="_blank" rel="noopener noreferrer"&gt;The Registrar&lt;/a&gt;&lt;/li&gt;\n
                &lt;li&gt;&lt;a href="https://kld.edu.ph/admissions.php" target="_blank" rel="noopener noreferrer"&gt;Admission Guide&lt;/a&gt;&lt;/li&gt;\n
                &lt;li&gt;&lt;a href="https://kld.edu.ph/reach_us.php" target="_blank" rel="noopener noreferrer"&gt;Reach Us&lt;/a&gt;&lt;/li&gt;\n
            &lt;/ul&gt;\n
        &lt;/section&gt;\n
    &lt;/div&gt;\n
\n
    &lt;p class="dashboard-footer-copyright"&gt;&amp;copy; 2026 ECRATS, KLD Research Ethics Section. All rights reserved.&lt;/p&gt;\n
&lt;/footer&gt;\n
        &lt;/div&gt;\n
    &lt;/div&gt;\n
&lt;/body&gt;\n
&lt;/html&gt;\n
' [ASCII](length: 24062) contains "Welcome back, Reviewer!" [ASCII](length: 23).
&#13;
C:\Users\User\Documents\GitHub\KLD-ECRATS\vendor\laravel\framework\src\Illuminate\Testing\TestResponseAssert.php:45
C:\Users\User\Documents\GitHub\KLD-ECRATS\vendor\laravel\framework\src\Illuminate\Testing\TestResponse.php:713
C:\Users\User\Documents\GitHub\KLD-ECRATS\tests\Feature\Auth\AuthenticationFlowTest.php:126</failure>
        </testcase>
        <testcase name="test_every_user_is_redirected_away_from_other_role_areas" file="C:\Users\User\Documents\GitHub\KLD-ECRATS\tests\Feature\Auth\AuthenticationFlowTest.php" line="132" class="Tests\Feature\Auth\AuthenticationFlowTest" classname="Tests.Feature.Auth.AuthenticationFlowTest" assertions="3" time="0.066421">
          <failure type="PHPUnit\Framework\ExpectationFailedException">Tests\Feature\Auth\AuthenticationFlowTest::test_every_user_is_redirected_away_from_other_role_areas&#13;
Expected response status code [201, 301, 302, 303, 307, 308] but received 403.
Failed asserting that false is true.
&#13;
C:\Users\User\Documents\GitHub\KLD-ECRATS\vendor\laravel\framework\src\Illuminate\Testing\TestResponseAssert.php:45
C:\Users\User\Documents\GitHub\KLD-ECRATS\vendor\laravel\framework\src\Illuminate\Testing\TestResponse.php:201
C:\Users\User\Documents\GitHub\KLD-ECRATS\tests\Feature\Auth\AuthenticationFlowTest.php:153</failure>
        </testcase>
        <testcase name="test_logout_clears_authenticated_session" file="C:\Users\User\Documents\GitHub\KLD-ECRATS\tests\Feature\Auth\AuthenticationFlowTest.php" line="160" class="Tests\Feature\Auth\AuthenticationFlowTest" classname="Tests.Feature.Auth.AuthenticationFlowTest" assertions="5" time="0.046897"/>
        <testcase name="test_authenticated_users_cannot_view_or_submit_the_login_form" file="C:\Users\User\Documents\GitHub\KLD-ECRATS\tests\Feature\Auth\AuthenticationFlowTest.php" line="174" class="Tests\Feature\Auth\AuthenticationFlowTest" classname="Tests.Feature.Auth.AuthenticationFlowTest" assertions="36" time="0.070340"/>
        <testcase name="test_login_and_protected_responses_disable_browser_caching" file="C:\Users\User\Documents\GitHub\KLD-ECRATS\tests\Feature\Auth\AuthenticationFlowTest.php" line="202" class="Tests\Feature\Auth\AuthenticationFlowTest" classname="Tests.Feature.Auth.AuthenticationFlowTest" assertions="4" time="0.054960"/>
        <testcase name="test_database_seeding_is_idempotent_and_passwords_are_hashed" file="C:\Users\User\Documents\GitHub\KLD-ECRATS\tests\Feature\Auth\AuthenticationFlowTest.php" line="216" class="Tests\Feature\Auth\AuthenticationFlowTest" classname="Tests.Feature.Auth.AuthenticationFlowTest" assertions="10" time="0.071787">
          <failure type="PHPUnit\Framework\ExpectationFailedException">Tests\Feature\Auth\AuthenticationFlowTest::test_database_seeding_is_idempotent_and_passwords_are_hashed&#13;
Failed asserting that two variables reference the same object.
--- Expected
+++ Actual
@@ @@
-App\Enums\UserRole Enum #3375 (Reviewer, 'reviewer')
+App\Enums\UserRole Enum #3369 (Adviser, 'adviser')
&#13;
C:\Users\User\Documents\GitHub\KLD-ECRATS\tests\Feature\Auth\AuthenticationFlowTest.php:232</failure>
        </testcase>
        <testcase name="test_login_keeps_field_validation_separate_from_credential_mismatch" file="C:\Users\User\Documents\GitHub\KLD-ECRATS\tests\Feature\Auth\AuthenticationFlowTest.php" line="238" class="Tests\Feature\Auth\AuthenticationFlowTest" classname="Tests.Feature.Auth.AuthenticationFlowTest" assertions="10" time="0.443729"/>
        <testcase name="test_login_username_is_trimmed_before_authentication" file="C:\Users\User\Documents\GitHub\KLD-ECRATS\tests\Feature\Auth\AuthenticationFlowTest.php" line="263" class="Tests\Feature\Auth\AuthenticationFlowTest" classname="Tests.Feature.Auth.AuthenticationFlowTest" assertions="3" time="0.057714"/>
      </testsuite>
      <testsuite name="Tests\Feature\Auth\LoginPageTest" file="C:\Users\User\Documents\GitHub\KLD-ECRATS\tests\Feature\Auth\LoginPageTest.php" tests="6" assertions="46" errors="0" failures="0" skipped="0" time="0.188996">
        <testcase name="test_login_page_is_available" file="C:\Users\User\Documents\GitHub\KLD-ECRATS\tests\Feature\Auth\LoginPageTest.php" line="15" class="Tests\Feature\Auth\LoginPageTest" classname="Tests.Feature.Auth.LoginPageTest" assertions="20" time="0.028805"/>
        <testcase name="test_root_page_shows_login" file="C:\Users\User\Documents\GitHub\KLD-ECRATS\tests\Feature\Auth\LoginPageTest.php" line="46" class="Tests\Feature\Auth\LoginPageTest" classname="Tests.Feature.Auth.LoginPageTest" assertions="3" time="0.029676"/>
        <testcase name="test_public_registration_route_is_not_available" file="C:\Users\User\Documents\GitHub\KLD-ECRATS\tests\Feature\Auth\LoginPageTest.php" line="56" class="Tests\Feature\Auth\LoginPageTest" classname="Tests.Feature.Auth.LoginPageTest" assertions="1" time="0.031759"/>
        <testcase name="test_reset_password_page_has_custom_password_visibility_controls" file="C:\Users\User\Documents\GitHub\KLD-ECRATS\tests\Feature\Auth\LoginPageTest.php" line="61" class="Tests\Feature\Auth\LoginPageTest" classname="Tests.Feature.Auth.LoginPageTest" assertions="8" time="0.030103"/>
        <testcase name="test_password_setup_redirects_to_login_with_generated_username" file="C:\Users\User\Documents\GitHub\KLD-ECRATS\tests\Feature\Auth\LoginPageTest.php" line="80" class="Tests\Feature\Auth\LoginPageTest" classname="Tests.Feature.Auth.LoginPageTest" assertions="7" time="0.042256"/>
        <testcase name="test_login_styles_use_one_continuous_page_background" file="C:\Users\User\Documents\GitHub\KLD-ECRATS\tests\Feature\Auth\LoginPageTest.php" line="108" class="Tests\Feature\Auth\LoginPageTest" classname="Tests.Feature.Auth.LoginPageTest" assertions="7" time="0.026398"/>
      </testsuite>
      <testsuite name="Tests\Feature\Auth\ReviewerEntitlementFoundationTest" file="C:\Users\User\Documents\GitHub\KLD-ECRATS\tests\Feature\Auth\ReviewerEntitlementFoundationTest.php" tests="5" assertions="33" errors="0" failures="0" skipped="0" time="0.186224">
        <testcase name="test_legacy_reviewer_conversion_preserves_identity_history_and_does_not_merge_namesakes" file="C:\Users\User\Documents\GitHub\KLD-ECRATS\tests\Feature\Auth\ReviewerEntitlementFoundationTest.php" line="19" class="Tests\Feature\Auth\ReviewerEntitlementFoundationTest" classname="Tests.Feature.Auth.ReviewerEntitlementFoundationTest" assertions="11" time="0.039554"/>
        <testcase name="test_reviewer_entitlement_is_rechecked_from_the_database_on_every_request" file="C:\Users\User\Documents\GitHub\KLD-ECRATS\tests\Feature\Auth\ReviewerEntitlementFoundationTest.php" line="59" class="Tests\Feature\Auth\ReviewerEntitlementFoundationTest" classname="Tests.Feature.Auth.ReviewerEntitlementFoundationTest" assertions="4" time="0.033972"/>
        <testcase name="test_model_access_helper_requires_an_active_enabled_adviser" file="C:\Users\User\Documents\GitHub\KLD-ECRATS\tests\Feature\Auth\ReviewerEntitlementFoundationTest.php" line="82" class="Tests\Feature\Auth\ReviewerEntitlementFoundationTest" classname="Tests.Feature.Auth.ReviewerEntitlementFoundationTest" assertions="6" time="0.030058"/>
        <testcase name="test_valid_legacy_standalone_reviewer_credentials_are_rejected_and_audited" file="C:\Users\User\Documents\GitHub\KLD-ECRATS\tests\Feature\Auth\ReviewerEntitlementFoundationTest.php" line="102" class="Tests\Feature\Auth\ReviewerEntitlementFoundationTest" classname="Tests.Feature.Auth.ReviewerEntitlementFoundationTest" assertions="6" time="0.034127"/>
        <testcase name="test_testing_reviewer_identity_is_seeded_as_an_entitled_adviser_idempotently" file="C:\Users\User\Documents\GitHub\KLD-ECRATS\tests\Feature\Auth\ReviewerEntitlementFoundationTest.php" line="128" class="Tests\Feature\Auth\ReviewerEntitlementFoundationTest" classname="Tests.Feature.Auth.ReviewerEntitlementFoundationTest" assertions="6" time="0.048513"/>
      </testsuite>
      <testsuite name="Tests\Feature\Dashboard\AdviserApplicantScopeAndProfileTest" file="C:\Users\User\Documents\GitHub\KLD-ECRATS\tests\Feature\Dashboard\AdviserApplicantScopeAndProfileTest.php" tests="3" assertions="53" errors="0" failures="0" skipped="0" time="0.393440">
        <testcase name="test_adviser_applicant_scope_requires_creation_or_formal_submission_everywhere" file="C:\Users\User\Documents\GitHub\KLD-ECRATS\tests\Feature\Dashboard\AdviserApplicantScopeAndProfileTest.php" line="23" class="Tests\Feature\Dashboard\AdviserApplicantScopeAndProfileTest" classname="Tests.Feature.Dashboard.AdviserApplicantScopeAndProfileTest" assertions="24" time="0.247623"/>
        <testcase name="test_applicant_management_and_profile_show_the_same_live_endorsement_statistics" file="C:\Users\User\Documents\GitHub\KLD-ECRATS\tests\Feature\Dashboard\AdviserApplicantScopeAndProfileTest.php" line="105" class="Tests\Feature\Dashboard\AdviserApplicantScopeAndProfileTest" classname="Tests.Feature.Dashboard.AdviserApplicantScopeAndProfileTest" assertions="13" time="0.089884"/>
        <testcase name="test_adviser_profile_includes_complete_setup_aware_reviewer_capability" file="C:\Users\User\Documents\GitHub\KLD-ECRATS\tests\Feature\Dashboard\AdviserApplicantScopeAndProfileTest.php" line="169" class="Tests\Feature\Dashboard\AdviserApplicantScopeAndProfileTest" classname="Tests.Feature.Dashboard.AdviserApplicantScopeAndProfileTest" assertions="16" time="0.055933"/>
      </testsuite>
      <testsuite name="Tests\Feature\Dashboard\AdviserApplicationVisibilityTest" file="C:\Users\User\Documents\GitHub\KLD-ECRATS\tests\Feature\Dashboard\AdviserApplicationVisibilityTest.php" tests="3" assertions="31" errors="0" failures="1" skipped="0" time="0.305789">
        <testcase name="test_adviser_dashboard_list_and_detail_show_only_formally_submitted_assigned_applications" file="C:\Users\User\Documents\GitHub\KLD-ECRATS\tests\Feature\Dashboard\AdviserApplicationVisibilityTest.php" line="18" class="Tests\Feature\Dashboard\AdviserApplicationVisibilityTest" classname="Tests.Feature.Dashboard.AdviserApplicationVisibilityTest" assertions="21" time="0.122901"/>
        <testcase name="test_adviser_application_list_is_paginated_searchable_and_scoped_before_filters" file="C:\Users\User\Documents\GitHub\KLD-ECRATS\tests\Feature\Dashboard\AdviserApplicationVisibilityTest.php" line="81" class="Tests\Feature\Dashboard\AdviserApplicationVisibilityTest" classname="Tests.Feature.Dashboard.AdviserApplicationVisibilityTest" assertions="7" time="0.121344"/>
        <testcase name="test_adviser_application_list_filters_assigned_records_by_term" file="C:\Users\User\Documents\GitHub\KLD-ECRATS\tests\Feature\Dashboard\AdviserApplicationVisibilityTest.php" line="125" class="Tests\Feature\Dashboard\AdviserApplicationVisibilityTest" classname="Tests.Feature.Dashboard.AdviserApplicationVisibilityTest" assertions="3" time="0.061544">
          <failure type="PHPUnit\Framework\ExpectationFailedException">Tests\Feature\Dashboard\AdviserApplicationVisibilityTest::test_adviser_application_list_filters_assigned_records_by_term&#13;
Failed asserting that '&lt;!DOCTYPE html&gt;\n
&lt;html lang="en"&gt;\n
&lt;head&gt;\n
    &lt;meta charset="utf-8"&gt;\n
    &lt;meta name="viewport" content="width=device-width, initial-scale=1"&gt;\n
    &lt;meta name="csrf-token" content="mjlnP1KPtxpA0ah3gjUm9uwcFfFIANlGfqNhg46A"&gt;\n
\n
    &lt;title&gt;Submitted Applications | ECRATS&lt;/title&gt;\n
    &lt;link rel="icon" type="image/png" href="http://192.168.100.12:8000/build/assets/logo-256-CCXgIo4N.png"&gt;\n
\n
    &lt;link rel="preload" as="style" href="http://192.168.100.12:8000/build/assets/app-BlptqBL4.css" /&gt;&lt;link rel="modulepreload" as="script" href="http://192.168.100.12:8000/build/assets/app-C-qHILde.js" /&gt;&lt;link rel="stylesheet" href="http://192.168.100.12:8000/build/assets/app-BlptqBL4.css" /&gt;&lt;script type="module" src="http://192.168.100.12:8000/build/assets/app-C-qHILde.js"&gt;&lt;/script&gt;&lt;/head&gt;\n
&lt;body class="ecrats-dashboard-body"&gt;\n
    &lt;div class="dashboard-shell" data-dashboard-shell&gt;\n
        &lt;aside class="dashboard-sidebar" id="dashboard-sidebar" aria-label="Role navigation" data-dashboard-sidebar&gt;\n
    &lt;div class="dashboard-sidebar-brand"&gt;\n
        &lt;button class="dashboard-sidebar-close" type="button" aria-label="Close navigation" data-sidebar-close&gt;\n
            &lt;svg class="dashboard-icon" width="24" height="24" viewBox="0 0 24 24" fill="none" stroke="currentColor" stroke-width="2" stroke-linecap="round" stroke-linejoin="round" aria-hidden="true"&gt;\n
                &lt;path d="M18 6 6 18M6 6l12 12"/&gt;\n
            &lt;/svg&gt;\n
        &lt;/button&gt;\n
        &lt;a\n
            class="dashboard-sidebar-logo-link"\n
            href="https://kld.edu.ph/profile.php"\n
            target="_blank"\n
            rel="noopener noreferrer"\n
            aria-label="Open the KLD profile website"\n
        &gt;\n
            &lt;img src="http://192.168.100.12:8000/build/assets/logo-256-CCXgIo4N.png" alt="Kolehiyo ng Lungsod ng Dasmarinas seal"&gt;\n
        &lt;/a&gt;\n
    &lt;/div&gt;\n
\n
    &lt;nav class="dashboard-sidebar-nav" aria-label="Primary navigation"&gt;\n
                                                &lt;a\n
                    class="dashboard-nav-link "\n
                    href="http://192.168.100.12:8000/dashboard"\n
                                    &gt;\n
                    &lt;svg class="dashboard-icon" width="24" height="24" viewBox="0 0 24 24" fill="none" stroke="currentColor" stroke-width="2" stroke-linecap="round" stroke-linejoin="round" aria-hidden="true"&gt;\n
                &lt;path d="m3 11 9-8 9 8"/&gt;&lt;path d="M5 10v10h14V10"/&gt;&lt;path d="M9 20v-6h6v6"/&gt;\n
            &lt;/svg&gt;\n
                    &lt;span&gt;Home&lt;/span&gt;\n
                &lt;/a&gt;\n
                                                            &lt;a\n
                    class="dashboard-nav-link is-active"\n
                    href="http://192.168.100.12:8000/adviser/applications"\n
                     aria-current="page"                 &gt;\n
                    &lt;svg class="dashboard-icon" width="24" height="24" viewBox="0 0 24 24" fill="none" stroke="currentColor" stroke-width="2" stroke-linecap="round" stroke-linejoin="round" aria-hidden="true"&gt;\n
                &lt;path d="M14 2H6a2 2 0 0 0-2 2v16a2 2 0 0 0 2 2h12a2 2 0 0 0 2-2V8Z"/&gt;&lt;path d="M14 2v6h6"/&gt;&lt;path d="M8 13h8M8 17h8M8 9h2"/&gt;\n
            &lt;/svg&gt;\n
                    &lt;span&gt;Application&lt;/span&gt;\n
                &lt;/a&gt;\n
                                                            &lt;a\n
                    class="dashboard-nav-link "\n
                    href="http://192.168.100.12:8000/adviser/applicants"\n
                                    &gt;\n
                    &lt;svg class="dashboard-icon" width="24" height="24" viewBox="0 0 24 24" fill="none" stroke="currentColor" stroke-width="2" stroke-linecap="round" stroke-linejoin="round" aria-hidden="true"&gt;\n
                &lt;path d="M16 21v-2a4 4 0 0 0-4-4H5a4 4 0 0 0-4 4v2"/&gt;&lt;circle cx="8.5" cy="7" r="4"/&gt;&lt;path d="m17 11 2 2 4-4"/&gt;\n
            &lt;/svg&gt;\n
                    &lt;span&gt;Applicants&lt;/span&gt;\n
                &lt;/a&gt;\n
                        &lt;/nav&gt;\n
\n
    &lt;a\n
        class="dashboard-sidebar-profile "\n
        href="http://192.168.100.12:8000/adviser/profile"\n
            &gt;\n
        &lt;span class="dashboard-avatar dashboard-avatar-light" aria-hidden="true"&gt;AL&lt;/span&gt;\n
        &lt;span class="dashboard-sidebar-person"&gt;\n
            &lt;strong&gt;Angelo Lebsack&lt;/strong&gt;\n
            &lt;span&gt;Adviser&lt;/span&gt;\n
        &lt;/span&gt;\n
    &lt;/a&gt;\n
&lt;/aside&gt;\n
\n
        &lt;div class="dashboard-sidebar-backdrop" data-sidebar-backdrop hidden&gt;&lt;/div&gt;\n
\n
        &lt;div class="dashboard-workspace"&gt;\n
            &lt;header class="dashboard-topbar"&gt;\n
    &lt;div class="dashboard-topbar-heading"&gt;\n
        &lt;button class="dashboard-menu-button" type="button" aria-label="Open navigation" aria-controls="dashboard-sidebar" aria-expanded="false" data-sidebar-open&gt;\n
            &lt;svg class="dashboard-icon" width="24" height="24" viewBox="0 0 24 24" fill="none" stroke="currentColor" stroke-width="2" stroke-linecap="round" stroke-linejoin="round" aria-hidden="true"&gt;\n
                &lt;path d="M4 6h16M4 12h16M4 18h16"/&gt;\n
            &lt;/svg&gt;\n
        &lt;/button&gt;\n
                    &lt;nav class="dashboard-breadcrumbs" aria-label="Breadcrumb"&gt;\n
        &lt;ol&gt;\n
                            &lt;li&gt;\n
                                            &lt;a href="http://192.168.100.12:8000/dashboard"&gt;Home&lt;/a&gt;\n
                                    &lt;/li&gt;\n
                            &lt;li&gt;\n
                                            &lt;span aria-current="page"&gt;Submitted Applications&lt;/span&gt;\n
                                    &lt;/li&gt;\n
                    &lt;/ol&gt;\n
    &lt;/nav&gt;\n
            &lt;/div&gt;\n
\n
    &lt;div class="dashboard-topbar-actions"&gt;\n
                &lt;div class="dashboard-menu-wrap"&gt;\n
            &lt;button\n
                class="dashboard-icon-button"\n
                type="button"\n
                aria-label="Open notifications"\n
                aria-controls="dashboard-notification-menu"\n
                aria-expanded="false"\n
                data-menu-toggle="notifications"\n
            &gt;\n
                &lt;svg class="dashboard-icon" width="24" height="24" viewBox="0 0 24 24" fill="none" stroke="currentColor" stroke-width="2" stroke-linecap="round" stroke-linejoin="round" aria-hidden="true"&gt;\n
                &lt;path d="M18 8a6 6 0 0 0-12 0c0 7-3 7-3 9h18c0-2-3-2-3-9M10 21h4"/&gt;\n
            &lt;/svg&gt;\n
                            &lt;/button&gt;\n
\n
            &lt;section class="dashboard-dropdown dashboard-notification-menu" id="dashboard-notification-menu" data-menu="notifications" hidden&gt;\n
                &lt;div class="dashboard-dropdown-header"&gt;\n
                    &lt;strong&gt;Notifications&lt;/strong&gt;\n
                                    &lt;/div&gt;\n
\n
                                    &lt;div class="dashboard-dropdown-empty"&gt;\n
                        &lt;img class="dashboard-empty-asset" src="http://192.168.100.12:8000/assets/empty-states/no-notifications.png" alt="Empty notification bell"&gt;\n
                        &lt;strong&gt;No notifications yet&lt;/strong&gt;\n
                        &lt;span&gt;You will see application and review updates here.&lt;/span&gt;\n
                    &lt;/div&gt;\n
                \n
                &lt;a class="dashboard-dropdown-footer" href="http://192.168.100.12:8000/adviser/notifications"&gt;View all notifications&lt;/a&gt;\n
            &lt;/section&gt;\n
        &lt;/div&gt;\n
\n
        &lt;div class="dashboard-menu-wrap"&gt;\n
            &lt;button\n
                class="dashboard-profile-button"\n
                type="button"\n
                aria-label="Open profile menu"\n
                aria-controls="dashboard-profile-menu"\n
                aria-expanded="false"\n
                data-menu-toggle="profile"\n
            &gt;\n
                &lt;span class="dashboard-avatar" aria-hidden="true"&gt;AL&lt;/span&gt;\n
                &lt;span class="dashboard-profile-name"&gt;Angelo Lebsack&lt;/span&gt;\n
                &lt;svg class="dashboard-icon" width="18" height="18" viewBox="0 0 24 24" fill="none" stroke="currentColor" stroke-width="2" stroke-linecap="round" stroke-linejoin="round" aria-hidden="true"&gt;\n
                &lt;path d="m6 9 6 6 6-6"/&gt;\n
            &lt;/svg&gt;\n
            &lt;/button&gt;\n
\n
            &lt;div class="dashboard-dropdown dashboard-profile-menu" id="dashboard-profile-menu" data-menu="profile" hidden&gt;\n
                &lt;a href="http://192.168.100.12:8000/adviser/settings"&gt;\n
                    &lt;svg class="dashboard-icon" width="19" height="19" viewBox="0 0 24 24" fill="none" stroke="currentColor" stroke-width="2" stroke-linecap="round" stroke-linejoin="round" aria-hidden="true"&gt;\n
                &lt;circle cx="12" cy="12" r="3"/&gt;&lt;path d="M19.4 15a1.7 1.7 0 0 0 .34 1.88l.06.06-2.83 2.83-.06-.06a1.7 1.7 0 0 0-1.88-.34 1.7 1.7 0 0 0-1.03 1.56V21h-4v-.09A1.7 1.7 0 0 0 9 19.35a1.7 1.7 0 0 0-1.88.34l-.06.06-2.83-2.83.06-.06A1.7 1.7 0 0 0 4.63 15a1.7 1.7 0 0 0-1.56-1.03H3v-4h.09A1.7 1.7 0 0 0 4.65 9a1.7 1.7 0 0 0-.34-1.88l-.06-.06 2.83-2.83.06.06A1.7 1.7 0 0 0 9 4.63a1.7 1.7 0 0 0 1.03-1.56V3h4v.09A1.7 1.7 0 0 0 15 4.65a1.7 1.7 0 0 0 1.88-.34l.06-.06 2.83 2.83-.06.06A1.7 1.7 0 0 0 19.37 9a1.7 1.7 0 0 0 1.56 1.03H21v4h-.09A1.7 1.7 0 0 0 19.4 15Z"/&gt;\n
            &lt;/svg&gt;\n
                    &lt;span&gt;Settings&lt;/span&gt;\n
                &lt;/a&gt;\n
                &lt;form method="POST" action="http://192.168.100.12:8000/logout"&gt;\n
                    &lt;input type="hidden" name="_token" value="mjlnP1KPtxpA0ah3gjUm9uwcFfFIANlGfqNhg46A" autocomplete="off"&gt;                    &lt;button type="submit"&gt;\n
                        &lt;svg class="dashboard-icon" width="19" height="19" viewBox="0 0 24 24" fill="none" stroke="currentColor" stroke-width="2" stroke-linecap="round" stroke-linejoin="round" aria-hidden="true"&gt;\n
                &lt;path d="M10 17l5-5-5-5M15 12H3M15 3h4a2 2 0 0 1 2 2v14a2 2 0 0 1-2 2h-4"/&gt;\n
            &lt;/svg&gt;\n
                        &lt;span&gt;Logout&lt;/span&gt;\n
                    &lt;/button&gt;\n
                &lt;/form&gt;\n
            &lt;/div&gt;\n
        &lt;/div&gt;\n
    &lt;/div&gt;\n
&lt;/header&gt;\n
\n
            &lt;main class="dashboard-content" id="main-content" tabindex="-1"&gt;\n
                \n
                    &lt;div class="dashboard-page application-workspace"&gt;\n
        \n
        &lt;header class="dashboard-page-heading"&gt;\n
            &lt;h1&gt;Submitted Applications&lt;/h1&gt;\n
        &lt;/header&gt;\n
\n
        \n
        &lt;form class="application-filter-bar application-filter-bar-wide" method="GET" action="http://192.168.100.12:8000/adviser/applications"&gt;\n
            &lt;div class="application-field application-search-field"&gt;\n
                &lt;label class="sr-only" for="q"&gt;Search applications&lt;/label&gt;\n
                &lt;span&gt;&lt;svg class="dashboard-icon" width="18" height="18" viewBox="0 0 24 24" fill="none" stroke="currentColor" stroke-width="2" stroke-linecap="round" stroke-linejoin="round" aria-hidden="true"&gt;\n
                &lt;circle cx="11" cy="11" r="7"/&gt;&lt;path d="m20 20-4-4"/&gt;\n
            &lt;/svg&gt;\n
&lt;/span&gt;\n
                &lt;input id="q" name="q" value="" placeholder="Applicant, ID, title, or program"&gt;\n
            &lt;/div&gt;\n
            &lt;div class="application-field"&gt;\n
                &lt;label class="sr-only" for="status"&gt;Status&lt;/label&gt;\n
                &lt;select id="status" name="status"&gt;\n
                    &lt;option value=""&gt;All statuses&lt;/option&gt;\n
                                            &lt;option value="submitted_to_adviser" &gt;Pending Adviser Review&lt;/option&gt;\n
                                            &lt;option value="returned_by_adviser" &gt;Returned&lt;/option&gt;\n
                                            &lt;option value="adviser_endorsed" &gt;For RES Screening&lt;/option&gt;\n
                                            &lt;option value="under_res_screening" &gt;Under RES Screening&lt;/option&gt;\n
                                            &lt;option value="awaiting_reviewer_assignment" &gt;Awaiting Assignment&lt;/option&gt;\n
                                            &lt;option value="under_expedited_review" &gt;Under Expedited Review&lt;/option&gt;\n
                                            &lt;option value="under_full_board_review" &gt;Under Full Board Review&lt;/option&gt;\n
                                            &lt;option value="exempted" &gt;Exempted&lt;/option&gt;\n
                                            &lt;option value="review_submitted_pending_release" &gt;Pending Decision Release&lt;/option&gt;\n
                                            &lt;option value="result_released_accepted" &gt;Accepted&lt;/option&gt;\n
                                            &lt;option value="for_certificate_release" &gt;For Certificate Release&lt;/option&gt;\n
                                            &lt;option value="result_released_minor_revision" &gt;Minor Revision&lt;/option&gt;\n
                                            &lt;option value="result_released_major_revision" &gt;Major Revision&lt;/option&gt;\n
                                            &lt;option value="result_released_disapproved" &gt;Disapproved&lt;/option&gt;\n
                                            &lt;option value="revision_window_open" &gt;Revision Window Open&lt;/option&gt;\n
                                            &lt;option value="revision_submitted" &gt;Revision Submitted&lt;/option&gt;\n
                                            &lt;option value="under_re_review" &gt;Under Re-review&lt;/option&gt;\n
                                            &lt;option value="feedback_required" &gt;Feedback Required&lt;/option&gt;\n
                                            &lt;option value="certificate_released" &gt;Certificate Released&lt;/option&gt;\n
                                    &lt;/select&gt;\n
            &lt;/div&gt;\n
            &lt;div class="application-field"&gt;\n
                &lt;label class="sr-only" for="adviser-academic-term"&gt;Academic Term&lt;/label&gt;\n
                &lt;select id="adviser-academic-term" name="academic_term_id"&gt;\n
                    &lt;option value=""&gt;All terms&lt;/option&gt;\n
                                            &lt;option value="2" &gt;2nd Semester, A.Y. 2026-2027&lt;/option&gt;\n
                                            &lt;option value="1" &gt;1st Semester, A.Y. 2026-2027&lt;/option&gt;\n
                                    &lt;/select&gt;\n
            &lt;/div&gt;\n
            &lt;div class="application-field"&gt;\n
                &lt;label class="sr-only" for="date_from"&gt;Submitted from&lt;/label&gt;\n
                &lt;input id="date_from" name="date_from" type="date" value="" title="Submitted from"&gt;\n
            &lt;/div&gt;\n
            &lt;div class="application-field"&gt;\n
                &lt;label class="sr-only" for="date_to"&gt;Submitted to&lt;/label&gt;\n
                &lt;input id="date_to" name="date_to" type="date" value="" title="Submitted to"&gt;\n
            &lt;/div&gt;\n
            &lt;button class="dashboard-primary-action" type="submit"&gt;Apply Filters&lt;/button&gt;\n
            &lt;a class="dashboard-outline-action" href="http://192.168.100.12:8000/adviser/applications"&gt;Clear&lt;/a&gt;\n
        &lt;/form&gt;\n
\n
        \n
        &lt;section class="application-panel"&gt;\n
            &lt;div class="application-panel-heading"&gt;&lt;div&gt;&lt;h2&gt;Assigned Submissions&lt;/h2&gt;&lt;p&gt;2 submitted applications&lt;/p&gt;&lt;/div&gt;&lt;/div&gt;\n
                            &lt;div\n
    class="dashboard-overflow-region is-wide"\n
    role="region"\n
    aria-label="Adviser submitted application records"\n
    tabindex="0"\n
&gt;\n
    &lt;table class="dashboard-table application-table adviser-application-table"&gt;\n
                        &lt;thead&gt;&lt;tr&gt;&lt;th&gt;Application ID&lt;/th&gt;&lt;th&gt;Applicant&lt;/th&gt;&lt;th&gt;Student/Employee ID&lt;/th&gt;&lt;th&gt;Research Title&lt;/th&gt;&lt;th&gt;Program&lt;/th&gt;&lt;th&gt;Date Submitted&lt;/th&gt;&lt;th class="dashboard-table-status"&gt;Status&lt;/th&gt;&lt;th class="dashboard-table-action"&gt;Action&lt;/th&gt;&lt;/tr&gt;&lt;/thead&gt;\n
                        &lt;tbody&gt;\n
                                                            &lt;tr&gt;\n
                                    &lt;td&gt;&lt;strong&gt;ECRATS-2026-5507&lt;/strong&gt;&lt;/td&gt;\n
                                    &lt;td&gt;Tristin Tillman&lt;/td&gt;\n
                                    &lt;td&gt;KLD-6003rn&lt;/td&gt;\n
                                    &lt;td&gt;&lt;a\n
        href="http://192.168.100.12:8000/adviser/applications/2"\n
        class="dashboard-research-title"\n
        data-research-title-tooltip\n
        data-full-title="Second Term Assigned Study"\n
    &gt;Second Term Assigned Study&lt;/a&gt;\n
&lt;/td&gt;\n
                                    &lt;td&gt;Bachelor of Science in Computer Science&lt;/td&gt;\n
                                    &lt;td&gt;Aug 19, 2026&lt;/td&gt;\n
                                    &lt;td class="dashboard-table-status"&gt;&lt;span class="dashboard-status-badge tone-orange"&gt;\n
        Pending Adviser Review\n
&lt;/span&gt;\n
&lt;/td&gt;\n
                                    &lt;td class="dashboard-table-action"&gt;&lt;a class="dashboard-action-link" href="http://192.168.100.12:8000/adviser/applications/2"&gt;View&lt;/a&gt;\n
&lt;/td&gt;\n
                                &lt;/tr&gt;\n
                                                            &lt;tr&gt;\n
                                    &lt;td&gt;&lt;strong&gt;ECRATS-2026-1649&lt;/strong&gt;&lt;/td&gt;\n
                                    &lt;td&gt;Joyce Larkin&lt;/td&gt;\n
                                    &lt;td&gt;KLD-2931ha&lt;/td&gt;\n
                                    &lt;td&gt;&lt;a\n
        href="http://192.168.100.12:8000/adviser/applications/1"\n
        class="dashboard-research-title"\n
        data-research-title-tooltip\n
        data-full-title="First Term Assigned Study"\n
    &gt;First Term Assigned Study&lt;/a&gt;\n
&lt;/td&gt;\n
                                    &lt;td&gt;Bachelor of Science in Computer Science&lt;/td&gt;\n
                                    &lt;td&gt;Aug 19, 2026&lt;/td&gt;\n
                                    &lt;td class="dashboard-table-status"&gt;&lt;span class="dashboard-status-badge tone-orange"&gt;\n
        Pending Adviser Review\n
&lt;/span&gt;\n
&lt;/td&gt;\n
                                    &lt;td class="dashboard-table-action"&gt;&lt;a class="dashboard-action-link" href="http://192.168.100.12:8000/adviser/applications/1"&gt;View&lt;/a&gt;\n
&lt;/td&gt;\n
                                &lt;/tr&gt;\n
                                                    &lt;/tbody&gt;\n
                    &lt;/table&gt;\n
&lt;/div&gt;\n
                                    &lt;/section&gt;\n
    &lt;/div&gt;\n
\n
                &lt;section\n
    class="dashboard-onboarding"\n
    data-onboarding-guide\n
    data-requires-completion="false"\n
    data-complete-url="http://192.168.100.12:8000/onboarding/complete"\n
    hidden\n
&gt;\n
    &lt;div class="dashboard-onboarding-dialog" role="dialog" aria-modal="true" aria-labelledby="onboarding-title" tabindex="-1"&gt;\n
        &lt;header&gt;\n
            &lt;span class="dashboard-onboarding-icon"&gt;&lt;svg class="dashboard-icon" width="24" height="24" viewBox="0 0 24 24" fill="none" stroke="currentColor" stroke-width="2" stroke-linecap="round" stroke-linejoin="round" aria-hidden="true"&gt;\n
                &lt;rect x="5" y="4" width="14" height="18" rx="2"/&gt;&lt;path d="M9 4V2h6v2M9 12h6M9 16h6M9 8h2"/&gt;\n
            &lt;/svg&gt;\n
&lt;/span&gt;\n
            &lt;div&gt;\n
                &lt;span&gt;Getting Started&lt;/span&gt;\n
                &lt;h2 id="onboarding-title"&gt;Research Adviser Guide&lt;/h2&gt;\n
            &lt;/div&gt;\n
            &lt;button type="button" aria-label="Close guide" data-guide-close&gt;&lt;svg class="dashboard-icon" width="20" height="20" viewBox="0 0 24 24" fill="none" stroke="currentColor" stroke-width="2" stroke-linecap="round" stroke-linejoin="round" aria-hidden="true"&gt;\n
                &lt;path d="M18 6 6 18M6 6l12 12"/&gt;\n
            &lt;/svg&gt;\n
&lt;/button&gt;\n
        &lt;/header&gt;\n
\n
        &lt;p&gt;Use ECRATS to manage applicant accounts and review complete submissions assigned to you.&lt;/p&gt;\n
        &lt;ol&gt;\n
                            &lt;li&gt;&lt;span&gt;1&lt;/span&gt;&lt;div&gt;&lt;strong&gt;Manage applicants&lt;/strong&gt;&lt;p&gt;Create student or faculty accounts and resend setup links when needed.&lt;/p&gt;&lt;/div&gt;&lt;/li&gt;\n
                            &lt;li&gt;&lt;span&gt;2&lt;/span&gt;&lt;div&gt;&lt;strong&gt;Review submissions&lt;/strong&gt;&lt;p&gt;Check required documents and research details before endorsement.&lt;/p&gt;&lt;/div&gt;&lt;/li&gt;\n
                            &lt;li&gt;&lt;span&gt;3&lt;/span&gt;&lt;div&gt;&lt;strong&gt;Return or endorse&lt;/strong&gt;&lt;p&gt;Return incomplete work with clear guidance or endorse a complete initial submission to RES.&lt;/p&gt;&lt;/div&gt;&lt;/li&gt;\n
                            &lt;li&gt;&lt;span&gt;4&lt;/span&gt;&lt;div&gt;&lt;strong&gt;Watch deadlines&lt;/strong&gt;&lt;p&gt;Use dashboard alerts and notifications to keep assigned applications moving.&lt;/p&gt;&lt;/div&gt;&lt;/li&gt;\n
                    &lt;/ol&gt;\n
        &lt;p class="dashboard-onboarding-support"&gt;For account or workflow help, contact the KLD Research Ethics Section through the institutional contact channels in the footer.&lt;/p&gt;\n
        &lt;footer&gt;&lt;button class="dashboard-primary-action" type="button" data-guide-finish&gt;Finish Guide&lt;/button&gt;&lt;/footer&gt;\n
    &lt;/div&gt;\n
&lt;/section&gt;\n
            &lt;/main&gt;\n
\n
            &lt;footer class="dashboard-footer"&gt;\n
    &lt;div class="dashboard-footer-grid"&gt;\n
        &lt;section&gt;\n
            &lt;h2&gt;About ECRATS&lt;/h2&gt;\n
            &lt;p&gt;The Ethics Certification Review Application and Tracking System supports controlled research ethics submission, review, monitoring, and certification for the KLD Research Ethics Section.&lt;/p&gt;\n
            &lt;div class="dashboard-footer-social" aria-label="KLD social media"&gt;\n
                &lt;a href="https://www.facebook.com/KLDOfficialFBPage" target="_blank" rel="noopener noreferrer" aria-label="KLD on Facebook"&gt;\n
                    &lt;svg class="dashboard-icon" width="18" height="18" viewBox="0 0 24 24" fill="none" stroke="currentColor" stroke-width="2" stroke-linecap="round" stroke-linejoin="round" aria-hidden="true"&gt;\n
                &lt;path d="M14 8h3V4h-3c-3 0-5 2-5 5v3H6v4h3v6h4v-6h3l1-4h-4V9c0-.7.3-1 1-1Z"/&gt;\n
            &lt;/svg&gt;\n
                &lt;/a&gt;\n
                &lt;a href="https://www.youtube.com/watch?v=WBcFvRVb2zE" target="_blank" rel="noopener noreferrer" aria-label="KLD on YouTube"&gt;\n
                    &lt;svg class="dashboard-icon" width="19" height="19" viewBox="0 0 24 24" fill="none" stroke="currentColor" stroke-width="2" stroke-linecap="round" stroke-linejoin="round" aria-hidden="true"&gt;\n
                &lt;path d="M21 8.2a2.8 2.8 0 0 0-2-2C17.3 5.7 12 5.7 12 5.7s-5.3 0-7 .5a2.8 2.8 0 0 0-2 2A29 29 0 0 0 2.5 12 29 29 0 0 0 3 15.8a2.8 2.8 0 0 0 2 2c1.7.5 7 .5 7 .5s5.3 0 7-.5a2.8 2.8 0 0 0 2-2 29 29 0 0 0 .5-3.8 29 29 0 0 0-.5-3.8Z"/&gt;&lt;path d="m10 15 5-3-5-3Z"/&gt;\n
            &lt;/svg&gt;\n
                &lt;/a&gt;\n
            &lt;/div&gt;\n
        &lt;/section&gt;\n
\n
        &lt;section&gt;\n
            &lt;h2&gt;Contact&lt;/h2&gt;\n
            &lt;ul class="dashboard-footer-contact"&gt;\n
                &lt;li&gt;&lt;svg class="dashboard-icon" width="16" height="16" viewBox="0 0 24 24" fill="none" stroke="currentColor" stroke-width="2" stroke-linecap="round" stroke-linejoin="round" aria-hidden="true"&gt;\n
                &lt;rect x="3" y="5" width="18" height="14" rx="2"/&gt;&lt;path d="m3 7 9 6 9-6"/&gt;\n
            &lt;/svg&gt;\n
&lt;a href="mailto:information@kld.edu.ph"&gt;information@kld.edu.ph&lt;/a&gt;&lt;/li&gt;\n
                &lt;li&gt;&lt;svg class="dashboard-icon" width="16" height="16" viewBox="0 0 24 24" fill="none" stroke="currentColor" stroke-width="2" stroke-linecap="round" stroke-linejoin="round" aria-hidden="true"&gt;\n
                &lt;path d="M20 10c0 5-8 11-8 11S4 15 4 10a8 8 0 1 1 16 0Z"/&gt;&lt;circle cx="12" cy="10" r="2.5"/&gt;\n
            &lt;/svg&gt;\n
&lt;a href="https://www.google.com/maps/search/?api=1&amp;query=Kolehiyo+ng+Lungsod+ng+Dasmarinas" target="_blank" rel="noopener noreferrer"&gt;Brgy. Burol Main, City of Dasmari&amp;ntilde;as, Cavite&lt;/a&gt;&lt;/li&gt;\n
                &lt;li&gt;&lt;svg class="dashboard-icon" width="16" height="16" viewBox="0 0 24 24" fill="none" stroke="currentColor" stroke-width="2" stroke-linecap="round" stroke-linejoin="round" aria-hidden="true"&gt;\n
                &lt;circle cx="12" cy="12" r="9"/&gt;&lt;path d="M12 7v5l3 2"/&gt;\n
            &lt;/svg&gt;\n
&lt;span&gt;Mon to Fri / 8am to 5pm&lt;/span&gt;&lt;/li&gt;\n
            &lt;/ul&gt;\n
        &lt;/section&gt;\n
\n
        &lt;section&gt;\n
            &lt;h2&gt;Quick Links&lt;/h2&gt;\n
            &lt;ul&gt;\n
                &lt;li&gt;&lt;a href="https://kld.edu.ph/index.php" target="_blank" rel="noopener noreferrer"&gt;Home&lt;/a&gt;&lt;/li&gt;\n
                &lt;li&gt;&lt;a href="https://kld.edu.ph/about.php" target="_blank" rel="noopener noreferrer"&gt;About&lt;/a&gt;&lt;/li&gt;\n
                &lt;li&gt;&lt;a href="https://kld.edu.ph/" target="_blank" rel="noopener noreferrer"&gt;News and Updates&lt;/a&gt;&lt;/li&gt;\n
                &lt;li&gt;&lt;a href="https://kld.edu.ph/data_privacy.php" target="_blank" rel="noopener noreferrer"&gt;Data Privacy&lt;/a&gt;&lt;/li&gt;\n
            &lt;/ul&gt;\n
        &lt;/section&gt;\n
\n
        &lt;section&gt;\n
            &lt;h2&gt;Helpful Links&lt;/h2&gt;\n
            &lt;ul&gt;\n
                &lt;li&gt;&lt;a href="https://kld.edu.ph/offices.php" target="_blank" rel="noopener noreferrer"&gt;KLD Offices&lt;/a&gt;&lt;/li&gt;\n
                &lt;li&gt;&lt;a href="https://kld.edu.ph/office_of_the_registrar.php" target="_blank" rel="noopener noreferrer"&gt;The Registrar&lt;/a&gt;&lt;/li&gt;\n
                &lt;li&gt;&lt;a href="https://kld.edu.ph/admissions.php" target="_blank" rel="noopener noreferrer"&gt;Admission Guide&lt;/a&gt;&lt;/li&gt;\n
                &lt;li&gt;&lt;a href="https://kld.edu.ph/reach_us.php" target="_blank" rel="noopener noreferrer"&gt;Reach Us&lt;/a&gt;&lt;/li&gt;\n
            &lt;/ul&gt;\n
        &lt;/section&gt;\n
    &lt;/div&gt;\n
\n
    &lt;p class="dashboard-footer-copyright"&gt;&amp;copy; 2026 ECRATS, KLD Research Ethics Section. All rights reserved.&lt;/p&gt;\n
&lt;/footer&gt;\n
        &lt;/div&gt;\n
    &lt;/div&gt;\n
&lt;/body&gt;\n
&lt;/html&gt;\n
' [ASCII](length: 24051) does not contain "Second Term Assigned Study" [ASCII](length: 26).
&#13;
C:\Users\User\Documents\GitHub\KLD-ECRATS\vendor\laravel\framework\src\Illuminate\Testing\TestResponseAssert.php:45
C:\Users\User\Documents\GitHub\KLD-ECRATS\vendor\laravel\framework\src\Illuminate\Testing\TestResponse.php:805
C:\Users\User\Documents\GitHub\KLD-ECRATS\tests\Feature\Dashboard\AdviserApplicationVisibilityTest.php:158</failure>
        </testcase>
      </testsuite>
      <testsuite name="Tests\Feature\Dashboard\AdviserEndorsementWorkflowTest" file="C:\Users\User\Documents\GitHub\KLD-ECRATS\tests\Feature\Dashboard\AdviserEndorsementWorkflowTest.php" tests="3" assertions="46" errors="0" failures="0" skipped="0" time="0.250866">
        <testcase name="test_assigned_adviser_can_endorse_a_complete_initial_submission_once" file="C:\Users\User\Documents\GitHub\KLD-ECRATS\tests\Feature\Dashboard\AdviserEndorsementWorkflowTest.php" line="27" class="Tests\Feature\Dashboard\AdviserEndorsementWorkflowTest" classname="Tests.Feature.Dashboard.AdviserEndorsementWorkflowTest" assertions="21" time="0.094527"/>
        <testcase name="test_assigned_adviser_can_return_with_required_reason_and_instructions" file="C:\Users\User\Documents\GitHub\KLD-ECRATS\tests\Feature\Dashboard\AdviserEndorsementWorkflowTest.php" line="92" class="Tests\Feature\Dashboard\AdviserEndorsementWorkflowTest" classname="Tests.Feature.Dashboard.AdviserEndorsementWorkflowTest" assertions="18" time="0.098577"/>
        <testcase name="test_unassigned_incomplete_later_cycle_and_closed_period_decisions_are_blocked" file="C:\Users\User\Documents\GitHub\KLD-ECRATS\tests\Feature\Dashboard\AdviserEndorsementWorkflowTest.php" line="140" class="Tests\Feature\Dashboard\AdviserEndorsementWorkflowTest" classname="Tests.Feature.Dashboard.AdviserEndorsementWorkflowTest" assertions="7" time="0.057762"/>
      </testsuite>
[...]
                        &lt;div class="settings-field"&gt;&lt;label for="settings_email"&gt;New Email Address&lt;/label&gt;&lt;input id="settings_email" name="email" type="email" value="wilfredo80@example.net" maxlength="255" autocomplete="email" required&gt;&lt;/div&gt;\n
                        &lt;div class="settings-field"&gt;&lt;label for="settings_email_current_password"&gt;Current Password&lt;/label&gt;&lt;input id="settings_email_current_password" name="current_password" type="password" maxlength="128" autocomplete="current-password" required&gt;&lt;/div&gt;\n
                        &lt;button class="dashboard-outline-action" type="submit"&gt;&lt;svg class="dashboard-icon" width="17" height="17" viewBox="0 0 24 24" fill="none" stroke="currentColor" stroke-width="2" stroke-linecap="round" stroke-linejoin="round" aria-hidden="true"&gt;\n
                &lt;rect x="3" y="5" width="18" height="14" rx="2"/&gt;&lt;path d="m3 7 9 6 9-6"/&gt;\n
            &lt;/svg&gt;\n
&lt;span&gt;Update Email&lt;/span&gt;&lt;/button&gt;\n
                    &lt;/form&gt;\n
\n
                    &lt;form class="settings-account-form settings-password-form" method="POST" action="http://192.168.100.12:8000/adviser/reviewer/settings/password" data-settings-password-form data-settings-confirm data-confirm-title="Confirm Password Change" data-confirm-message="Change the password for your Reviewer account?" data-confirm-action="Change Password"&gt;\n
                        &lt;input type="hidden" name="_token" value="Ha4puxLZP97MwSTheQsDErSER7TDBu0y8DZRGBmy" autocomplete="off"&gt;                        &lt;input type="hidden" name="_method" value="PATCH"&gt;                        &lt;input type="hidden" name="settings_tab" value="security"&gt;\n
                        &lt;div&gt;&lt;h3&gt;Change Password&lt;/h3&gt;&lt;p&gt;Confirm your current password before choosing a new password.&lt;/p&gt;&lt;/div&gt;\n
                        &lt;div class="settings-password-fields"&gt;\n
                                                            &lt;div class="settings-field"&gt;\n
                                    &lt;label for="settings_current_password"&gt;Current Password&lt;/label&gt;\n
                                    &lt;div class="password-input-wrapper"&gt;\n
                                        &lt;input id="settings_current_password" name="current_password" type="password" maxlength="64" autocomplete="current-password" aria-invalid="false" aria-describedby="settings-current-password-error" required&gt;\n
                                        &lt;button type="button" class="password-toggle" aria-label="Show password" aria-controls="settings_current_password" aria-pressed="false" title="Show password" data-password-toggle hidden&gt;\n
                                            &lt;svg class="password-toggle-icon" aria-hidden="true" focusable="false" viewBox="0 0 24 24"&gt;&lt;path d="M2.1 12s3.6-7 9.9-7 9.9 7 9.9 7-3.6 7-9.9 7-9.9-7-9.9-7Z"/&gt;&lt;circle cx="12" cy="12" r="3"/&gt;&lt;path class="password-toggle-slash" d="m3 3 18 18"/&gt;&lt;/svg&gt;\n
                                        &lt;/button&gt;\n
                                    &lt;/div&gt;\n
                                    &lt;span class="settings-field-error" id="settings-current-password-error" data-settings-error-for="current_password"&gt;&lt;/span&gt;\n
                                &lt;/div&gt;\n
                                                            &lt;div class="settings-field"&gt;\n
                                    &lt;label for="settings_password"&gt;New Password&lt;/label&gt;\n
                                    &lt;div class="password-input-wrapper"&gt;\n
                                        &lt;input id="settings_password" name="password" type="password" maxlength="64" autocomplete="new-password" aria-invalid="false" aria-describedby="settings-password-error" required&gt;\n
                                        &lt;button type="button" class="password-toggle" aria-label="Show password" aria-controls="settings_password" aria-pressed="false" title="Show password" data-password-toggle hidden&gt;\n
                                            &lt;svg class="password-toggle-icon" aria-hidden="true" focusable="false" viewBox="0 0 24 24"&gt;&lt;path d="M2.1 12s3.6-7 9.9-7 9.9 7 9.9 7-3.6 7-9.9 7-9.9-7-9.9-7Z"/&gt;&lt;circle cx="12" cy="12" r="3"/&gt;&lt;path class="password-toggle-slash" d="m3 3 18 18"/&gt;&lt;/svg&gt;\n
                                        &lt;/button&gt;\n
                                    &lt;/div&gt;\n
                                    &lt;span class="settings-field-error" id="settings-password-error" data-settings-error-for="password"&gt;&lt;/span&gt;\n
                                &lt;/div&gt;\n
                                                            &lt;div class="settings-field"&gt;\n
                                    &lt;label for="settings_password_confirmation"&gt;Confirm New Password&lt;/label&gt;\n
                                    &lt;div class="password-input-wrapper"&gt;\n
                                        &lt;input id="settings_password_confirmation" name="password_confirmation" type="password" maxlength="64" autocomplete="new-password" aria-invalid="false" aria-describedby="settings-password-confirmation-error" required&gt;\n
                                        &lt;button type="button" class="password-toggle" aria-label="Show password" aria-controls="settings_password_confirmation" aria-pressed="false" title="Show password" data-password-toggle hidden&gt;\n
                                            &lt;svg class="password-toggle-icon" aria-hidden="true" focusable="false" viewBox="0 0 24 24"&gt;&lt;path d="M2.1 12s3.6-7 9.9-7 9.9 7 9.9 7-3.6 7-9.9 7-9.9-7-9.9-7Z"/&gt;&lt;circle cx="12" cy="12" r="3"/&gt;&lt;path class="password-toggle-slash" d="m3 3 18 18"/&gt;&lt;/svg&gt;\n
                                        &lt;/button&gt;\n
                                    &lt;/div&gt;\n
                                    &lt;span class="settings-field-error" id="settings-password-confirmation-error" data-settings-error-for="password_confirmation"&gt;&lt;/span&gt;\n
                                &lt;/div&gt;\n
                                                    &lt;/div&gt;\n
                        &lt;div class="settings-inline-status" role="status" aria-live="polite" data-settings-password-status&gt;&lt;/div&gt;\n
                        &lt;button class="dashboard-outline-action" type="submit"&gt;&lt;svg class="dashboard-icon" width="17" height="17" viewBox="0 0 24 24" fill="none" stroke="currentColor" stroke-width="2" stroke-linecap="round" stroke-linejoin="round" aria-hidden="true"&gt;\n
                &lt;rect x="5" y="10" width="14" height="11" rx="2"/&gt;&lt;path d="M8 10V7a4 4 0 0 1 8 0v3"/&gt;\n
            &lt;/svg&gt;\n
&lt;span&gt;Change Password&lt;/span&gt;&lt;/button&gt;\n
                    &lt;/form&gt;\n
                &lt;/div&gt;\n
            &lt;/section&gt;\n
        &lt;/section&gt;\n
\n
        &lt;section class="application-modal-backdrop" data-settings-confirm-dialog hidden&gt;\n
            &lt;div class="application-modal settings-confirmation-modal" role="dialog" aria-modal="true" aria-labelledby="settings-confirm-title" tabindex="-1"&gt;\n
                &lt;button class="application-modal-close" type="button" aria-label="Cancel account change" data-settings-confirm-close&gt;&lt;svg class="dashboard-icon" width="20" height="20" viewBox="0 0 24 24" fill="none" stroke="currentColor" stroke-width="2" stroke-linecap="round" stroke-linejoin="round" aria-hidden="true"&gt;\n
                &lt;path d="M18 6 6 18M6 6l12 12"/&gt;\n
            &lt;/svg&gt;\n
&lt;/button&gt;\n
                &lt;header class="application-modal-heading"&gt;\n
                    &lt;span class="application-modal-icon"&gt;&lt;svg class="dashboard-icon" width="24" height="24" viewBox="0 0 24 24" fill="none" stroke="currentColor" stroke-width="2" stroke-linecap="round" stroke-linejoin="round" aria-hidden="true"&gt;\n
                &lt;rect x="5" y="10" width="14" height="11" rx="2"/&gt;&lt;path d="M8 10V7a4 4 0 0 1 8 0v3"/&gt;\n
            &lt;/svg&gt;\n
&lt;/span&gt;\n
                    &lt;div&gt;&lt;h2 id="settings-confirm-title" data-settings-confirm-title&gt;Confirm Account Change&lt;/h2&gt;&lt;p data-settings-confirm-message&gt;Confirm this security change.&lt;/p&gt;&lt;/div&gt;\n
                &lt;/header&gt;\n
                &lt;div class="application-modal-actions"&gt;\n
                    &lt;button class="dashboard-outline-action" type="button" data-settings-confirm-close&gt;Cancel&lt;/button&gt;\n
                    &lt;button class="dashboard-primary-action" type="button" data-settings-confirm-submit&gt;Confirm&lt;/button&gt;\n
                &lt;/div&gt;\n
            &lt;/div&gt;\n
        &lt;/section&gt;\n
    &lt;/div&gt;\n
\n
                &lt;section\n
    class="dashboard-onboarding"\n
    data-onboarding-guide\n
    data-requires-completion="false"\n
    data-complete-url="http://192.168.100.12:8000/onboarding/complete"\n
    hidden\n
&gt;\n
    &lt;div class="dashboard-onboarding-dialog" role="dialog" aria-modal="true" aria-labelledby="onboarding-title" tabindex="-1"&gt;\n
        &lt;header&gt;\n
            &lt;span class="dashboard-onboarding-icon"&gt;&lt;svg class="dashboard-icon" width="24" height="24" viewBox="0 0 24 24" fill="none" stroke="currentColor" stroke-width="2" stroke-linecap="round" stroke-linejoin="round" aria-hidden="true"&gt;\n
                &lt;rect x="5" y="4" width="14" height="18" rx="2"/&gt;&lt;path d="M9 4V2h6v2M9 12h6M9 16h6M9 8h2"/&gt;\n
            &lt;/svg&gt;\n
&lt;/span&gt;\n
            &lt;div&gt;\n
                &lt;span&gt;Getting Started&lt;/span&gt;\n
                &lt;h2 id="onboarding-title"&gt;Research Adviser Guide&lt;/h2&gt;\n
            &lt;/div&gt;\n
            &lt;button type="button" aria-label="Close guide" data-guide-close&gt;&lt;svg class="dashboard-icon" width="20" height="20" viewBox="0 0 24 24" fill="none" stroke="currentColor" stroke-width="2" stroke-linecap="round" stroke-linejoin="round" aria-hidden="true"&gt;\n
                &lt;path d="M18 6 6 18M6 6l12 12"/&gt;\n
            &lt;/svg&gt;\n
&lt;/button&gt;\n
        &lt;/header&gt;\n
\n
        &lt;p&gt;Use ECRATS to manage applicant accounts and review complete submissions assigned to you.&lt;/p&gt;\n
        &lt;ol&gt;\n
                            &lt;li&gt;&lt;span&gt;1&lt;/span&gt;&lt;div&gt;&lt;strong&gt;Manage applicants&lt;/strong&gt;&lt;p&gt;Create student or faculty accounts and resend setup links when needed.&lt;/p&gt;&lt;/div&gt;&lt;/li&gt;\n
                            &lt;li&gt;&lt;span&gt;2&lt;/span&gt;&lt;div&gt;&lt;strong&gt;Review submissions&lt;/strong&gt;&lt;p&gt;Check required documents and research details before endorsement.&lt;/p&gt;&lt;/div&gt;&lt;/li&gt;\n
                            &lt;li&gt;&lt;span&gt;3&lt;/span&gt;&lt;div&gt;&lt;strong&gt;Return or endorse&lt;/strong&gt;&lt;p&gt;Return incomplete work with clear guidance or endorse a complete initial submission to RES.&lt;/p&gt;&lt;/div&gt;&lt;/li&gt;\n
                            &lt;li&gt;&lt;span&gt;4&lt;/span&gt;&lt;div&gt;&lt;strong&gt;Watch deadlines&lt;/strong&gt;&lt;p&gt;Use dashboard alerts and notifications to keep assigned applications moving.&lt;/p&gt;&lt;/div&gt;&lt;/li&gt;\n
                    &lt;/ol&gt;\n
        &lt;p class="dashboard-onboarding-support"&gt;For account or workflow help, contact the KLD Research Ethics Section through the institutional contact channels in the footer.&lt;/p&gt;\n
        &lt;footer&gt;&lt;button class="dashboard-primary-action" type="button" data-guide-finish&gt;Finish Guide&lt;/button&gt;&lt;/footer&gt;\n
    &lt;/div&gt;\n
&lt;/section&gt;\n
            &lt;/main&gt;\n
\n
            &lt;footer class="dashboard-footer"&gt;\n
    &lt;div class="dashboard-footer-grid"&gt;\n
        &lt;section&gt;\n
            &lt;h2&gt;About ECRATS&lt;/h2&gt;\n
            &lt;p&gt;The Ethics Certification Review Application and Tracking System supports controlled research ethics submission, review, monitoring, and certification for the KLD Research Ethics Section.&lt;/p&gt;\n
            &lt;div class="dashboard-footer-social" aria-label="KLD social media"&gt;\n
                &lt;a href="https://www.facebook.com/KLDOfficialFBPage" target="_blank" rel="noopener noreferrer" aria-label="KLD on Facebook"&gt;\n
                    &lt;svg class="dashboard-icon" width="18" height="18" viewBox="0 0 24 24" fill="none" stroke="currentColor" stroke-width="2" stroke-linecap="round" stroke-linejoin="round" aria-hidden="true"&gt;\n
                &lt;path d="M14 8h3V4h-3c-3 0-5 2-5 5v3H6v4h3v6h4v-6h3l1-4h-4V9c0-.7.3-1 1-1Z"/&gt;\n
            &lt;/svg&gt;\n
                &lt;/a&gt;\n
                &lt;a href="https://www.youtube.com/watch?v=WBcFvRVb2zE" target="_blank" rel="noopener noreferrer" aria-label="KLD on YouTube"&gt;\n
                    &lt;svg class="dashboard-icon" width="19" height="19" viewBox="0 0 24 24" fill="none" stroke="currentColor" stroke-width="2" stroke-linecap="round" stroke-linejoin="round" aria-hidden="true"&gt;\n
                &lt;path d="M21 8.2a2.8 2.8 0 0 0-2-2C17.3 5.7 12 5.7 12 5.7s-5.3 0-7 .5a2.8 2.8 0 0 0-2 2A29 29 0 0 0 2.5 12 29 29 0 0 0 3 15.8a2.8 2.8 0 0 0 2 2c1.7.5 7 .5 7 .5s5.3 0 7-.5a2.8 2.8 0 0 0 2-2 29 29 0 0 0 .5-3.8 29 29 0 0 0-.5-3.8Z"/&gt;&lt;path d="m10 15 5-3-5-3Z"/&gt;\n
            &lt;/svg&gt;\n
                &lt;/a&gt;\n
            &lt;/div&gt;\n
        &lt;/section&gt;\n
\n
        &lt;section&gt;\n
            &lt;h2&gt;Contact&lt;/h2&gt;\n
            &lt;ul class="dashboard-footer-contact"&gt;\n
                &lt;li&gt;&lt;svg class="dashboard-icon" width="16" height="16" viewBox="0 0 24 24" fill="none" stroke="currentColor" stroke-width="2" stroke-linecap="round" stroke-linejoin="round" aria-hidden="true"&gt;\n
                &lt;rect x="3" y="5" width="18" height="14" rx="2"/&gt;&lt;path d="m3 7 9 6 9-6"/&gt;\n
            &lt;/svg&gt;\n
&lt;a href="mailto:information@kld.edu.ph"&gt;information@kld.edu.ph&lt;/a&gt;&lt;/li&gt;\n
                &lt;li&gt;&lt;svg class="dashboard-icon" width="16" height="16" viewBox="0 0 24 24" fill="none" stroke="currentColor" stroke-width="2" stroke-linecap="round" stroke-linejoin="round" aria-hidden="true"&gt;\n
                &lt;path d="M20 10c0 5-8 11-8 11S4 15 4 10a8 8 0 1 1 16 0Z"/&gt;&lt;circle cx="12" cy="10" r="2.5"/&gt;\n
            &lt;/svg&gt;\n
&lt;a href="https://www.google.com/maps/search/?api=1&amp;query=Kolehiyo+ng+Lungsod+ng+Dasmarinas" target="_blank" rel="noopener noreferrer"&gt;Brgy. Burol Main, City of Dasmari&amp;ntilde;as, Cavite&lt;/a&gt;&lt;/li&gt;\n
                &lt;li&gt;&lt;svg class="dashboard-icon" width="16" height="16" viewBox="0 0 24 24" fill="none" stroke="currentColor" stroke-width="2" stroke-linecap="round" stroke-linejoin="round" aria-hidden="true"&gt;\n
                &lt;circle cx="12" cy="12" r="9"/&gt;&lt;path d="M12 7v5l3 2"/&gt;\n
            &lt;/svg&gt;\n
&lt;span&gt;Mon to Fri / 8am to 5pm&lt;/span&gt;&lt;/li&gt;\n
            &lt;/ul&gt;\n
        &lt;/section&gt;\n
\n
        &lt;section&gt;\n
            &lt;h2&gt;Quick Links&lt;/h2&gt;\n
            &lt;ul&gt;\n
                &lt;li&gt;&lt;a href="https://kld.edu.ph/index.php" target="_blank" rel="noopener noreferrer"&gt;Home&lt;/a&gt;&lt;/li&gt;\n
                &lt;li&gt;&lt;a href="https://kld.edu.ph/about.php" target="_blank" rel="noopener noreferrer"&gt;About&lt;/a&gt;&lt;/li&gt;\n
                &lt;li&gt;&lt;a href="https://kld.edu.ph/" target="_blank" rel="noopener noreferrer"&gt;News and Updates&lt;/a&gt;&lt;/li&gt;\n
                &lt;li&gt;&lt;a href="https://kld.edu.ph/data_privacy.php" target="_blank" rel="noopener noreferrer"&gt;Data Privacy&lt;/a&gt;&lt;/li&gt;\n
            &lt;/ul&gt;\n
        &lt;/section&gt;\n
\n
        &lt;section&gt;\n
            &lt;h2&gt;Helpful Links&lt;/h2&gt;\n
            &lt;ul&gt;\n
                &lt;li&gt;&lt;a href="https://kld.edu.ph/offices.php" target="_blank" rel="noopener noreferrer"&gt;KLD Offices&lt;/a&gt;&lt;/li&gt;\n
                &lt;li&gt;&lt;a href="https://kld.edu.ph/office_of_the_registrar.php" target="_blank" rel="noopener noreferrer"&gt;The Registrar&lt;/a&gt;&lt;/li&gt;\n
                &lt;li&gt;&lt;a href="https://kld.edu.ph/admissions.php" target="_blank" rel="noopener noreferrer"&gt;Admission Guide&lt;/a&gt;&lt;/li&gt;\n
                &lt;li&gt;&lt;a href="https://kld.edu.ph/reach_us.php" target="_blank" rel="noopener noreferrer"&gt;Reach Us&lt;/a&gt;&lt;/li&gt;\n
            &lt;/ul&gt;\n
        &lt;/section&gt;\n
    &lt;/div&gt;\n
\n
    &lt;p class="dashboard-footer-copyright"&gt;&amp;copy; 2026 ECRATS, KLD Research Ethics Section. All rights reserved.&lt;/p&gt;\n
&lt;/footer&gt;\n
        &lt;/div&gt;\n
    &lt;/div&gt;\n
&lt;/body&gt;\n
&lt;/html&gt;\n
' [ASCII](length: 38856) contains "Reviewer Classification" [ASCII](length: 23).
&#13;
C:\Users\User\Documents\GitHub\KLD-ECRATS\vendor\laravel\framework\src\Illuminate\Testing\TestResponseAssert.php:45
C:\Users\User\Documents\GitHub\KLD-ECRATS\vendor\laravel\framework\src\Illuminate\Testing\TestResponse.php:713
C:\Users\User\Documents\GitHub\KLD-ECRATS\tests\Feature\Settings\ReviewerSettingsTest.php:27</failure>
        </testcase>
        <testcase name="test_reviewer_can_update_own_username_and_password" file="C:\Users\User\Documents\GitHub\KLD-ECRATS\tests\Feature\Settings\ReviewerSettingsTest.php" line="40" class="Tests\Feature\Settings\ReviewerSettingsTest" classname="Tests.Feature.Settings.ReviewerSettingsTest" assertions="8" time="0.067584"/>
      </testsuite>
      <testsuite name="Tests\Feature\Settings\RoleAccountSettingsTest" file="C:\Users\User\Documents\GitHub\KLD-ECRATS\tests\Feature\Settings\RoleAccountSettingsTest.php" tests="5" assertions="45" errors="0" failures="0" skipped="0" time="0.398629">
        <testcase name="test_applicant_can_edit_only_permitted_profile_fields_and_view_real_profile_data" file="C:\Users\User\Documents\GitHub\KLD-ECRATS\tests\Feature\Settings\RoleAccountSettingsTest.php" line="21" class="Tests\Feature\Settings\RoleAccountSettingsTest" classname="Tests.Feature.Settings.RoleAccountSettingsTest" assertions="15" time="0.118664"/>
        <testcase name="test_adviser_settings_store_expected_endorsements_but_keep_reviewer_fields_read_only" file="C:\Users\User\Documents\GitHub\KLD-ECRATS\tests\Feature\Settings\RoleAccountSettingsTest.php" line="75" class="Tests\Feature\Settings\RoleAccountSettingsTest" classname="Tests.Feature.Settings.RoleAccountSettingsTest" assertions="9" time="0.091949"/>
        <testcase name="test_email_and_password_changes_require_current_password_and_are_audited" file="C:\Users\User\Documents\GitHub\KLD-ECRATS\tests\Feature\Settings\RoleAccountSettingsTest.php" line="112" class="Tests\Feature\Settings\RoleAccountSettingsTest" classname="Tests.Feature.Settings.RoleAccountSettingsTest" assertions="12" time="0.074124"/>
        <testcase name="test_database_backed_password_change_revokes_only_other_sessions" file="C:\Users\User\Documents\GitHub\KLD-ECRATS\tests\Feature\Settings\RoleAccountSettingsTest.php" line="150" class="Tests\Feature\Settings\RoleAccountSettingsTest" classname="Tests.Feature.Settings.RoleAccountSettingsTest" assertions="3" time="0.038337"/>
        <testcase name="test_security_changes_have_a_dedicated_rate_limit" file="C:\Users\User\Documents\GitHub\KLD-ECRATS\tests\Feature\Settings\RoleAccountSettingsTest.php" line="172" class="Tests\Feature\Settings\RoleAccountSettingsTest" classname="Tests.Feature.Settings.RoleAccountSettingsTest" assertions="6" time="0.075555"/>
      </testsuite>
    </testsuite>
  </testsuite>
</testsuites>
