<?xml version="1.0" encoding="UTF-8"?>
<testsuites>
  <testsuite name="Tests\Feature\Dashboard\ApplicationSubmissionTest" file="C:\Users\User\Documents\GitHub\KLD-ECRATS\tests\Feature\Dashboard\ApplicationSubmissionTest.php" tests="1" assertions="2" errors="1" failures="0" skipped="0" time="1.117171">
    <testcase name="test_all_active_requirements_complete_submits_once_and_records_audit" file="C:\Users\User\Documents\GitHub\KLD-ECRATS\tests\Feature\Dashboard\ApplicationSubmissionTest.php" line="83" class="Tests\Feature\Dashboard\ApplicationSubmissionTest" classname="Tests.Feature.Dashboard.ApplicationSubmissionTest" assertions="2" time="1.117171">
      <error type="Error">Tests\Feature\Dashboard\ApplicationSubmissionTest::test_all_active_requirements_complete_submits_once_and_records_audit&#13;
Error: Call to a member function all() on array
&#13;
C:\Users\User\Documents\GitHub\KLD-ECRATS\vendor\laravel\framework\src\Illuminate\Testing\TestResponseAssert.php:81
C:\Users\User\Documents\GitHub\KLD-ECRATS\vendor\laravel\framework\src\Illuminate\Testing\TestResponseAssert.php:47
C:\Users\User\Documents\GitHub\KLD-ECRATS\vendor\laravel\framework\src\Illuminate\Testing\TestResponse.php:433
C:\Users\User\Documents\GitHub\KLD-ECRATS\vendor\laravel\framework\src\Illuminate\Testing\TestResponse.php:207
C:\Users\User\Documents\GitHub\KLD-ECRATS\tests\Feature\Dashboard\ApplicationSubmissionTest.php:107</error>
    </testcase>
  </testsuite>
</testsuites>
